<?xml version="1.0" encoding="UTF-8"?>
<testsuite xmlns:xsi="http://www.w3.org/2001/XMLSchema-instance" xsi:noNamespaceSchemaLocation="https://maven.apache.org/surefire/maven-surefire-plugin/xsd/surefire-test-report-3.0.xsd" version="3.0" name="com.cdr.backend.KafkaMessageTest" time="14.464" tests="1" errors="0" skipped="0" failures="0">
  <properties>
    <property name="jdk.tls.rejectClientInitiatedRenegotiation" value="true"/>
    <property name="java.specification.version" value="17"/>
    <property name="sun.cpu.isalist" value="amd64"/>
    <property name="sun.jnu.encoding" value="Cp1256"/>
    <property name="java.class.path" value="C:\Mahmoud\Hammmmmm\Projects\cdr-platform\ms-backend\target\test-classes;C:\Mahmoud\Hammmmmm\Projects\cdr-platform\ms-backend\target\classes;C:\Users\melba\.m2\repository\org\springframework\boot\spring-boot-starter-web\3.2.3\spring-boot-starter-web-3.2.3.jar;C:\Users\melba\.m2\repository\org\springframework\boot\spring-boot-starter\3.2.3\spring-boot-starter-3.2.3.jar;C:\Users\melba\.m2\repository\org\springframework\boot\spring-boot\3.2.3\spring-boot-3.2.3.jar;C:\Users\melba\.m2\repository\org\springframework\boot\spring-boot-autoconfigure\3.2.3\spring-boot-autoconfigure-3.2.3.jar;C:\Users\melba\.m2\repository\org\springframework\boot\spring-boot-starter-logging\3.2.3\spring-boot-starter-logging-3.2.3.jar;C:\Users\melba\.m2\repository\org\apache\logging\log4j\log4j-to-slf4j\2.21.1\log4j-to-slf4j-2.21.1.jar;C:\Users\melba\.m2\repository\org\apache\logging\log4j\log4j-api\2.21.1\log4j-api-2.21.1.jar;C:\Users\melba\.m2\repository\org\slf4j\jul-to-slf4j\2.0.12\jul-to-slf4j-2.0.12.jar;C:\Users\melba\.m2\repository\jakarta\annotation\jakarta.annotation-api\2.1.1\jakarta.annotation-api-2.1.1.jar;C:\Users\melba\.m2\repository\org\yaml\snakeyaml\2.2\snakeyaml-2.2.jar;C:\Users\melba\.m2\repository\org\springframework\boot\spring-boot-starter-json\3.2.3\spring-boot-starter-json-3.2.3.jar;C:\Users\melba\.m2\repository\com\fasterxml\jackson\core\jackson-databind\2.15.4\jackson-databind-2.15.4.jar;C:\Users\melba\.m2\repository\com\fasterxml\jackson\core\jackson-core\2.15.4\jackson-core-2.15.4.jar;C:\Users\melba\.m2\repository\com\fasterxml\jackson\datatype\jackson-datatype-jdk8\2.15.4\jackson-datatype-jdk8-2.15.4.jar;C:\Users\melba\.m2\repository\com\fasterxml\jackson\datatype\jackson-datatype-jsr310\2.15.4\jackson-datatype-jsr310-2.15.4.jar;C:\Users\melba\.m2\repository\com\fasterxml\jackson\module\jackson-module-parameter-names\2.15.4\jackson-module-parameter-names-2.15.4.jar;C:\Users\melba\.m2\repository\org\springframework\boot\spring-boot-starter-tomcat\3.2.3\spring-boot-starter-tomcat-3.2.3.jar;C:\Users\melba\.m2\repository\org\apache\tomcat\embed\tomcat-embed-core\10.1.19\tomcat-embed-core-10.1.19.jar;C:\Users\melba\.m2\repository\org\apache\tomcat\embed\tomcat-embed-websocket\10.1.19\tomcat-embed-websocket-10.1.19.jar;C:\Users\melba\.m2\repository\org\springframework\spring-web\6.1.4\spring-web-6.1.4.jar;C:\Users\melba\.m2\repository\org\springframework\spring-beans\6.1.4\spring-beans-6.1.4.jar;C:\Users\melba\.m2\repository\org\springframework\spring-webmvc\6.1.4\spring-webmvc-6.1.4.jar;C:\Users\melba\.m2\repository\org\springframework\spring-expression\6.1.4\spring-expression-6.1.4.jar;C:\Users\melba\.m2\repository\org\springframework\boot\spring-boot-starter-data-jpa\3.2.3\spring-boot-starter-data-jpa-3.2.3.jar;C:\Users\melba\.m2\repository\org\springframework\boot\spring-boot-starter-aop\3.2.3\spring-boot-starter-aop-3.2.3.jar;C:\Users\melba\.m2\repository\org\aspectj\aspectjweaver\1.9.21\aspectjweaver-1.9.21.jar;C:\Users\melba\.m2\repository\org\springframework\boot\spring-boot-starter-jdbc\3.2.3\spring-boot-starter-jdbc-3.2.3.jar;C:\Users\melba\.m2\repository\com\zaxxer\HikariCP\5.0.1\HikariCP-5.0.1.jar;C:\Users\melba\.m2\repository\org\springframework\spring-jdbc\6.1.4\spring-jdbc-6.1.4.jar;C:\Users\melba\.m2\repository\org\hibernate\orm\hibernate-core\6.4.4.Final\hibernate-core-6.4.4.Final.jar;C:\Users\melba\.m2\repository\jakarta\persistence\jakarta.persistence-api\3.1.0\jakarta.persistence-api-3.1.0.jar;C:\Users\melba\.m2\repository\jakarta\transaction\jakarta.transaction-api\2.0.1\jakarta.transaction-api-2.0.1.jar;C:\Users\melba\.m2\repository\org\jboss\logging\jboss-logging\3.5.3.Final\jboss-logging-3.5.3.Final.jar;C:\Users\melba\.m2\repository\org\hibernate\common\hibernate-commons-annotations\6.0.6.Final\hibernate-commons-annotations-6.0.6.Final.jar;C:\Users\melba\.m2\repository\io\smallrye\jandex\3.1.2\jandex-3.1.2.jar;C:\Users\melba\.m2\repository\com\fasterxml\classmate\1.6.0\classmate-1.6.0.jar;C:\Users\melba\.m2\repository\net\bytebuddy\byte-buddy\1.14.12\byte-buddy-1.14.12.jar;C:\Users\melba\.m2\repository\org\glassfish\jaxb\jaxb-runtime\4.0.4\jaxb-runtime-4.0.4.jar;C:\Users\melba\.m2\repository\org\glassfish\jaxb\jaxb-core\4.0.4\jaxb-core-4.0.4.jar;C:\Users\melba\.m2\repository\org\eclipse\angus\angus-activation\2.0.1\angus-activation-2.0.1.jar;C:\Users\melba\.m2\repository\org\glassfish\jaxb\txw2\4.0.4\txw2-4.0.4.jar;C:\Users\melba\.m2\repository\com\sun\istack\istack-commons-runtime\4.1.2\istack-commons-runtime-4.1.2.jar;C:\Users\melba\.m2\repository\jakarta\inject\jakarta.inject-api\2.0.1\jakarta.inject-api-2.0.1.jar;C:\Users\melba\.m2\repository\org\antlr\antlr4-runtime\4.13.0\antlr4-runtime-4.13.0.jar;C:\Users\melba\.m2\repository\org\springframework\data\spring-data-jpa\3.2.3\spring-data-jpa-3.2.3.jar;C:\Users\melba\.m2\repository\org\springframework\data\spring-data-commons\3.2.3\spring-data-commons-3.2.3.jar;C:\Users\melba\.m2\repository\org\springframework\spring-orm\6.1.4\spring-orm-6.1.4.jar;C:\Users\melba\.m2\repository\org\springframework\spring-aspects\6.1.4\spring-aspects-6.1.4.jar;C:\Users\melba\.m2\repository\org\springframework\boot\spring-boot-starter-security\3.2.3\spring-boot-starter-security-3.2.3.jar;C:\Users\melba\.m2\repository\org\springframework\spring-aop\6.1.4\spring-aop-6.1.4.jar;C:\Users\melba\.m2\repository\org\springframework\security\spring-security-config\6.2.2\spring-security-config-6.2.2.jar;C:\Users\melba\.m2\repository\org\springframework\security\spring-security-web\6.2.2\spring-security-web-6.2.2.jar;C:\Users\melba\.m2\repository\org\springframework\boot\spring-boot-starter-validation\3.2.3\spring-boot-starter-validation-3.2.3.jar;C:\Users\melba\.m2\repository\org\apache\tomcat\embed\tomcat-embed-el\10.1.19\tomcat-embed-el-10.1.19.jar;C:\Users\melba\.m2\repository\org\hibernate\validator\hibernate-validator\8.0.1.Final\hibernate-validator-8.0.1.Final.jar;C:\Users\melba\.m2\repository\jakarta\validation\jakarta.validation-api\3.0.2\jakarta.validation-api-3.0.2.jar;C:\Users\melba\.m2\repository\org\springframework\kafka\spring-kafka\3.1.2\spring-kafka-3.1.2.jar;C:\Users\melba\.m2\repository\org\springframework\spring-context\6.1.4\spring-context-6.1.4.jar;C:\Users\melba\.m2\repository\org\springframework\spring-messaging\6.1.4\spring-messaging-6.1.4.jar;C:\Users\melba\.m2\repository\org\springframework\spring-tx\6.1.4\spring-tx-6.1.4.jar;C:\Users\melba\.m2\repository\org\springframework\retry\spring-retry\2.0.5\spring-retry-2.0.5.jar;C:\Users\melba\.m2\repository\org\apache\kafka\kafka-clients\3.6.1\kafka-clients-3.6.1.jar;C:\Users\melba\.m2\repository\com\github\luben\zstd-jni\1.5.5-1\zstd-jni-1.5.5-1.jar;C:\Users\melba\.m2\repository\org\lz4\lz4-java\1.8.0\lz4-java-1.8.0.jar;C:\Users\melba\.m2\repository\org\xerial\snappy\snappy-java\1.1.10.5\snappy-java-1.1.10.5.jar;C:\Users\melba\.m2\repository\io\micrometer\micrometer-observation\1.12.3\micrometer-observation-1.12.3.jar;C:\Users\melba\.m2\repository\io\micrometer\micrometer-commons\1.12.3\micrometer-commons-1.12.3.jar;C:\Users\melba\.m2\repository\com\google\code\findbugs\jsr305\3.0.2\jsr305-3.0.2.jar;C:\Users\melba\.m2\repository\org\springframework\boot\spring-boot-starter-actuator\3.2.3\spring-boot-starter-actuator-3.2.3.jar;C:\Users\melba\.m2\repository\org\springframework\boot\spring-boot-actuator-autoconfigure\3.2.3\spring-boot-actuator-autoconfigure-3.2.3.jar;C:\Users\melba\.m2\repository\org\springframework\boot\spring-boot-actuator\3.2.3\spring-boot-actuator-3.2.3.jar;C:\Users\melba\.m2\repository\io\micrometer\micrometer-jakarta9\1.12.3\micrometer-jakarta9-1.12.3.jar;C:\Users\melba\.m2\repository\io\micrometer\micrometer-core\1.12.3\micrometer-core-1.12.3.jar;C:\Users\melba\.m2\repository\org\hdrhistogram\HdrHistogram\2.1.12\HdrHistogram-2.1.12.jar;C:\Users\melba\.m2\repository\org\latencyutils\LatencyUtils\2.0.3\LatencyUtils-2.0.3.jar;C:\Users\melba\.m2\repository\org\springframework\boot\spring-boot-starter-oauth2-resource-server\3.2.3\spring-boot-starter-oauth2-resource-server-3.2.3.jar;C:\Users\melba\.m2\repository\org\springframework\security\spring-security-core\6.2.2\spring-security-core-6.2.2.jar;C:\Users\melba\.m2\repository\org\springframework\security\spring-security-crypto\6.2.2\spring-security-crypto-6.2.2.jar;C:\Users\melba\.m2\repository\org\springframework\security\spring-security-oauth2-resource-server\6.2.2\spring-security-oauth2-resource-server-6.2.2.jar;C:\Users\melba\.m2\repository\org\springframework\security\spring-security-oauth2-core\6.2.2\spring-security-oauth2-core-6.2.2.jar;C:\Users\melba\.m2\repository\org\springframework\security\spring-security-oauth2-jose\6.2.2\spring-security-oauth2-jose-6.2.2.jar;C:\Users\melba\.m2\repository\com\nimbusds\nimbus-jose-jwt\9.24.4\nimbus-jose-jwt-9.24.4.jar;C:\Users\melba\.m2\repository\com\github\stephenc\jcip\jcip-annotations\1.0-1\jcip-annotations-1.0-1.jar;C:\Users\melba\.m2\repository\com\mysql\mysql-connector-j\8.3.0\mysql-connector-j-8.3.0.jar;C:\Users\melba\.m2\repository\org\projectlombok\lombok\1.18.30\lombok-1.18.30.jar;C:\Users\melba\.m2\repository\org\springframework\boot\spring-boot-starter-test\3.2.3\spring-boot-starter-test-3.2.3.jar;C:\Users\melba\.m2\repository\org\springframework\boot\spring-boot-test\3.2.3\spring-boot-test-3.2.3.jar;C:\Users\melba\.m2\repository\org\springframework\boot\spring-boot-test-autoconfigure\3.2.3\spring-boot-test-autoconfigure-3.2.3.jar;C:\Users\melba\.m2\repository\com\jayway\jsonpath\json-path\2.9.0\json-path-2.9.0.jar;C:\Users\melba\.m2\repository\jakarta\xml\bind\jakarta.xml.bind-api\4.0.1\jakarta.xml.bind-api-4.0.1.jar;C:\Users\melba\.m2\repository\jakarta\activation\jakarta.activation-api\2.1.2\jakarta.activation-api-2.1.2.jar;C:\Users\melba\.m2\repository\net\minidev\json-smart\2.5.0\json-smart-2.5.0.jar;C:\Users\melba\.m2\repository\net\minidev\accessors-smart\2.5.0\accessors-smart-2.5.0.jar;C:\Users\melba\.m2\repository\org\ow2\asm\asm\9.3\asm-9.3.jar;C:\Users\melba\.m2\repository\org\assertj\assertj-core\3.24.2\assertj-core-3.24.2.jar;C:\Users\melba\.m2\repository\org\awaitility\awaitility\4.2.0\awaitility-4.2.0.jar;C:\Users\melba\.m2\repository\org\hamcrest\hamcrest\2.2\hamcrest-2.2.jar;C:\Users\melba\.m2\repository\org\junit\jupiter\junit-jupiter\5.10.2\junit-jupiter-5.10.2.jar;C:\Users\melba\.m2\repository\org\junit\jupiter\junit-jupiter-params\5.10.2\junit-jupiter-params-5.10.2.jar;C:\Users\melba\.m2\repository\org\junit\jupiter\junit-jupiter-engine\5.10.2\junit-jupiter-engine-5.10.2.jar;C:\Users\melba\.m2\repository\org\mockito\mockito-core\5.7.0\mockito-core-5.7.0.jar;C:\Users\melba\.m2\repository\net\bytebuddy\byte-buddy-agent\1.14.12\byte-buddy-agent-1.14.12.jar;C:\Users\melba\.m2\repository\org\objenesis\objenesis\3.3\objenesis-3.3.jar;C:\Users\melba\.m2\repository\org\mockito\mockito-junit-jupiter\5.7.0\mockito-junit-jupiter-5.7.0.jar;C:\Users\melba\.m2\repository\org\skyscreamer\jsonassert\1.5.1\jsonassert-1.5.1.jar;C:\Users\melba\.m2\repository\com\vaadin\external\google\android-json\0.0.20131108.vaadin1\android-json-0.0.20131108.vaadin1.jar;C:\Users\melba\.m2\repository\org\springframework\spring-core\6.1.4\spring-core-6.1.4.jar;C:\Users\melba\.m2\repository\org\springframework\spring-jcl\6.1.4\spring-jcl-6.1.4.jar;C:\Users\melba\.m2\repository\org\springframework\spring-test\6.1.4\spring-test-6.1.4.jar;C:\Users\melba\.m2\repository\org\xmlunit\xmlunit-core\2.9.1\xmlunit-core-2.9.1.jar;C:\Users\melba\.m2\repository\org\springframework\security\spring-security-test\6.2.2\spring-security-test-6.2.2.jar;C:\Users\melba\.m2\repository\org\springframework\kafka\spring-kafka-test\3.1.2\spring-kafka-test-3.1.2.jar;C:\Users\melba\.m2\repository\org\apache\zookeeper\zookeeper\3.8.3\zookeeper-3.8.3.jar;C:\Users\melba\.m2\repository\org\apache\zookeeper\zookeeper-jute\3.8.3\zookeeper-jute-3.8.3.jar;C:\Users\melba\.m2\repository\org\apache\yetus\audience-annotations\0.12.0\audience-annotations-0.12.0.jar;C:\Users\melba\.m2\repository\io\netty\netty-handler\4.1.107.Final\netty-handler-4.1.107.Final.jar;C:\Users\melba\.m2\repository\io\netty\netty-common\4.1.107.Final\netty-common-4.1.107.Final.jar;C:\Users\melba\.m2\repository\io\netty\netty-resolver\4.1.107.Final\netty-resolver-4.1.107.Final.jar;C:\Users\melba\.m2\repository\io\netty\netty-buffer\4.1.107.Final\netty-buffer-4.1.107.Final.jar;C:\Users\melba\.m2\repository\io\netty\netty-transport\4.1.107.Final\netty-transport-4.1.107.Final.jar;C:\Users\melba\.m2\repository\io\netty\netty-transport-native-unix-common\4.1.107.Final\netty-transport-native-unix-common-4.1.107.Final.jar;C:\Users\melba\.m2\repository\io\netty\netty-codec\4.1.107.Final\netty-codec-4.1.107.Final.jar;C:\Users\melba\.m2\repository\io\netty\netty-transport-native-epoll\4.1.107.Final\netty-transport-native-epoll-4.1.107.Final.jar;C:\Users\melba\.m2\repository\io\netty\netty-transport-classes-epoll\4.1.107.Final\netty-transport-classes-epoll-4.1.107.Final.jar;C:\Users\melba\.m2\repository\ch\qos\logback\logback-core\1.4.14\logback-core-1.4.14.jar;C:\Users\melba\.m2\repository\ch\qos\logback\logback-classic\1.4.14\logback-classic-1.4.14.jar;C:\Users\melba\.m2\repository\commons-io\commons-io\2.11.0\commons-io-2.11.0.jar;C:\Users\melba\.m2\repository\org\apache\kafka\kafka-clients\3.6.1\kafka-clients-3.6.1-test.jar;C:\Users\melba\.m2\repository\org\apache\kafka\kafka-metadata\3.6.1\kafka-metadata-3.6.1.jar;C:\Users\melba\.m2\repository\org\apache\kafka\kafka-raft\3.6.1\kafka-raft-3.6.1.jar;C:\Users\melba\.m2\repository\com\yammer\metrics\metrics-core\2.2.0\metrics-core-2.2.0.jar;C:\Users\melba\.m2\repository\org\apache\kafka\kafka-server-common\3.6.1\kafka-server-common-3.6.1.jar;C:\Users\melba\.m2\repository\net\sf\jopt-simple\jopt-simple\5.0.4\jopt-simple-5.0.4.jar;C:\Users\melba\.m2\repository\org\pcollections\pcollections\4.0.1\pcollections-4.0.1.jar;C:\Users\melba\.m2\repository\org\apache\kafka\kafka-server-common\3.6.1\kafka-server-common-3.6.1-test.jar;C:\Users\melba\.m2\repository\org\apache\kafka\kafka-streams-test-utils\3.6.1\kafka-streams-test-utils-3.6.1.jar;C:\Users\melba\.m2\repository\org\apache\kafka\kafka-streams\3.6.1\kafka-streams-3.6.1.jar;C:\Users\melba\.m2\repository\org\rocksdb\rocksdbjni\7.9.2\rocksdbjni-7.9.2.jar;C:\Users\melba\.m2\repository\org\apache\kafka\kafka_2.13\3.6.1\kafka_2.13-3.6.1.jar;C:\Users\melba\.m2\repository\org\scala-lang\scala-library\2.13.11\scala-library-2.13.11.jar;C:\Users\melba\.m2\repository\org\apache\kafka\kafka-group-coordinator\3.6.1\kafka-group-coordinator-3.6.1.jar;C:\Users\melba\.m2\repository\org\apache\kafka\kafka-storage-api\3.6.1\kafka-storage-api-3.6.1.jar;C:\Users\melba\.m2\repository\org\apache\kafka\kafka-tools-api\3.6.1\kafka-tools-api-3.6.1.jar;C:\Users\melba\.m2\repository\org\apache\kafka\kafka-storage\3.6.1\kafka-storage-3.6.1.jar;C:\Users\melba\.m2\repository\com\github\ben-manes\caffeine\caffeine\3.1.8\caffeine-3.1.8.jar;C:\Users\melba\.m2\repository\org\checkerframework\checker-qual\3.37.0\checker-qual-3.37.0.jar;C:\Users\melba\.m2\repository\com\google\errorprone\error_prone_annotations\2.21.1\error_prone_annotations-2.21.1.jar;C:\Users\melba\.m2\repository\net\sourceforge\argparse4j\argparse4j\0.7.0\argparse4j-0.7.0.jar;C:\Users\melba\.m2\repository\commons-validator\commons-validator\1.7\commons-validator-1.7.jar;C:\Users\melba\.m2\repository\commons-beanutils\commons-beanutils\1.9.4\commons-beanutils-1.9.4.jar;C:\Users\melba\.m2\repository\commons-digester\commons-digester\2.1\commons-digester-2.1.jar;C:\Users\melba\.m2\repository\commons-collections\commons-collections\3.2.2\commons-collections-3.2.2.jar;C:\Users\melba\.m2\repository\com\fasterxml\jackson\module\jackson-module-scala_2.13\2.15.4\jackson-module-scala_2.13-2.15.4.jar;C:\Users\melba\.m2\repository\com\thoughtworks\paranamer\paranamer\2.8\paranamer-2.8.jar;C:\Users\melba\.m2\repository\com\fasterxml\jackson\dataformat\jackson-dataformat-csv\2.15.4\jackson-dataformat-csv-2.15.4.jar;C:\Users\melba\.m2\repository\org\bitbucket\b_c\jose4j\0.9.3\jose4j-0.9.3.jar;C:\Users\melba\.m2\repository\org\scala-lang\modules\scala-collection-compat_2.13\2.10.0\scala-collection-compat_2.13-2.10.0.jar;C:\Users\melba\.m2\repository\org\scala-lang\modules\scala-java8-compat_2.13\1.0.2\scala-java8-compat_2.13-1.0.2.jar;C:\Users\melba\.m2\repository\org\scala-lang\scala-reflect\2.13.11\scala-reflect-2.13.11.jar;C:\Users\melba\.m2\repository\com\typesafe\scala-logging\scala-logging_2.13\3.9.4\scala-logging_2.13-3.9.4.jar;C:\Users\melba\.m2\repository\io\dropwizard\metrics\metrics-core\4.2.25\metrics-core-4.2.25.jar;C:\Users\melba\.m2\repository\commons-cli\commons-cli\1.4\commons-cli-1.4.jar;C:\Users\melba\.m2\repository\org\apache\kafka\kafka_2.13\3.6.1\kafka_2.13-3.6.1-test.jar;C:\Users\melba\.m2\repository\org\junit\jupiter\junit-jupiter-api\5.10.2\junit-jupiter-api-5.10.2.jar;C:\Users\melba\.m2\repository\org\opentest4j\opentest4j\1.3.0\opentest4j-1.3.0.jar;C:\Users\melba\.m2\repository\org\junit\platform\junit-platform-commons\1.10.2\junit-platform-commons-1.10.2.jar;C:\Users\melba\.m2\repository\org\apiguardian\apiguardian-api\1.1.2\apiguardian-api-1.1.2.jar;C:\Users\melba\.m2\repository\org\junit\platform\junit-platform-launcher\1.10.2\junit-platform-launcher-1.10.2.jar;C:\Users\melba\.m2\repository\org\junit\platform\junit-platform-engine\1.10.2\junit-platform-engine-1.10.2.jar;C:\Users\melba\.m2\repository\org\springdoc\springdoc-openapi-starter-webmvc-ui\2.5.0\springdoc-openapi-starter-webmvc-ui-2.5.0.jar;C:\Users\melba\.m2\repository\org\springdoc\springdoc-openapi-starter-webmvc-api\2.5.0\springdoc-openapi-starter-webmvc-api-2.5.0.jar;C:\Users\melba\.m2\repository\org\springdoc\springdoc-openapi-starter-common\2.5.0\springdoc-openapi-starter-common-2.5.0.jar;C:\Users\melba\.m2\repository\io\swagger\core\v3\swagger-core-jakarta\2.2.21\swagger-core-jakarta-2.2.21.jar;C:\Users\melba\.m2\repository\org\apache\commons\commons-lang3\3.13.0\commons-lang3-3.13.0.jar;C:\Users\melba\.m2\repository\io\swagger\core\v3\swagger-annotations-jakarta\2.2.21\swagger-annotations-jakarta-2.2.21.jar;C:\Users\melba\.m2\repository\io\swagger\core\v3\swagger-models-jakarta\2.2.21\swagger-models-jakarta-2.2.21.jar;C:\Users\melba\.m2\repository\com\fasterxml\jackson\dataformat\jackson-dataformat-yaml\2.15.4\jackson-dataformat-yaml-2.15.4.jar;C:\Users\melba\.m2\repository\org\webjars\swagger-ui\5.13.0\swagger-ui-5.13.0.jar;C:\Users\melba\.m2\repository\org\testcontainers\testcontainers\1.19.7\testcontainers-1.19.7.jar;C:\Users\melba\.m2\repository\junit\junit\4.13.2\junit-4.13.2.jar;C:\Users\melba\.m2\repository\org\hamcrest\hamcrest-core\2.2\hamcrest-core-2.2.jar;C:\Users\melba\.m2\repository\org\slf4j\slf4j-api\2.0.12\slf4j-api-2.0.12.jar;C:\Users\melba\.m2\repository\org\apache\commons\commons-compress\1.24.0\commons-compress-1.24.0.jar;C:\Users\melba\.m2\repository\org\rnorth\duct-tape\duct-tape\1.0.8\duct-tape-1.0.8.jar;C:\Users\melba\.m2\repository\org\jetbrains\annotations\17.0.0\annotations-17.0.0.jar;C:\Users\melba\.m2\repository\com\github\docker-java\docker-java-api\3.3.6\docker-java-api-3.3.6.jar;C:\Users\melba\.m2\repository\com\fasterxml\jackson\core\jackson-annotations\2.15.4\jackson-annotations-2.15.4.jar;C:\Users\melba\.m2\repository\com\github\docker-java\docker-java-transport-zerodep\3.3.6\docker-java-transport-zerodep-3.3.6.jar;C:\Users\melba\.m2\repository\com\github\docker-java\docker-java-transport\3.3.6\docker-java-transport-3.3.6.jar;C:\Users\melba\.m2\repository\net\java\dev\jna\jna\5.13.0\jna-5.13.0.jar;C:\Users\melba\.m2\repository\org\testcontainers\kafka\1.19.5\kafka-1.19.5.jar;C:\Users\melba\.m2\repository\org\testcontainers\junit-jupiter\1.19.5\junit-jupiter-1.19.5.jar;C:\Users\melba\.m2\repository\com\h2database\h2\2.2.224\h2-2.2.224.jar;"/>
    <property name="java.vm.vendor" value="Eclipse Adoptium"/>
    <property name="sun.arch.data.model" value="64"/>
    <property name="user.variant" value=""/>
    <property name="java.vendor.url" value="https://adoptium.net/"/>
    <property name="user.timezone" value="Africa/Cairo"/>
    <property name="org.jboss.logging.provider" value="slf4j"/>
    <property name="user.country.format" value="001"/>
    <property name="os.name" value="Windows 11"/>
    <property name="java.vm.specification.version" value="17"/>
    <property name="sun.java.launcher" value="SUN_STANDARD"/>
    <property name="user.country" value="GB"/>
    <property name="sun.boot.library.path" value="C:\Program Files\Eclipse Adoptium\jdk-17.0.15.6-hotspot\bin"/>
    <property name="sun.java.command" value="C:\Users\melba\AppData\Local\Temp\surefire4947469020020881156\surefirebooter-20250602234452775_3.jar C:\Users\melba\AppData\Local\Temp\surefire4947469020020881156 2025-06-02T23-44-52_592-jvmRun1 surefire-20250602234452775_1tmp surefire_0-20250602234452775_2tmp"/>
    <property name="jdk.debug" value="release"/>
    <property name="surefire.test.class.path" value="C:\Mahmoud\Hammmmmm\Projects\cdr-platform\ms-backend\target\test-classes;C:\Mahmoud\Hammmmmm\Projects\cdr-platform\ms-backend\target\classes;C:\Users\melba\.m2\repository\org\springframework\boot\spring-boot-starter-web\3.2.3\spring-boot-starter-web-3.2.3.jar;C:\Users\melba\.m2\repository\org\springframework\boot\spring-boot-starter\3.2.3\spring-boot-starter-3.2.3.jar;C:\Users\melba\.m2\repository\org\springframework\boot\spring-boot\3.2.3\spring-boot-3.2.3.jar;C:\Users\melba\.m2\repository\org\springframework\boot\spring-boot-autoconfigure\3.2.3\spring-boot-autoconfigure-3.2.3.jar;C:\Users\melba\.m2\repository\org\springframework\boot\spring-boot-starter-logging\3.2.3\spring-boot-starter-logging-3.2.3.jar;C:\Users\melba\.m2\repository\org\apache\logging\log4j\log4j-to-slf4j\2.21.1\log4j-to-slf4j-2.21.1.jar;C:\Users\melba\.m2\repository\org\apache\logging\log4j\log4j-api\2.21.1\log4j-api-2.21.1.jar;C:\Users\melba\.m2\repository\org\slf4j\jul-to-slf4j\2.0.12\jul-to-slf4j-2.0.12.jar;C:\Users\melba\.m2\repository\jakarta\annotation\jakarta.annotation-api\2.1.1\jakarta.annotation-api-2.1.1.jar;C:\Users\melba\.m2\repository\org\yaml\snakeyaml\2.2\snakeyaml-2.2.jar;C:\Users\melba\.m2\repository\org\springframework\boot\spring-boot-starter-json\3.2.3\spring-boot-starter-json-3.2.3.jar;C:\Users\melba\.m2\repository\com\fasterxml\jackson\core\jackson-databind\2.15.4\jackson-databind-2.15.4.jar;C:\Users\melba\.m2\repository\com\fasterxml\jackson\core\jackson-core\2.15.4\jackson-core-2.15.4.jar;C:\Users\melba\.m2\repository\com\fasterxml\jackson\datatype\jackson-datatype-jdk8\2.15.4\jackson-datatype-jdk8-2.15.4.jar;C:\Users\melba\.m2\repository\com\fasterxml\jackson\datatype\jackson-datatype-jsr310\2.15.4\jackson-datatype-jsr310-2.15.4.jar;C:\Users\melba\.m2\repository\com\fasterxml\jackson\module\jackson-module-parameter-names\2.15.4\jackson-module-parameter-names-2.15.4.jar;C:\Users\melba\.m2\repository\org\springframework\boot\spring-boot-starter-tomcat\3.2.3\spring-boot-starter-tomcat-3.2.3.jar;C:\Users\melba\.m2\repository\org\apache\tomcat\embed\tomcat-embed-core\10.1.19\tomcat-embed-core-10.1.19.jar;C:\Users\melba\.m2\repository\org\apache\tomcat\embed\tomcat-embed-websocket\10.1.19\tomcat-embed-websocket-10.1.19.jar;C:\Users\melba\.m2\repository\org\springframework\spring-web\6.1.4\spring-web-6.1.4.jar;C:\Users\melba\.m2\repository\org\springframework\spring-beans\6.1.4\spring-beans-6.1.4.jar;C:\Users\melba\.m2\repository\org\springframework\spring-webmvc\6.1.4\spring-webmvc-6.1.4.jar;C:\Users\melba\.m2\repository\org\springframework\spring-expression\6.1.4\spring-expression-6.1.4.jar;C:\Users\melba\.m2\repository\org\springframework\boot\spring-boot-starter-data-jpa\3.2.3\spring-boot-starter-data-jpa-3.2.3.jar;C:\Users\melba\.m2\repository\org\springframework\boot\spring-boot-starter-aop\3.2.3\spring-boot-starter-aop-3.2.3.jar;C:\Users\melba\.m2\repository\org\aspectj\aspectjweaver\1.9.21\aspectjweaver-1.9.21.jar;C:\Users\melba\.m2\repository\org\springframework\boot\spring-boot-starter-jdbc\3.2.3\spring-boot-starter-jdbc-3.2.3.jar;C:\Users\melba\.m2\repository\com\zaxxer\HikariCP\5.0.1\HikariCP-5.0.1.jar;C:\Users\melba\.m2\repository\org\springframework\spring-jdbc\6.1.4\spring-jdbc-6.1.4.jar;C:\Users\melba\.m2\repository\org\hibernate\orm\hibernate-core\6.4.4.Final\hibernate-core-6.4.4.Final.jar;C:\Users\melba\.m2\repository\jakarta\persistence\jakarta.persistence-api\3.1.0\jakarta.persistence-api-3.1.0.jar;C:\Users\melba\.m2\repository\jakarta\transaction\jakarta.transaction-api\2.0.1\jakarta.transaction-api-2.0.1.jar;C:\Users\melba\.m2\repository\org\jboss\logging\jboss-logging\3.5.3.Final\jboss-logging-3.5.3.Final.jar;C:\Users\melba\.m2\repository\org\hibernate\common\hibernate-commons-annotations\6.0.6.Final\hibernate-commons-annotations-6.0.6.Final.jar;C:\Users\melba\.m2\repository\io\smallrye\jandex\3.1.2\jandex-3.1.2.jar;C:\Users\melba\.m2\repository\com\fasterxml\classmate\1.6.0\classmate-1.6.0.jar;C:\Users\melba\.m2\repository\net\bytebuddy\byte-buddy\1.14.12\byte-buddy-1.14.12.jar;C:\Users\melba\.m2\repository\org\glassfish\jaxb\jaxb-runtime\4.0.4\jaxb-runtime-4.0.4.jar;C:\Users\melba\.m2\repository\org\glassfish\jaxb\jaxb-core\4.0.4\jaxb-core-4.0.4.jar;C:\Users\melba\.m2\repository\org\eclipse\angus\angus-activation\2.0.1\angus-activation-2.0.1.jar;C:\Users\melba\.m2\repository\org\glassfish\jaxb\txw2\4.0.4\txw2-4.0.4.jar;C:\Users\melba\.m2\repository\com\sun\istack\istack-commons-runtime\4.1.2\istack-commons-runtime-4.1.2.jar;C:\Users\melba\.m2\repository\jakarta\inject\jakarta.inject-api\2.0.1\jakarta.inject-api-2.0.1.jar;C:\Users\melba\.m2\repository\org\antlr\antlr4-runtime\4.13.0\antlr4-runtime-4.13.0.jar;C:\Users\melba\.m2\repository\org\springframework\data\spring-data-jpa\3.2.3\spring-data-jpa-3.2.3.jar;C:\Users\melba\.m2\repository\org\springframework\data\spring-data-commons\3.2.3\spring-data-commons-3.2.3.jar;C:\Users\melba\.m2\repository\org\springframework\spring-orm\6.1.4\spring-orm-6.1.4.jar;C:\Users\melba\.m2\repository\org\springframework\spring-aspects\6.1.4\spring-aspects-6.1.4.jar;C:\Users\melba\.m2\repository\org\springframework\boot\spring-boot-starter-security\3.2.3\spring-boot-starter-security-3.2.3.jar;C:\Users\melba\.m2\repository\org\springframework\spring-aop\6.1.4\spring-aop-6.1.4.jar;C:\Users\melba\.m2\repository\org\springframework\security\spring-security-config\6.2.2\spring-security-config-6.2.2.jar;C:\Users\melba\.m2\repository\org\springframework\security\spring-security-web\6.2.2\spring-security-web-6.2.2.jar;C:\Users\melba\.m2\repository\org\springframework\boot\spring-boot-starter-validation\3.2.3\spring-boot-starter-validation-3.2.3.jar;C:\Users\melba\.m2\repository\org\apache\tomcat\embed\tomcat-embed-el\10.1.19\tomcat-embed-el-10.1.19.jar;C:\Users\melba\.m2\repository\org\hibernate\validator\hibernate-validator\8.0.1.Final\hibernate-validator-8.0.1.Final.jar;C:\Users\melba\.m2\repository\jakarta\validation\jakarta.validation-api\3.0.2\jakarta.validation-api-3.0.2.jar;C:\Users\melba\.m2\repository\org\springframework\kafka\spring-kafka\3.1.2\spring-kafka-3.1.2.jar;C:\Users\melba\.m2\repository\org\springframework\spring-context\6.1.4\spring-context-6.1.4.jar;C:\Users\melba\.m2\repository\org\springframework\spring-messaging\6.1.4\spring-messaging-6.1.4.jar;C:\Users\melba\.m2\repository\org\springframework\spring-tx\6.1.4\spring-tx-6.1.4.jar;C:\Users\melba\.m2\repository\org\springframework\retry\spring-retry\2.0.5\spring-retry-2.0.5.jar;C:\Users\melba\.m2\repository\org\apache\kafka\kafka-clients\3.6.1\kafka-clients-3.6.1.jar;C:\Users\melba\.m2\repository\com\github\luben\zstd-jni\1.5.5-1\zstd-jni-1.5.5-1.jar;C:\Users\melba\.m2\repository\org\lz4\lz4-java\1.8.0\lz4-java-1.8.0.jar;C:\Users\melba\.m2\repository\org\xerial\snappy\snappy-java\1.1.10.5\snappy-java-1.1.10.5.jar;C:\Users\melba\.m2\repository\io\micrometer\micrometer-observation\1.12.3\micrometer-observation-1.12.3.jar;C:\Users\melba\.m2\repository\io\micrometer\micrometer-commons\1.12.3\micrometer-commons-1.12.3.jar;C:\Users\melba\.m2\repository\com\google\code\findbugs\jsr305\3.0.2\jsr305-3.0.2.jar;C:\Users\melba\.m2\repository\org\springframework\boot\spring-boot-starter-actuator\3.2.3\spring-boot-starter-actuator-3.2.3.jar;C:\Users\melba\.m2\repository\org\springframework\boot\spring-boot-actuator-autoconfigure\3.2.3\spring-boot-actuator-autoconfigure-3.2.3.jar;C:\Users\melba\.m2\repository\org\springframework\boot\spring-boot-actuator\3.2.3\spring-boot-actuator-3.2.3.jar;C:\Users\melba\.m2\repository\io\micrometer\micrometer-jakarta9\1.12.3\micrometer-jakarta9-1.12.3.jar;C:\Users\melba\.m2\repository\io\micrometer\micrometer-core\1.12.3\micrometer-core-1.12.3.jar;C:\Users\melba\.m2\repository\org\hdrhistogram\HdrHistogram\2.1.12\HdrHistogram-2.1.12.jar;C:\Users\melba\.m2\repository\org\latencyutils\LatencyUtils\2.0.3\LatencyUtils-2.0.3.jar;C:\Users\melba\.m2\repository\org\springframework\boot\spring-boot-starter-oauth2-resource-server\3.2.3\spring-boot-starter-oauth2-resource-server-3.2.3.jar;C:\Users\melba\.m2\repository\org\springframework\security\spring-security-core\6.2.2\spring-security-core-6.2.2.jar;C:\Users\melba\.m2\repository\org\springframework\security\spring-security-crypto\6.2.2\spring-security-crypto-6.2.2.jar;C:\Users\melba\.m2\repository\org\springframework\security\spring-security-oauth2-resource-server\6.2.2\spring-security-oauth2-resource-server-6.2.2.jar;C:\Users\melba\.m2\repository\org\springframework\security\spring-security-oauth2-core\6.2.2\spring-security-oauth2-core-6.2.2.jar;C:\Users\melba\.m2\repository\org\springframework\security\spring-security-oauth2-jose\6.2.2\spring-security-oauth2-jose-6.2.2.jar;C:\Users\melba\.m2\repository\com\nimbusds\nimbus-jose-jwt\9.24.4\nimbus-jose-jwt-9.24.4.jar;C:\Users\melba\.m2\repository\com\github\stephenc\jcip\jcip-annotations\1.0-1\jcip-annotations-1.0-1.jar;C:\Users\melba\.m2\repository\com\mysql\mysql-connector-j\8.3.0\mysql-connector-j-8.3.0.jar;C:\Users\melba\.m2\repository\org\projectlombok\lombok\1.18.30\lombok-1.18.30.jar;C:\Users\melba\.m2\repository\org\springframework\boot\spring-boot-starter-test\3.2.3\spring-boot-starter-test-3.2.3.jar;C:\Users\melba\.m2\repository\org\springframework\boot\spring-boot-test\3.2.3\spring-boot-test-3.2.3.jar;C:\Users\melba\.m2\repository\org\springframework\boot\spring-boot-test-autoconfigure\3.2.3\spring-boot-test-autoconfigure-3.2.3.jar;C:\Users\melba\.m2\repository\com\jayway\jsonpath\json-path\2.9.0\json-path-2.9.0.jar;C:\Users\melba\.m2\repository\jakarta\xml\bind\jakarta.xml.bind-api\4.0.1\jakarta.xml.bind-api-4.0.1.jar;C:\Users\melba\.m2\repository\jakarta\activation\jakarta.activation-api\2.1.2\jakarta.activation-api-2.1.2.jar;C:\Users\melba\.m2\repository\net\minidev\json-smart\2.5.0\json-smart-2.5.0.jar;C:\Users\melba\.m2\repository\net\minidev\accessors-smart\2.5.0\accessors-smart-2.5.0.jar;C:\Users\melba\.m2\repository\org\ow2\asm\asm\9.3\asm-9.3.jar;C:\Users\melba\.m2\repository\org\assertj\assertj-core\3.24.2\assertj-core-3.24.2.jar;C:\Users\melba\.m2\repository\org\awaitility\awaitility\4.2.0\awaitility-4.2.0.jar;C:\Users\melba\.m2\repository\org\hamcrest\hamcrest\2.2\hamcrest-2.2.jar;C:\Users\melba\.m2\repository\org\junit\jupiter\junit-jupiter\5.10.2\junit-jupiter-5.10.2.jar;C:\Users\melba\.m2\repository\org\junit\jupiter\junit-jupiter-params\5.10.2\junit-jupiter-params-5.10.2.jar;C:\Users\melba\.m2\repository\org\junit\jupiter\junit-jupiter-engine\5.10.2\junit-jupiter-engine-5.10.2.jar;C:\Users\melba\.m2\repository\org\mockito\mockito-core\5.7.0\mockito-core-5.7.0.jar;C:\Users\melba\.m2\repository\net\bytebuddy\byte-buddy-agent\1.14.12\byte-buddy-agent-1.14.12.jar;C:\Users\melba\.m2\repository\org\objenesis\objenesis\3.3\objenesis-3.3.jar;C:\Users\melba\.m2\repository\org\mockito\mockito-junit-jupiter\5.7.0\mockito-junit-jupiter-5.7.0.jar;C:\Users\melba\.m2\repository\org\skyscreamer\jsonassert\1.5.1\jsonassert-1.5.1.jar;C:\Users\melba\.m2\repository\com\vaadin\external\google\android-json\0.0.20131108.vaadin1\android-json-0.0.20131108.vaadin1.jar;C:\Users\melba\.m2\repository\org\springframework\spring-core\6.1.4\spring-core-6.1.4.jar;C:\Users\melba\.m2\repository\org\springframework\spring-jcl\6.1.4\spring-jcl-6.1.4.jar;C:\Users\melba\.m2\repository\org\springframework\spring-test\6.1.4\spring-test-6.1.4.jar;C:\Users\melba\.m2\repository\org\xmlunit\xmlunit-core\2.9.1\xmlunit-core-2.9.1.jar;C:\Users\melba\.m2\repository\org\springframework\security\spring-security-test\6.2.2\spring-security-test-6.2.2.jar;C:\Users\melba\.m2\repository\org\springframework\kafka\spring-kafka-test\3.1.2\spring-kafka-test-3.1.2.jar;C:\Users\melba\.m2\repository\org\apache\zookeeper\zookeeper\3.8.3\zookeeper-3.8.3.jar;C:\Users\melba\.m2\repository\org\apache\zookeeper\zookeeper-jute\3.8.3\zookeeper-jute-3.8.3.jar;C:\Users\melba\.m2\repository\org\apache\yetus\audience-annotations\0.12.0\audience-annotations-0.12.0.jar;C:\Users\melba\.m2\repository\io\netty\netty-handler\4.1.107.Final\netty-handler-4.1.107.Final.jar;C:\Users\melba\.m2\repository\io\netty\netty-common\4.1.107.Final\netty-common-4.1.107.Final.jar;C:\Users\melba\.m2\repository\io\netty\netty-resolver\4.1.107.Final\netty-resolver-4.1.107.Final.jar;C:\Users\melba\.m2\repository\io\netty\netty-buffer\4.1.107.Final\netty-buffer-4.1.107.Final.jar;C:\Users\melba\.m2\repository\io\netty\netty-transport\4.1.107.Final\netty-transport-4.1.107.Final.jar;C:\Users\melba\.m2\repository\io\netty\netty-transport-native-unix-common\4.1.107.Final\netty-transport-native-unix-common-4.1.107.Final.jar;C:\Users\melba\.m2\repository\io\netty\netty-codec\4.1.107.Final\netty-codec-4.1.107.Final.jar;C:\Users\melba\.m2\repository\io\netty\netty-transport-native-epoll\4.1.107.Final\netty-transport-native-epoll-4.1.107.Final.jar;C:\Users\melba\.m2\repository\io\netty\netty-transport-classes-epoll\4.1.107.Final\netty-transport-classes-epoll-4.1.107.Final.jar;C:\Users\melba\.m2\repository\ch\qos\logback\logback-core\1.4.14\logback-core-1.4.14.jar;C:\Users\melba\.m2\repository\ch\qos\logback\logback-classic\1.4.14\logback-classic-1.4.14.jar;C:\Users\melba\.m2\repository\commons-io\commons-io\2.11.0\commons-io-2.11.0.jar;C:\Users\melba\.m2\repository\org\apache\kafka\kafka-clients\3.6.1\kafka-clients-3.6.1-test.jar;C:\Users\melba\.m2\repository\org\apache\kafka\kafka-metadata\3.6.1\kafka-metadata-3.6.1.jar;C:\Users\melba\.m2\repository\org\apache\kafka\kafka-raft\3.6.1\kafka-raft-3.6.1.jar;C:\Users\melba\.m2\repository\com\yammer\metrics\metrics-core\2.2.0\metrics-core-2.2.0.jar;C:\Users\melba\.m2\repository\org\apache\kafka\kafka-server-common\3.6.1\kafka-server-common-3.6.1.jar;C:\Users\melba\.m2\repository\net\sf\jopt-simple\jopt-simple\5.0.4\jopt-simple-5.0.4.jar;C:\Users\melba\.m2\repository\org\pcollections\pcollections\4.0.1\pcollections-4.0.1.jar;C:\Users\melba\.m2\repository\org\apache\kafka\kafka-server-common\3.6.1\kafka-server-common-3.6.1-test.jar;C:\Users\melba\.m2\repository\org\apache\kafka\kafka-streams-test-utils\3.6.1\kafka-streams-test-utils-3.6.1.jar;C:\Users\melba\.m2\repository\org\apache\kafka\kafka-streams\3.6.1\kafka-streams-3.6.1.jar;C:\Users\melba\.m2\repository\org\rocksdb\rocksdbjni\7.9.2\rocksdbjni-7.9.2.jar;C:\Users\melba\.m2\repository\org\apache\kafka\kafka_2.13\3.6.1\kafka_2.13-3.6.1.jar;C:\Users\melba\.m2\repository\org\scala-lang\scala-library\2.13.11\scala-library-2.13.11.jar;C:\Users\melba\.m2\repository\org\apache\kafka\kafka-group-coordinator\3.6.1\kafka-group-coordinator-3.6.1.jar;C:\Users\melba\.m2\repository\org\apache\kafka\kafka-storage-api\3.6.1\kafka-storage-api-3.6.1.jar;C:\Users\melba\.m2\repository\org\apache\kafka\kafka-tools-api\3.6.1\kafka-tools-api-3.6.1.jar;C:\Users\melba\.m2\repository\org\apache\kafka\kafka-storage\3.6.1\kafka-storage-3.6.1.jar;C:\Users\melba\.m2\repository\com\github\ben-manes\caffeine\caffeine\3.1.8\caffeine-3.1.8.jar;C:\Users\melba\.m2\repository\org\checkerframework\checker-qual\3.37.0\checker-qual-3.37.0.jar;C:\Users\melba\.m2\repository\com\google\errorprone\error_prone_annotations\2.21.1\error_prone_annotations-2.21.1.jar;C:\Users\melba\.m2\repository\net\sourceforge\argparse4j\argparse4j\0.7.0\argparse4j-0.7.0.jar;C:\Users\melba\.m2\repository\commons-validator\commons-validator\1.7\commons-validator-1.7.jar;C:\Users\melba\.m2\repository\commons-beanutils\commons-beanutils\1.9.4\commons-beanutils-1.9.4.jar;C:\Users\melba\.m2\repository\commons-digester\commons-digester\2.1\commons-digester-2.1.jar;C:\Users\melba\.m2\repository\commons-collections\commons-collections\3.2.2\commons-collections-3.2.2.jar;C:\Users\melba\.m2\repository\com\fasterxml\jackson\module\jackson-module-scala_2.13\2.15.4\jackson-module-scala_2.13-2.15.4.jar;C:\Users\melba\.m2\repository\com\thoughtworks\paranamer\paranamer\2.8\paranamer-2.8.jar;C:\Users\melba\.m2\repository\com\fasterxml\jackson\dataformat\jackson-dataformat-csv\2.15.4\jackson-dataformat-csv-2.15.4.jar;C:\Users\melba\.m2\repository\org\bitbucket\b_c\jose4j\0.9.3\jose4j-0.9.3.jar;C:\Users\melba\.m2\repository\org\scala-lang\modules\scala-collection-compat_2.13\2.10.0\scala-collection-compat_2.13-2.10.0.jar;C:\Users\melba\.m2\repository\org\scala-lang\modules\scala-java8-compat_2.13\1.0.2\scala-java8-compat_2.13-1.0.2.jar;C:\Users\melba\.m2\repository\org\scala-lang\scala-reflect\2.13.11\scala-reflect-2.13.11.jar;C:\Users\melba\.m2\repository\com\typesafe\scala-logging\scala-logging_2.13\3.9.4\scala-logging_2.13-3.9.4.jar;C:\Users\melba\.m2\repository\io\dropwizard\metrics\metrics-core\4.2.25\metrics-core-4.2.25.jar;C:\Users\melba\.m2\repository\commons-cli\commons-cli\1.4\commons-cli-1.4.jar;C:\Users\melba\.m2\repository\org\apache\kafka\kafka_2.13\3.6.1\kafka_2.13-3.6.1-test.jar;C:\Users\melba\.m2\repository\org\junit\jupiter\junit-jupiter-api\5.10.2\junit-jupiter-api-5.10.2.jar;C:\Users\melba\.m2\repository\org\opentest4j\opentest4j\1.3.0\opentest4j-1.3.0.jar;C:\Users\melba\.m2\repository\org\junit\platform\junit-platform-commons\1.10.2\junit-platform-commons-1.10.2.jar;C:\Users\melba\.m2\repository\org\apiguardian\apiguardian-api\1.1.2\apiguardian-api-1.1.2.jar;C:\Users\melba\.m2\repository\org\junit\platform\junit-platform-launcher\1.10.2\junit-platform-launcher-1.10.2.jar;C:\Users\melba\.m2\repository\org\junit\platform\junit-platform-engine\1.10.2\junit-platform-engine-1.10.2.jar;C:\Users\melba\.m2\repository\org\springdoc\springdoc-openapi-starter-webmvc-ui\2.5.0\springdoc-openapi-starter-webmvc-ui-2.5.0.jar;C:\Users\melba\.m2\repository\org\springdoc\springdoc-openapi-starter-webmvc-api\2.5.0\springdoc-openapi-starter-webmvc-api-2.5.0.jar;C:\Users\melba\.m2\repository\org\springdoc\springdoc-openapi-starter-common\2.5.0\springdoc-openapi-starter-common-2.5.0.jar;C:\Users\melba\.m2\repository\io\swagger\core\v3\swagger-core-jakarta\2.2.21\swagger-core-jakarta-2.2.21.jar;C:\Users\melba\.m2\repository\org\apache\commons\commons-lang3\3.13.0\commons-lang3-3.13.0.jar;C:\Users\melba\.m2\repository\io\swagger\core\v3\swagger-annotations-jakarta\2.2.21\swagger-annotations-jakarta-2.2.21.jar;C:\Users\melba\.m2\repository\io\swagger\core\v3\swagger-models-jakarta\2.2.21\swagger-models-jakarta-2.2.21.jar;C:\Users\melba\.m2\repository\com\fasterxml\jackson\dataformat\jackson-dataformat-yaml\2.15.4\jackson-dataformat-yaml-2.15.4.jar;C:\Users\melba\.m2\repository\org\webjars\swagger-ui\5.13.0\swagger-ui-5.13.0.jar;C:\Users\melba\.m2\repository\org\testcontainers\testcontainers\1.19.7\testcontainers-1.19.7.jar;C:\Users\melba\.m2\repository\junit\junit\4.13.2\junit-4.13.2.jar;C:\Users\melba\.m2\repository\org\hamcrest\hamcrest-core\2.2\hamcrest-core-2.2.jar;C:\Users\melba\.m2\repository\org\slf4j\slf4j-api\2.0.12\slf4j-api-2.0.12.jar;C:\Users\melba\.m2\repository\org\apache\commons\commons-compress\1.24.0\commons-compress-1.24.0.jar;C:\Users\melba\.m2\repository\org\rnorth\duct-tape\duct-tape\1.0.8\duct-tape-1.0.8.jar;C:\Users\melba\.m2\repository\org\jetbrains\annotations\17.0.0\annotations-17.0.0.jar;C:\Users\melba\.m2\repository\com\github\docker-java\docker-java-api\3.3.6\docker-java-api-3.3.6.jar;C:\Users\melba\.m2\repository\com\fasterxml\jackson\core\jackson-annotations\2.15.4\jackson-annotations-2.15.4.jar;C:\Users\melba\.m2\repository\com\github\docker-java\docker-java-transport-zerodep\3.3.6\docker-java-transport-zerodep-3.3.6.jar;C:\Users\melba\.m2\repository\com\github\docker-java\docker-java-transport\3.3.6\docker-java-transport-3.3.6.jar;C:\Users\melba\.m2\repository\net\java\dev\jna\jna\5.13.0\jna-5.13.0.jar;C:\Users\melba\.m2\repository\org\testcontainers\kafka\1.19.5\kafka-1.19.5.jar;C:\Users\melba\.m2\repository\org\testcontainers\junit-jupiter\1.19.5\junit-jupiter-1.19.5.jar;C:\Users\melba\.m2\repository\com\h2database\h2\2.2.224\h2-2.2.224.jar;"/>
    <property name="sun.cpu.endian" value="little"/>
    <property name="user.home" value="C:\Users\melba"/>
    <property name="user.language" value="en"/>
    <property name="java.specification.vendor" value="Oracle Corporation"/>
    <property name="spring.embedded.kafka.brokers" value="localhost:57023"/>
    <property name="java.version.date" value="2025-04-15"/>
    <property name="java.home" value="C:\Program Files\Eclipse Adoptium\jdk-17.0.15.6-hotspot"/>
    <property name="file.separator" value="\"/>
    <property name="basedir" value="C:\Mahmoud\Hammmmmm\Projects\cdr-platform\ms-backend"/>
    <property name="java.vm.compressedOopsMode" value="32-bit"/>
    <property name="line.separator" value="&#10;"/>
    <property name="java.vm.specification.vendor" value="Oracle Corporation"/>
    <property name="java.specification.name" value="Java Platform API Specification"/>
    <property name="FILE_LOG_CHARSET" value="windows-1256"/>
    <property name="java.awt.headless" value="true"/>
    <property name="surefire.real.class.path" value="C:\Users\melba\AppData\Local\Temp\surefire4947469020020881156\surefirebooter-20250602234452775_3.jar"/>
    <property name="user.script" value=""/>
    <property name="sun.management.compiler" value="HotSpot 64-Bit Tiered Compilers"/>
    <property name="java.runtime.version" value="17.0.15+6"/>
    <property name="user.name" value="b3dsh"/>
    <property name="path.separator" value=";"/>
    <property name="os.version" value="10.0"/>
    <property name="java.runtime.name" value="OpenJDK Runtime Environment"/>
    <property name="file.encoding" value="Cp1256"/>
    <property name="java.vm.name" value="OpenJDK 64-Bit Server VM"/>
    <property name="java.vendor.version" value="Temurin-17.0.15+6"/>
    <property name="localRepository" value="C:\Users\melba\.m2\repository"/>
    <property name="java.vendor.url.bug" value="https://github.com/adoptium/adoptium-support/issues"/>
    <property name="java.io.tmpdir" value="C:\Users\melba\AppData\Local\Temp\"/>
    <property name="com.zaxxer.hikari.pool_number" value="1"/>
    <property name="java.version" value="17.0.15"/>
    <property name="spring.kafka.bootstrap-servers" value="localhost:57023"/>
    <property name="user.dir" value="C:\Mahmoud\Hammmmmm\Projects\cdr-platform\ms-backend"/>
    <property name="os.arch" value="amd64"/>
    <property name="java.vm.specification.name" value="Java Virtual Machine Specification"/>
    <property name="PID" value="12496"/>
    <property name="sun.os.patch.level" value=""/>
    <property name="CONSOLE_LOG_CHARSET" value="windows-1256"/>
    <property name="native.encoding" value="Cp1256"/>
    <property name="java.library.path" value="C:\Program Files\Eclipse Adoptium\jdk-17.0.15.6-hotspot\bin;C:\WINDOWS\Sun\Java\bin;C:\WINDOWS\system32;C:\WINDOWS;C:\Program Files\Common Files\Oracle\Java\javapath;C:\Program Files (x86)\Common Files\Oracle\Java\java8path;C:\Program Files (x86)\Common Files\Oracle\Java\javapath;C:\Program Files\Eclipse Adoptium\jdk-17.0.15.6-hotspot\bin;C:\Python312\Scripts\;C:\Python312\;C:\Program Files (x86)\VMware\VMware Player\bin\;C:\Program Files (x86)\Common Files\Intel\Shared Libraries\redist\intel64\compiler;C:\windows\system32;C:\windows;C:\windows\System32\Wbem;C:\windows\System32\WindowsPowerShell\v1.0\;C:\windows\System32\OpenSSH\;C:\Program Files (x86)\NVIDIA Corporation\PhysX\Common;C:\Program Files\NVIDIA Corporation\NVIDIA NvDLISR;C:\Program Files\dotnet\;C:\WINDOWS\system32;C:\WINDOWS;C:\WINDOWS\System32\Wbem;C:\WINDOWS\System32\WindowsPowerShell\v1.0\;C:\WINDOWS\System32\OpenSSH\;C:\Program Files (x86)\GtkSharp\2.12\bin;C:\Program Files\Microsoft SQL Server\Client SDK\ODBC\170\Tools\Binn\;C:\Program Files (x86)\Microsoft SQL Server\160\DTS\Binn\;C:\Program Files\Azure Data Studio\bin;C:\Program Files\Git\cmd;;C:\Program Files\HP\HP One Agent;C:\Program Files (x86)\Microsoft SQL Server\160\Tools\Binn\;C:\Program Files\Microsoft SQL Server\160\Tools\Binn\;C:\Program Files\Microsoft SQL Server\160\DTS\Binn\;C:\Program Files\Microsoft SQL Server\150\Tools\Binn\;C:\Program Files\nodejs\;C:\ProgramData\chocolatey\bin;C:\Program Files (x86)\Microsoft SQL Server\150\Tools\Binn\;C:\Program Files\Microsoft SQL Server\150\DTS\Binn\;C:\WINDOWS\system32;C:\WINDOWS;C:\WINDOWS\System32\Wbem;C:\WINDOWS\System32\WindowsPowerShell\v1.0\;C:\WINDOWS\System32\OpenSSH\;c:\Users\melba\AppData\Local\Programs\cursor\resources\app\bin;C:\Program Files\Docker\Docker\resources\bin;C:\Users\melba\AppData\Local\Programs\Python\Python310\Scripts\;C:\Users\melba\AppData\Local\Programs\Python\Python310\;C:\Program Files\MySQL\MySQL Shell 8.0\bin\;C:\Users\melba\AppData\Local\Microsoft\WindowsApps;C:\Users\melba\.dotnet\tools;C:\Program Files\CodeBlocks\MinGW\bin;C:\Program Files\JetBrains\CLion 2023.2.1\bin;;C:\MinGW\bin;C:\Program Files\Azure Data Studio\bin;C:\Users\melba\AppData\Local\GitHubDesktop\bin;C:\Users\melba\AppData\Roaming\npm;C:\Users\melba\AppData\Local\Programs\Fiddler;C:\Users\melba\AppData\Local\Microsoft\WindowsApps;C:\Program Files\JetBrains\CLion 2024.3.2\bin;;C:\Users\melba\AppData\Local\Programs\Azure Data Studio\bin;C:\Users\melba\AppData\Local\Programs\cursor\resources\app\bin;C:\Users\melba\AppData\Local\Programs\Microsoft VS Code\bin;C:\Program Files\JetBrains\IntelliJ IDEA 2025.1.1.1\bin;;C:\Users\melba\Apache\apache-maven-3.9.6\bin;c:\Users\melba\AppData\Roaming\Cursor\User\globalStorage\github.copilot-chat\debugCommand;."/>
    <property name="java.vm.info" value="mixed mode, sharing"/>
    <property name="java.vendor" value="Eclipse Adoptium"/>
    <property name="java.vm.version" value="17.0.15+6"/>
    <property name="java.specification.maintenance.version" value="1"/>
    <property name="sun.io.unicode.encoding" value="UnicodeLittle"/>
    <property name="java.class.version" value="61.0"/>
    <property name="CONSOLE_LOG_PATTERN" value="%d{yyyy-MM-dd HH:mm:ss} [%thread] %-5level %logger{36} - %msg%n"/>
    <property name="LOGGED_APPLICATION_NAME" value="[ms-backend] "/>
  </properties>
  <testcase name="testKafkaMessageProcessing" classname="com.cdr.backend.KafkaMessageTest" time="5.676">
    <system-out><![CDATA[23:44:53.673 [main] INFO org.springframework.test.context.support.AnnotationConfigContextLoaderUtils -- Could not detect default configuration classes for test class [com.cdr.backend.KafkaMessageTest]: KafkaMessageTest does not declare any static, non-private, non-final, nested classes annotated with @Configuration.
23:44:53.807 [main] INFO org.springframework.boot.test.context.SpringBootTestContextBootstrapper -- Found @SpringBootConfiguration com.cdr.backend.CdrBackendApplication for test class com.cdr.backend.KafkaMessageTest

  .   ____          _            __ _ _
 /\\ / ___'_ __ _ _(_)_ __  __ _ \ \ \ \
( ( )\___ | '_ | '_| | '_ \/ _` | \ \ \ \
 \\/  ___)| |_)| | | | | || (_| |  ) ) ) )
  '  |____| .__|_| |_|_| |_\__, | / / / /
 =========|_|==============|___/=/_/_/_/
 :: Spring Boot ::                (v3.2.3)

2025-06-02 23:44:54 [main] INFO  k.utils.Log4jControllerRegistration$ - Registered kafka:type=kafka.Log4jController MBean
2025-06-02 23:44:54 [main] INFO  o.apache.zookeeper.common.X509Util - Setting -D jdk.tls.rejectClientInitiatedRenegotiation=true to disable client-initiated TLS renegotiation
2025-06-02 23:44:55 [kafka-cluster-test-kit-executor-1] INFO  kafka.server.ControllerServer - Formatting C:\Users\melba\AppData\Local\Temp\kafka-6963404728273164374\controller_0 with metadata.version 3.3-IV0.
2025-06-02 23:44:55 [kafka-cluster-test-kit-executor-3] INFO  kafka.server.BrokerServer - [BrokerServer id=0] Transition from SHUTDOWN to STARTING
2025-06-02 23:44:55 [kafka-cluster-test-kit-executor-2] INFO  kafka.server.ControllerServer - [ControllerServer id=0] Starting controller
2025-06-02 23:44:55 [kafka-cluster-test-kit-executor-3] INFO  kafka.server.SharedServer - [SharedServer id=0] Starting SharedServer
2025-06-02 23:44:55 [kafka-cluster-test-kit-executor-2] INFO  o.a.k.s.network.EndpointReadyFutures - authorizerStart completed for endpoint CONTROLLER. Endpoint is now READY.
2025-06-02 23:44:55 [kafka-cluster-test-kit-executor-3] INFO  kafka.log.UnifiedLog$ - [LogLoader partition=__cluster_metadata-0, dir=C:\Users\melba\AppData\Local\Temp\kafka-6963404728273164374\controller_0] Loading producer state till offset 0 with message format version 2
2025-06-02 23:44:55 [kafka-cluster-test-kit-executor-3] INFO  kafka.log.UnifiedLog$ - [LogLoader partition=__cluster_metadata-0, dir=C:\Users\melba\AppData\Local\Temp\kafka-6963404728273164374\controller_0] Reloading from producer snapshot and rebuilding producer state from offset 0
2025-06-02 23:44:55 [kafka-cluster-test-kit-executor-3] INFO  kafka.log.UnifiedLog$ - [LogLoader partition=__cluster_metadata-0, dir=C:\Users\melba\AppData\Local\Temp\kafka-6963404728273164374\controller_0] Producer state recovery took 0ms for snapshot load and 0ms for segment recovery from offset 0
2025-06-02 23:44:55 [kafka-cluster-test-kit-executor-3] INFO  kafka.raft.KafkaMetadataLog$ - Initialized snapshots with IDs SortedSet() from C:\Users\melba\AppData\Local\Temp\kafka-6963404728273164374\controller_0\__cluster_metadata-0
2025-06-02 23:44:55 [raft-expiration-reaper] INFO  k.r.TimingWheelExpirationService$ExpiredOperationReaper - [raft-expiration-reaper]: Starting
2025-06-02 23:44:55 [kafka-cluster-test-kit-executor-3] INFO  org.apache.kafka.raft.QuorumState - [RaftManager id=0] Completed transition to Unattached(epoch=0, voters=[0], electionTimeoutMs=1862) from null
2025-06-02 23:44:55 [kafka-cluster-test-kit-executor-3] INFO  org.apache.kafka.raft.QuorumState - [RaftManager id=0] Completed transition to CandidateState(localId=0, epoch=1, retries=1, voteStates={0=GRANTED}, highWatermark=Optional.empty, electionTimeoutMs=1314) from Unattached(epoch=0, voters=[0], electionTimeoutMs=1862)
2025-06-02 23:44:55 [kafka-cluster-test-kit-executor-3] INFO  org.apache.kafka.raft.QuorumState - [RaftManager id=0] Completed transition to Leader(localId=0, epoch=1, epochStartOffset=0, highWatermark=Optional.empty, voterStates={0=ReplicaState(nodeId=0, endOffset=Optional.empty, lastFetchTimestamp=-1, lastCaughtUpTimestamp=-1, hasAcknowledgedLeader=true)}) from CandidateState(localId=0, epoch=1, retries=1, voteStates={0=GRANTED}, highWatermark=Optional.empty, electionTimeoutMs=1314)
2025-06-02 23:44:55 [kafka-cluster-test-kit-executor-2] INFO  kafka.network.ConnectionQuotas - Updated connection-accept-rate max connection creation rate to 2147483647
2025-06-02 23:44:55 [kafka-cluster-test-kit-executor-2] INFO  kafka.network.DataPlaneAcceptor - Awaiting socket connections on localhost:57021.
2025-06-02 23:44:55 [kafka-cluster-test-kit-executor-2] INFO  kafka.network.DataPlaneAcceptor - Opened wildcard endpoint localhost:57021
2025-06-02 23:44:55 [kafka-cluster-test-kit-executor-2] INFO  kafka.network.SocketServer - [SocketServer listenerType=CONTROLLER, nodeId=0] Created data-plane acceptor and processors for endpoint : ListenerName(CONTROLLER)
2025-06-02 23:44:55 [kafka-0-raft-outbound-request-thread] INFO  kafka.raft.RaftSendThread - [kafka-0-raft-outbound-request-thread]: Starting
2025-06-02 23:44:55 [kafka-0-raft-io-thread] INFO  k.raft.KafkaRaftManager$RaftIoThread - [kafka-0-raft-io-thread]: Starting
2025-06-02 23:44:55 [kafka-0-raft-io-thread] INFO  org.apache.kafka.raft.LeaderState - [RaftManager id=0] High watermark set to LogOffsetMetadata(offset=1, metadata=Optional[(segmentBaseOffset=0,relativePositionInSegment=91)]) for the first time for epoch 1 based on indexOfHw 0 and voters [ReplicaState(nodeId=0, endOffset=Optional[LogOffsetMetadata(offset=1, metadata=Optional[(segmentBaseOffset=0,relativePositionInSegment=91)])], lastFetchTimestamp=-1, lastCaughtUpTimestamp=-1, hasAcknowledgedLeader=true)]
2025-06-02 23:44:55 [kafka-0-metadata-loader-event-handler] INFO  o.a.k.image.loader.MetadataLoader - [MetadataLoader id=0] initializeNewPublishers: The loader is still catching up because we have loaded up to offset -1, but the high water mark is 1
2025-06-02 23:44:55 [kafka-cluster-test-kit-executor-3] INFO  kafka.server.BrokerServer - [BrokerServer id=0] Starting broker
2025-06-02 23:44:55 [kafka-cluster-test-kit-executor-2] INFO  kafka.server.ControllerServer - [ControllerServer id=0] Waiting for controller quorum voters future
2025-06-02 23:44:55 [kafka-cluster-test-kit-executor-2] INFO  kafka.server.ControllerServer - [ControllerServer id=0] Finished waiting for controller quorum voters future
2025-06-02 23:44:55 [kafka-0-raft-io-thread] INFO  o.apache.kafka.raft.KafkaRaftClient - [RaftManager id=0] Registered the listener org.apache.kafka.image.loader.MetadataLoader@132373983
2025-06-02 23:44:55 [kafka-0-metadata-loader-event-handler] INFO  o.a.k.image.loader.MetadataLoader - [MetadataLoader id=0] maybePublishMetadata(LOG_DELTA): The loader is still catching up because we have not loaded a controller record as of offset 0 and high water mark is 1
2025-06-02 23:44:55 [broker-0-ThrottledChannelReaper-Fetch] INFO  k.s.ClientQuotaManager$ThrottledChannelReaper - [broker-0-ThrottledChannelReaper-Fetch]: Starting
2025-06-02 23:44:55 [broker-0-ThrottledChannelReaper-Produce] INFO  k.s.ClientQuotaManager$ThrottledChannelReaper - [broker-0-ThrottledChannelReaper-Produce]: Starting
2025-06-02 23:44:55 [broker-0-ThrottledChannelReaper-Request] INFO  k.s.ClientQuotaManager$ThrottledChannelReaper - [broker-0-ThrottledChannelReaper-Request]: Starting
2025-06-02 23:44:55 [broker-0-ThrottledChannelReaper-ControllerMutation] INFO  k.s.ClientQuotaManager$ThrottledChannelReaper - [broker-0-ThrottledChannelReaper-ControllerMutation]: Starting
2025-06-02 23:44:55 [kafka-cluster-test-kit-executor-3] INFO  kafka.log.LogManager - Log directory C:\Users\melba\AppData\Local\Temp\kafka-6963404728273164374\broker_0_data0 not found, creating it.
2025-06-02 23:44:55 [kafka-cluster-test-kit-executor-2] INFO  o.a.k.controller.QuorumController - [QuorumController id=0] Creating new QuorumController with clusterId 1l1kCuYBSk-Fe9ZfrHZK4g.
2025-06-02 23:44:55 [kafka-0-raft-io-thread] INFO  o.apache.kafka.raft.KafkaRaftClient - [RaftManager id=0] Registered the listener org.apache.kafka.controller.QuorumController$QuorumMetaLogListener@11798528
2025-06-02 23:44:55 [controller-0-ThrottledChannelReaper-Fetch] INFO  k.s.ClientQuotaManager$ThrottledChannelReaper - [controller-0-ThrottledChannelReaper-Fetch]: Starting
2025-06-02 23:44:55 [controller-0-ThrottledChannelReaper-Request] INFO  k.s.ClientQuotaManager$ThrottledChannelReaper - [controller-0-ThrottledChannelReaper-Request]: Starting
2025-06-02 23:44:55 [controller-0-ThrottledChannelReaper-Produce] INFO  k.s.ClientQuotaManager$ThrottledChannelReaper - [controller-0-ThrottledChannelReaper-Produce]: Starting
2025-06-02 23:44:55 [controller-0-ThrottledChannelReaper-ControllerMutation] INFO  k.s.ClientQuotaManager$ThrottledChannelReaper - [controller-0-ThrottledChannelReaper-ControllerMutation]: Starting
2025-06-02 23:44:55 [quorum-controller-0-event-handler] INFO  o.a.k.controller.QuorumController - [QuorumController id=0] Becoming the active controller at epoch 1, next write offset 1.
2025-06-02 23:44:55 [kafka-cluster-test-kit-executor-3] INFO  kafka.server.BrokerServer - [BrokerServer id=0] Waiting for controller quorum voters future
2025-06-02 23:44:55 [kafka-cluster-test-kit-executor-3] INFO  kafka.server.BrokerServer - [BrokerServer id=0] Finished waiting for controller quorum voters future
2025-06-02 23:44:55 [quorum-controller-0-event-handler] WARN  o.a.k.controller.QuorumController - [QuorumController id=0] Performing controller activation. The metadata log appears to be empty. Appending 1 bootstrap record(s) in metadata transaction at metadata.version 3.6-IV2 from bootstrap source 'testkit'. Setting the ZK migration state to NONE since this is a de-novo KRaft cluster.
2025-06-02 23:44:55 [quorum-controller-0-event-handler] INFO  o.a.k.c.OffsetControlManager - [QuorumController id=0] Replayed BeginTransactionRecord(name='Bootstrap records') at offset 1.
2025-06-02 23:44:55 [quorum-controller-0-event-handler] INFO  o.a.k.c.FeatureControlManager - [QuorumController id=0] Replayed a FeatureLevelRecord setting metadata version to 3.6-IV2
2025-06-02 23:44:55 [quorum-controller-0-event-handler] INFO  o.a.k.c.OffsetControlManager - [QuorumController id=0] Replayed EndTransactionRecord() at offset 4.
2025-06-02 23:44:55 [broker-0-to-controller-forwarding-channel-manager] INFO  k.s.BrokerToControllerRequestThread - [broker-0-to-controller-forwarding-channel-manager]: Starting
2025-06-02 23:44:55 [broker-0-to-controller-forwarding-channel-manager] INFO  k.s.BrokerToControllerRequestThread - [broker-0-to-controller-forwarding-channel-manager]: Recorded new controller, from now on will use node localhost:57021 (id: 0 rack: null)
2025-06-02 23:44:55 [kafka-0-metadata-loader-event-handler] INFO  o.a.k.image.loader.MetadataLoader - [MetadataLoader id=0] initializeNewPublishers: The loader finished catching up to the current high water mark of 1
2025-06-02 23:44:55 [ExpirationReaper-0-AlterAcls] INFO  k.s.DelayedOperationPurgatory$ExpiredOperationReaper - [ExpirationReaper-0-AlterAcls]: Starting
2025-06-02 23:44:55 [kafka-cluster-test-kit-executor-2] INFO  kafka.server.ControllerServer - [ControllerServer id=0] Waiting for the controller metadata publishers to be installed
2025-06-02 23:44:55 [kafka-0-metadata-loader-event-handler] INFO  o.a.k.image.loader.MetadataLoader - [MetadataLoader id=0] InitializeNewPublishers: initializing SnapshotGenerator with a snapshot at offset 0
2025-06-02 23:44:55 [kafka-0-metadata-loader-event-handler] INFO  o.a.k.image.loader.MetadataLoader - [MetadataLoader id=0] InitializeNewPublishers: initializing FeaturesPublisher with a snapshot at offset 0
2025-06-02 23:44:55 [kafka-cluster-test-kit-executor-2] INFO  kafka.server.ControllerServer - [ControllerServer id=0] Finished waiting for the controller metadata publishers to be installed
2025-06-02 23:44:55 [kafka-0-metadata-loader-event-handler] INFO  o.a.k.image.loader.MetadataLoader - [MetadataLoader id=0] InitializeNewPublishers: initializing DynamicConfigPublisher controller id=0 with a snapshot at offset 0
2025-06-02 23:44:55 [kafka-cluster-test-kit-executor-2] INFO  kafka.network.SocketServer - [SocketServer listenerType=CONTROLLER, nodeId=0] Enabling request processing.
2025-06-02 23:44:55 [kafka-0-metadata-loader-event-handler] INFO  o.a.k.image.loader.MetadataLoader - [MetadataLoader id=0] InitializeNewPublishers: initializing DynamicClientQuotaPublisher controller id=0 with a snapshot at offset 0
2025-06-02 23:44:55 [kafka-0-metadata-loader-event-handler] INFO  o.a.k.image.loader.MetadataLoader - [MetadataLoader id=0] InitializeNewPublishers: initializing ScramPublisher controller id=0 with a snapshot at offset 0
2025-06-02 23:44:55 [kafka-cluster-test-kit-executor-2] INFO  kafka.server.ControllerServer - [ControllerServer id=0] Waiting for all of the authorizer futures to be completed
2025-06-02 23:44:55 [kafka-cluster-test-kit-executor-2] INFO  kafka.server.ControllerServer - [ControllerServer id=0] Finished waiting for all of the authorizer futures to be completed
2025-06-02 23:44:55 [kafka-cluster-test-kit-executor-2] INFO  kafka.server.ControllerServer - [ControllerServer id=0] Waiting for all of the SocketServer Acceptors to be started
2025-06-02 23:44:55 [kafka-cluster-test-kit-executor-2] INFO  kafka.server.ControllerServer - [ControllerServer id=0] Finished waiting for all of the SocketServer Acceptors to be started
2025-06-02 23:44:55 [kafka-0-metadata-loader-event-handler] INFO  o.a.k.image.loader.MetadataLoader - [MetadataLoader id=0] InitializeNewPublishers: initializing DelegationTokenPublisher controller id=0 with a snapshot at offset 0
2025-06-02 23:44:55 [kafka-cluster-test-kit-executor-3] INFO  kafka.network.ConnectionQuotas - Updated connection-accept-rate max connection creation rate to 2147483647
2025-06-02 23:44:55 [kafka-0-metadata-loader-event-handler] INFO  o.a.k.image.loader.MetadataLoader - [MetadataLoader id=0] InitializeNewPublishers: initializing ControllerMetadataMetricsPublisher with a snapshot at offset 0
2025-06-02 23:44:55 [kafka-0-metadata-loader-event-handler] INFO  o.a.k.image.loader.MetadataLoader - [MetadataLoader id=0] InitializeNewPublishers: initializing AclPublisher controller id=0 with a snapshot at offset 0
2025-06-02 23:44:55 [kafka-cluster-test-kit-executor-3] INFO  kafka.network.DataPlaneAcceptor - Awaiting socket connections on localhost:57023.
2025-06-02 23:44:55 [kafka-cluster-test-kit-executor-3] INFO  kafka.network.DataPlaneAcceptor - Opened wildcard endpoint localhost:57023
2025-06-02 23:44:55 [kafka-cluster-test-kit-executor-3] INFO  kafka.network.SocketServer - [SocketServer listenerType=BROKER, nodeId=0] Created data-plane acceptor and processors for endpoint : ListenerName(EXTERNAL)
2025-06-02 23:44:55 [broker-0-to-controller-alter-partition-channel-manager] INFO  k.s.BrokerToControllerRequestThread - [broker-0-to-controller-alter-partition-channel-manager]: Starting
2025-06-02 23:44:55 [broker-0-to-controller-alter-partition-channel-manager] INFO  k.s.BrokerToControllerRequestThread - [broker-0-to-controller-alter-partition-channel-manager]: Recorded new controller, from now on will use node localhost:57021 (id: 0 rack: null)
2025-06-02 23:44:55 [ExpirationReaper-0-Produce] INFO  k.s.DelayedOperationPurgatory$ExpiredOperationReaper - [ExpirationReaper-0-Produce]: Starting
2025-06-02 23:44:55 [ExpirationReaper-0-Fetch] INFO  k.s.DelayedOperationPurgatory$ExpiredOperationReaper - [ExpirationReaper-0-Fetch]: Starting
2025-06-02 23:44:55 [ExpirationReaper-0-DeleteRecords] INFO  k.s.DelayedOperationPurgatory$ExpiredOperationReaper - [ExpirationReaper-0-DeleteRecords]: Starting
2025-06-02 23:44:55 [ExpirationReaper-0-ElectLeader] INFO  k.s.DelayedOperationPurgatory$ExpiredOperationReaper - [ExpirationReaper-0-ElectLeader]: Starting
2025-06-02 23:44:55 [ExpirationReaper-0-RemoteFetch] INFO  k.s.DelayedOperationPurgatory$ExpiredOperationReaper - [ExpirationReaper-0-RemoteFetch]: Starting
2025-06-02 23:44:55 [ExpirationReaper-0-Heartbeat] INFO  k.s.DelayedOperationPurgatory$ExpiredOperationReaper - [ExpirationReaper-0-Heartbeat]: Starting
2025-06-02 23:44:55 [ExpirationReaper-0-Rebalance] INFO  k.s.DelayedOperationPurgatory$ExpiredOperationReaper - [ExpirationReaper-0-Rebalance]: Starting
2025-06-02 23:44:55 [broker-0-to-controller-heartbeat-channel-manager] INFO  k.s.BrokerToControllerRequestThread - [broker-0-to-controller-heartbeat-channel-manager]: Starting
2025-06-02 23:44:55 [broker-0-to-controller-heartbeat-channel-manager] INFO  k.s.BrokerToControllerRequestThread - [broker-0-to-controller-heartbeat-channel-manager]: Recorded new controller, from now on will use node localhost:57021 (id: 0 rack: null)
2025-06-02 23:44:55 [broker-0-lifecycle-manager-event-handler] INFO  kafka.server.BrokerLifecycleManager - [BrokerLifecycleManager id=0] Incarnation Avt6Xc1lQOyofK4OGBPYLA of broker 0 in cluster 1l1kCuYBSk-Fe9ZfrHZK4g is now STARTING.
2025-06-02 23:44:55 [ExpirationReaper-0-AlterAcls] INFO  k.s.DelayedOperationPurgatory$ExpiredOperationReaper - [ExpirationReaper-0-AlterAcls]: Starting
2025-06-02 23:44:55 [kafka-cluster-test-kit-executor-3] INFO  kafka.server.BrokerServer - [BrokerServer id=0] Waiting for the broker metadata publishers to be installed
2025-06-02 23:44:55 [kafka-cluster-test-kit-executor-3] INFO  kafka.server.BrokerServer - [BrokerServer id=0] Finished waiting for the broker metadata publishers to be installed
2025-06-02 23:44:55 [kafka-cluster-test-kit-executor-3] INFO  kafka.server.BrokerServer - [BrokerServer id=0] Waiting for the controller to acknowledge that we are caught up
2025-06-02 23:44:55 [kafka-0-metadata-loader-event-handler] INFO  o.a.k.image.loader.MetadataLoader - [MetadataLoader id=0] InitializeNewPublishers: initializing BrokerMetadataPublisher with a snapshot at offset 4
2025-06-02 23:44:55 [kafka-0-metadata-loader-event-handler] INFO  k.s.metadata.BrokerMetadataPublisher - [BrokerMetadataPublisher id=0] Publishing initial metadata at offset OffsetAndEpoch(offset=4, epoch=1) with metadata.version 3.6-IV2.
2025-06-02 23:44:55 [kafka-0-metadata-loader-event-handler] INFO  kafka.log.LogManager - Loading logs from log dirs ArraySeq(C:\Users\melba\AppData\Local\Temp\kafka-6963404728273164374\broker_0_data0)
2025-06-02 23:44:55 [kafka-0-metadata-loader-event-handler] INFO  kafka.log.LogManager - No logs found to be loaded in C:\Users\melba\AppData\Local\Temp\kafka-6963404728273164374\broker_0_data0
2025-06-02 23:44:55 [kafka-0-metadata-loader-event-handler] INFO  kafka.log.LogManager - Loaded 0 logs in 12ms
2025-06-02 23:44:55 [kafka-0-metadata-loader-event-handler] INFO  kafka.log.LogManager - Starting log cleanup with a period of 300000 ms.
2025-06-02 23:44:55 [kafka-0-metadata-loader-event-handler] INFO  kafka.log.LogManager - Starting log flusher with a default period of 9223372036854775807 ms.
2025-06-02 23:44:55 [quorum-controller-0-event-handler] INFO  o.a.k.c.ClusterControlManager - [QuorumController id=0] Replayed initial RegisterBrokerRecord for broker 0: RegisterBrokerRecord(brokerId=0, isMigratingZkBroker=false, incarnationId=Avt6Xc1lQOyofK4OGBPYLA, brokerEpoch=5, endPoints=[BrokerEndpoint(name='EXTERNAL', host='localhost', port=57023, securityProtocol=0)], features=[BrokerFeature(name='metadata.version', minSupportedVersion=1, maxSupportedVersion=14)], rack=null, fenced=true, inControlledShutdown=false)
2025-06-02 23:44:55 [kafka-0-metadata-loader-event-handler] INFO  kafka.log.LogCleaner - Starting the log cleaner
2025-06-02 23:44:55 [kafka-log-cleaner-thread-0] INFO  kafka.log.LogCleaner$CleanerThread - [kafka-log-cleaner-thread-0]: Starting
2025-06-02 23:44:55 [LogDirFailureHandler] INFO  k.s.ReplicaManager$LogDirFailureHandler - [LogDirFailureHandler]: Starting
2025-06-02 23:44:55 [AddPartitionsToTxnSenderThread-0] INFO  k.server.AddPartitionsToTxnManager - [AddPartitionsToTxnSenderThread-0]: Starting
2025-06-02 23:44:55 [kafka-0-metadata-loader-event-handler] INFO  k.coordinator.group.GroupCoordinator - [GroupCoordinator 0]: Starting up.
2025-06-02 23:44:55 [kafka-0-metadata-loader-event-handler] INFO  k.coordinator.group.GroupCoordinator - [GroupCoordinator 0]: Startup complete.
2025-06-02 23:44:55 [kafka-0-metadata-loader-event-handler] INFO  k.c.t.TransactionCoordinator - [TransactionCoordinator id=0] Starting up.
2025-06-02 23:44:55 [TxnMarkerSenderThread-0] INFO  k.c.t.TransactionMarkerChannelManager - [TxnMarkerSenderThread-0]: Starting
2025-06-02 23:44:55 [kafka-0-metadata-loader-event-handler] INFO  k.c.t.TransactionCoordinator - [TransactionCoordinator id=0] Startup complete.
2025-06-02 23:44:55 [kafka-0-metadata-loader-event-handler] INFO  k.s.metadata.BrokerMetadataPublisher - [BrokerMetadataPublisher id=0] Updating metadata.version to 14 at offset OffsetAndEpoch(offset=4, epoch=1).
2025-06-02 23:44:55 [broker-0-to-controller-heartbeat-channel-manager] INFO  kafka.server.BrokerLifecycleManager - [BrokerLifecycleManager id=0] Successfully registered broker 0 with broker epoch 5
2025-06-02 23:44:56 [broker-0-to-controller-heartbeat-channel-manager] INFO  kafka.server.BrokerLifecycleManager - [BrokerLifecycleManager id=0] The broker has caught up. Transitioning from STARTING to RECOVERY.
2025-06-02 23:44:56 [kafka-cluster-test-kit-executor-3] INFO  kafka.server.BrokerServer - [BrokerServer id=0] Finished waiting for the controller to acknowledge that we are caught up
2025-06-02 23:44:56 [kafka-cluster-test-kit-executor-3] INFO  kafka.server.BrokerServer - [BrokerServer id=0] Waiting for the initial broker metadata update to be published
2025-06-02 23:44:56 [kafka-cluster-test-kit-executor-3] INFO  kafka.server.BrokerServer - [BrokerServer id=0] Finished waiting for the initial broker metadata update to be published
2025-06-02 23:44:56 [kafka-cluster-test-kit-executor-3] INFO  kafka.server.KafkaConfig - KafkaConfig values: 
	advertised.listeners = null
	alter.config.policy.class.name = null
	alter.log.dirs.replication.quota.window.num = 11
	alter.log.dirs.replication.quota.window.size.seconds = 1
	authorizer.class.name = 
	auto.create.topics.enable = true
	auto.include.jmx.reporter = true
	auto.leader.rebalance.enable = true
	background.threads = 10
	broker.heartbeat.interval.ms = 2000
	broker.id = 0
	broker.id.generation.enable = true
	broker.rack = null
	broker.session.timeout.ms = 9000
	client.quota.callback.class = null
	compression.type = producer
	connection.failed.authentication.delay.ms = 100
	connections.max.idle.ms = 600000
	connections.max.reauth.ms = 0
	control.plane.listener.name = null
	controlled.shutdown.enable = true
	controlled.shutdown.max.retries = 3
	controlled.shutdown.retry.backoff.ms = 5000
	controller.listener.names = CONTROLLER
	controller.quorum.append.linger.ms = 25
	controller.quorum.election.backoff.max.ms = 1000
	controller.quorum.election.timeout.ms = 1000
	controller.quorum.fetch.timeout.ms = 2000
	controller.quorum.request.timeout.ms = 2000
	controller.quorum.retry.backoff.ms = 20
	controller.quorum.voters = [0@0.0.0.0:0]
	controller.quota.window.num = 11
	controller.quota.window.size.seconds = 1
	controller.socket.timeout.ms = 30000
	create.topic.policy.class.name = null
	default.replication.factor = 1
	delegation.token.expiry.check.interval.ms = 3600000
	delegation.token.expiry.time.ms = 86400000
	delegation.token.master.key = null
	delegation.token.max.lifetime.ms = 604800000
	delegation.token.secret.key = null
	delete.records.purgatory.purge.interval.requests = 1
	delete.topic.enable = true
	early.start.listeners = null
	fetch.max.bytes = 57671680
	fetch.purgatory.purge.interval.requests = 1000
	group.consumer.assignors = [org.apache.kafka.coordinator.group.assignor.RangeAssignor]
	group.consumer.heartbeat.interval.ms = 5000
	group.consumer.max.heartbeat.interval.ms = 15000
	group.consumer.max.session.timeout.ms = 60000
	group.consumer.max.size = 2147483647
	group.consumer.min.heartbeat.interval.ms = 5000
	group.consumer.min.session.timeout.ms = 45000
	group.consumer.session.timeout.ms = 45000
	group.coordinator.new.enable = false
	group.coordinator.threads = 1
	group.initial.rebalance.delay.ms = 0
	group.max.session.timeout.ms = 1800000
	group.max.size = 2147483647
	group.min.session.timeout.ms = 6000
	initial.broker.registration.timeout.ms = 60000
	inter.broker.listener.name = EXTERNAL
	inter.broker.protocol.version = 3.6-IV2
	kafka.metrics.polling.interval.secs = 10
	kafka.metrics.reporters = []
	leader.imbalance.check.interval.seconds = 300
	leader.imbalance.per.broker.percentage = 10
	listener.security.protocol.map = EXTERNAL:PLAINTEXT,CONTROLLER:PLAINTEXT
	listeners = EXTERNAL://localhost:0,CONTROLLER://localhost:0
	log.cleaner.backoff.ms = 15000
	log.cleaner.dedupe.buffer.size = 2097152
	log.cleaner.delete.retention.ms = 86400000
	log.cleaner.enable = true
	log.cleaner.io.buffer.load.factor = 0.9
	log.cleaner.io.buffer.size = 524288
	log.cleaner.io.max.bytes.per.second = 1.7976931348623157E308
	log.cleaner.max.compaction.lag.ms = 9223372036854775807
	log.cleaner.min.cleanable.ratio = 0.5
	log.cleaner.min.compaction.lag.ms = 0
	log.cleaner.threads = 1
	log.cleanup.policy = [delete]
	log.dir = /tmp/kafka-logs
	log.dirs = C:\Users\melba\AppData\Local\Temp\kafka-6963404728273164374\broker_0_data0
	log.flush.interval.messages = 9223372036854775807
	log.flush.interval.ms = null
	log.flush.offset.checkpoint.interval.ms = 60000
	log.flush.scheduler.interval.ms = 9223372036854775807
	log.flush.start.offset.checkpoint.interval.ms = 60000
	log.index.interval.bytes = 4096
	log.index.size.max.bytes = 10485760
	log.local.retention.bytes = -2
	log.local.retention.ms = -2
	log.message.downconversion.enable = true
	log.message.format.version = 3.0-IV1
	log.message.timestamp.after.max.ms = 9223372036854775807
	log.message.timestamp.before.max.ms = 9223372036854775807
	log.message.timestamp.difference.max.ms = 9223372036854775807
	log.message.timestamp.type = CreateTime
	log.preallocate = false
	log.retention.bytes = -1
	log.retention.check.interval.ms = 300000
	log.retention.hours = 168
	log.retention.minutes = null
	log.retention.ms = null
	log.roll.hours = 168
	log.roll.jitter.hours = 0
	log.roll.jitter.ms = null
	log.roll.ms = null
	log.segment.bytes = 1073741824
	log.segment.delete.delay.ms = 60000
	max.connection.creation.rate = 2147483647
	max.connections = 2147483647
	max.connections.per.ip = 2147483647
	max.connections.per.ip.overrides = 
	max.incremental.fetch.session.cache.slots = 1000
	message.max.bytes = 1048588
	metadata.log.dir = C:\Users\melba\AppData\Local\Temp\kafka-6963404728273164374\controller_0
	metadata.log.max.record.bytes.between.snapshots = 20971520
	metadata.log.max.snapshot.interval.ms = 3600000
	metadata.log.segment.bytes = 1073741824
	metadata.log.segment.min.bytes = 8388608
	metadata.log.segment.ms = 604800000
	metadata.max.idle.interval.ms = 500
	metadata.max.retention.bytes = 104857600
	metadata.max.retention.ms = 604800000
	metric.reporters = []
	metrics.num.samples = 2
	metrics.recording.level = INFO
	metrics.sample.window.ms = 30000
	min.insync.replicas = 1
	node.id = 0
	num.io.threads = 8
	num.network.threads = 3
	num.partitions = 1
	num.recovery.threads.per.data.dir = 1
	num.replica.alter.log.dirs.threads = null
	num.replica.fetchers = 1
	offset.metadata.max.bytes = 4096
	offsets.commit.required.acks = -1
	offsets.commit.timeout.ms = 5000
	offsets.load.buffer.size = 5242880
	offsets.retention.check.interval.ms = 600000
	offsets.retention.minutes = 10080
	offsets.topic.compression.codec = 0
	offsets.topic.num.partitions = 50
	offsets.topic.replication.factor = 1
	offsets.topic.segment.bytes = 104857600
	password.encoder.cipher.algorithm = AES/CBC/PKCS5Padding
	password.encoder.iterations = 4096
	password.encoder.key.length = 128
	password.encoder.keyfactory.algorithm = null
	password.encoder.old.secret = null
	password.encoder.secret = null
	principal.builder.class = class org.apache.kafka.common.security.authenticator.DefaultKafkaPrincipalBuilder
	process.roles = [broker, controller]
	producer.id.expiration.check.interval.ms = 600000
	producer.id.expiration.ms = 86400000
	producer.purgatory.purge.interval.requests = 1000
	queued.max.request.bytes = -1
	queued.max.requests = 500
	quota.window.num = 11
	quota.window.size.seconds = 1
	remote.log.index.file.cache.total.size.bytes = 1073741824
	remote.log.manager.task.interval.ms = 30000
	remote.log.manager.task.retry.backoff.max.ms = 30000
	remote.log.manager.task.retry.backoff.ms = 500
	remote.log.manager.task.retry.jitter = 0.2
	remote.log.manager.thread.pool.size = 10
	remote.log.metadata.custom.metadata.max.bytes = 128
	remote.log.metadata.manager.class.name = org.apache.kafka.server.log.remote.metadata.storage.TopicBasedRemoteLogMetadataManager
	remote.log.metadata.manager.class.path = null
	remote.log.metadata.manager.impl.prefix = rlmm.config.
	remote.log.metadata.manager.listener.name = null
	remote.log.reader.max.pending.tasks = 100
	remote.log.reader.threads = 10
	remote.log.storage.manager.class.name = null
	remote.log.storage.manager.class.path = null
	remote.log.storage.manager.impl.prefix = rsm.config.
	remote.log.storage.system.enable = false
	replica.fetch.backoff.ms = 1000
	replica.fetch.max.bytes = 1048576
	replica.fetch.min.bytes = 1
	replica.fetch.response.max.bytes = 10485760
	replica.fetch.wait.max.ms = 500
	replica.high.watermark.checkpoint.interval.ms = 5000
	replica.lag.time.max.ms = 30000
	replica.selector.class = null
	replica.socket.receive.buffer.bytes = 65536
	replica.socket.timeout.ms = 30000
	replication.quota.window.num = 11
	replication.quota.window.size.seconds = 1
	request.timeout.ms = 30000
	reserved.broker.max.id = 1000
	sasl.client.callback.handler.class = null
	sasl.enabled.mechanisms = [GSSAPI]
	sasl.jaas.config = null
	sasl.kerberos.kinit.cmd = /usr/bin/kinit
	sasl.kerberos.min.time.before.relogin = 60000
	sasl.kerberos.principal.to.local.rules = [DEFAULT]
	sasl.kerberos.service.name = null
	sasl.kerberos.ticket.renew.jitter = 0.05
	sasl.kerberos.ticket.renew.window.factor = 0.8
	sasl.login.callback.handler.class = null
	sasl.login.class = null
	sasl.login.connect.timeout.ms = null
	sasl.login.read.timeout.ms = null
	sasl.login.refresh.buffer.seconds = 300
	sasl.login.refresh.min.period.seconds = 60
	sasl.login.refresh.window.factor = 0.8
	sasl.login.refresh.window.jitter = 0.05
	sasl.login.retry.backoff.max.ms = 10000
	sasl.login.retry.backoff.ms = 100
	sasl.mechanism.controller.protocol = GSSAPI
	sasl.mechanism.inter.broker.protocol = GSSAPI
	sasl.oauthbearer.clock.skew.seconds = 30
	sasl.oauthbearer.expected.audience = null
	sasl.oauthbearer.expected.issuer = null
	sasl.oauthbearer.jwks.endpoint.refresh.ms = 3600000
	sasl.oauthbearer.jwks.endpoint.retry.backoff.max.ms = 10000
	sasl.oauthbearer.jwks.endpoint.retry.backoff.ms = 100
	sasl.oauthbearer.jwks.endpoint.url = null
	sasl.oauthbearer.scope.claim.name = scope
	sasl.oauthbearer.sub.claim.name = sub
	sasl.oauthbearer.token.endpoint.url = null
	sasl.server.callback.handler.class = null
	sasl.server.max.receive.size = 524288
	security.inter.broker.protocol = PLAINTEXT
	security.providers = null
	server.max.startup.time.ms = 600000
	socket.connection.setup.timeout.max.ms = 30000
	socket.connection.setup.timeout.ms = 10000
	socket.listen.backlog.size = 50
	socket.receive.buffer.bytes = 102400
	socket.request.max.bytes = 104857600
	socket.send.buffer.bytes = 102400
	ssl.cipher.suites = []
	ssl.client.auth = none
	ssl.enabled.protocols = [TLSv1.2, TLSv1.3]
	ssl.endpoint.identification.algorithm = https
	ssl.engine.factory.class = null
	ssl.key.password = null
	ssl.keymanager.algorithm = SunX509
	ssl.keystore.certificate.chain = null
	ssl.keystore.key = null
	ssl.keystore.location = null
	ssl.keystore.password = null
	ssl.keystore.type = JKS
	ssl.principal.mapping.rules = DEFAULT
	ssl.protocol = TLSv1.3
	ssl.provider = null
	ssl.secure.random.implementation = null
	ssl.trustmanager.algorithm = PKIX
	ssl.truststore.certificates = null
	ssl.truststore.location = null
	ssl.truststore.password = null
	ssl.truststore.type = JKS
	transaction.abort.timed.out.transaction.cleanup.interval.ms = 10000
	transaction.max.timeout.ms = 900000
	transaction.partition.verification.enable = true
	transaction.remove.expired.transaction.cleanup.interval.ms = 3600000
	transaction.state.log.load.buffer.size = 5242880
	transaction.state.log.min.isr = 2
	transaction.state.log.num.partitions = 50
	transaction.state.log.replication.factor = 3
	transaction.state.log.segment.bytes = 104857600
	transactional.id.expiration.ms = 604800000
	unclean.leader.election.enable = false
	unstable.api.versions.enable = false
	zookeeper.clientCnxnSocket = null
	zookeeper.connect = null
	zookeeper.connection.timeout.ms = null
	zookeeper.max.in.flight.requests = 10
	zookeeper.metadata.migration.enable = false
	zookeeper.session.timeout.ms = 18000
	zookeeper.set.acl = false
	zookeeper.ssl.cipher.suites = null
	zookeeper.ssl.client.enable = false
	zookeeper.ssl.crl.enable = false
	zookeeper.ssl.enabled.protocols = null
	zookeeper.ssl.endpoint.identification.algorithm = HTTPS
	zookeeper.ssl.keystore.location = null
	zookeeper.ssl.keystore.password = null
	zookeeper.ssl.keystore.type = null
	zookeeper.ssl.ocsp.enable = false
	zookeeper.ssl.protocol = TLSv1.2
	zookeeper.ssl.truststore.location = null
	zookeeper.ssl.truststore.password = null
	zookeeper.ssl.truststore.type = null

2025-06-02 23:44:56 [kafka-cluster-test-kit-executor-3] INFO  kafka.server.BrokerServer - [BrokerServer id=0] Waiting for the broker to be unfenced
2025-06-02 23:44:56 [quorum-controller-0-event-handler] INFO  o.a.k.c.BrokerHeartbeatManager - [QuorumController id=0] The request from broker 0 to unfence has been granted because it has caught up with the offset of its register broker record 5.
2025-06-02 23:44:56 [quorum-controller-0-event-handler] INFO  o.a.k.c.ClusterControlManager - [QuorumController id=0] Replayed BrokerRegistrationChangeRecord modifying the registration for broker 0: BrokerRegistrationChangeRecord(brokerId=0, brokerEpoch=5, fenced=-1, inControlledShutdown=0)
2025-06-02 23:44:56 [broker-0-to-controller-heartbeat-channel-manager] INFO  kafka.server.BrokerLifecycleManager - [BrokerLifecycleManager id=0] The broker has been unfenced. Transitioning from RECOVERY to RUNNING.
2025-06-02 23:44:56 [kafka-cluster-test-kit-executor-3] INFO  kafka.server.BrokerServer - [BrokerServer id=0] Finished waiting for the broker to be unfenced
2025-06-02 23:44:56 [kafka-cluster-test-kit-executor-3] INFO  o.a.k.s.network.EndpointReadyFutures - authorizerStart completed for endpoint EXTERNAL. Endpoint is now READY.
2025-06-02 23:44:56 [kafka-cluster-test-kit-executor-3] INFO  kafka.network.SocketServer - [SocketServer listenerType=BROKER, nodeId=0] Enabling request processing.
2025-06-02 23:44:56 [kafka-cluster-test-kit-executor-3] INFO  kafka.server.BrokerServer - [BrokerServer id=0] Waiting for all of the authorizer futures to be completed
2025-06-02 23:44:56 [kafka-cluster-test-kit-executor-3] INFO  kafka.server.BrokerServer - [BrokerServer id=0] Finished waiting for all of the authorizer futures to be completed
2025-06-02 23:44:56 [kafka-cluster-test-kit-executor-3] INFO  kafka.server.BrokerServer - [BrokerServer id=0] Waiting for all of the SocketServer Acceptors to be started
2025-06-02 23:44:56 [kafka-cluster-test-kit-executor-3] INFO  kafka.server.BrokerServer - [BrokerServer id=0] Finished waiting for all of the SocketServer Acceptors to be started
2025-06-02 23:44:56 [kafka-cluster-test-kit-executor-3] INFO  kafka.server.BrokerServer - [BrokerServer id=0] Transition from STARTING to STARTED
2025-06-02 23:44:56 [main] INFO  o.a.k.c.admin.AdminClientConfig - AdminClientConfig values: 
	auto.include.jmx.reporter = true
	bootstrap.servers = [localhost:57023]
	client.dns.lookup = use_all_dns_ips
	client.id = 
	connections.max.idle.ms = 300000
	default.api.timeout.ms = 60000
	metadata.max.age.ms = 300000
	metric.reporters = []
	metrics.num.samples = 2
	metrics.recording.level = INFO
	metrics.sample.window.ms = 30000
	receive.buffer.bytes = 65536
	reconnect.backoff.max.ms = 1000
	reconnect.backoff.ms = 50
	request.timeout.ms = 30000
	retries = 2147483647
	retry.backoff.ms = 100
	sasl.client.callback.handler.class = null
	sasl.jaas.config = null
	sasl.kerberos.kinit.cmd = /usr/bin/kinit
	sasl.kerberos.min.time.before.relogin = 60000
	sasl.kerberos.service.name = null
	sasl.kerberos.ticket.renew.jitter = 0.05
	sasl.kerberos.ticket.renew.window.factor = 0.8
	sasl.login.callback.handler.class = null
	sasl.login.class = null
	sasl.login.connect.timeout.ms = null
	sasl.login.read.timeout.ms = null
	sasl.login.refresh.buffer.seconds = 300
	sasl.login.refresh.min.period.seconds = 60
	sasl.login.refresh.window.factor = 0.8
	sasl.login.refresh.window.jitter = 0.05
	sasl.login.retry.backoff.max.ms = 10000
	sasl.login.retry.backoff.ms = 100
	sasl.mechanism = GSSAPI
	sasl.oauthbearer.clock.skew.seconds = 30
	sasl.oauthbearer.expected.audience = null
	sasl.oauthbearer.expected.issuer = null
	sasl.oauthbearer.jwks.endpoint.refresh.ms = 3600000
	sasl.oauthbearer.jwks.endpoint.retry.backoff.max.ms = 10000
	sasl.oauthbearer.jwks.endpoint.retry.backoff.ms = 100
	sasl.oauthbearer.jwks.endpoint.url = null
	sasl.oauthbearer.scope.claim.name = scope
	sasl.oauthbearer.sub.claim.name = sub
	sasl.oauthbearer.token.endpoint.url = null
	security.protocol = PLAINTEXT
	security.providers = null
	send.buffer.bytes = 131072
	socket.connection.setup.timeout.max.ms = 30000
	socket.connection.setup.timeout.ms = 10000
	ssl.cipher.suites = null
	ssl.enabled.protocols = [TLSv1.2, TLSv1.3]
	ssl.endpoint.identification.algorithm = https
	ssl.engine.factory.class = null
	ssl.key.password = null
	ssl.keymanager.algorithm = SunX509
	ssl.keystore.certificate.chain = null
	ssl.keystore.key = null
	ssl.keystore.location = null
	ssl.keystore.password = null
	ssl.keystore.type = JKS
	ssl.protocol = TLSv1.3
	ssl.provider = null
	ssl.secure.random.implementation = null
	ssl.trustmanager.algorithm = PKIX
	ssl.truststore.certificates = null
	ssl.truststore.location = null
	ssl.truststore.password = null
	ssl.truststore.type = JKS

2025-06-02 23:44:56 [main] INFO  o.a.kafka.common.utils.AppInfoParser - Kafka version: 3.6.1
2025-06-02 23:44:56 [main] INFO  o.a.kafka.common.utils.AppInfoParser - Kafka commitId: 5e3c2b738d253ff5
2025-06-02 23:44:56 [main] INFO  o.a.kafka.common.utils.AppInfoParser - Kafka startTimeMs: 1748897096108
2025-06-02 23:44:56 [quorum-controller-0-event-handler] INFO  o.a.k.c.ReplicationControlManager - [QuorumController id=0] CreateTopics result(s): CreatableTopic(name='cdr-topic2', numPartitions=1, replicationFactor=1, assignments=[], configs=[]): SUCCESS
2025-06-02 23:44:56 [quorum-controller-0-event-handler] INFO  o.a.k.c.ReplicationControlManager - [QuorumController id=0] Replayed TopicRecord for topic cdr-topic2 with topic ID AEigkqSRRjG-XNbUoMOVOA.
2025-06-02 23:44:56 [quorum-controller-0-event-handler] INFO  o.a.k.c.ReplicationControlManager - [QuorumController id=0] Replayed PartitionRecord for new partition cdr-topic2-0 with topic ID AEigkqSRRjG-XNbUoMOVOA and PartitionRegistration(replicas=[0], isr=[0], removingReplicas=[], addingReplicas=[], leader=0, leaderRecoveryState=RECOVERED, leaderEpoch=0, partitionEpoch=0).
2025-06-02 23:44:56 [kafka-0-metadata-loader-event-handler] INFO  state.change.logger - [Broker id=0] Transitioning 1 partition(s) to local leaders.
2025-06-02 23:44:56 [kafka-0-metadata-loader-event-handler] INFO  kafka.server.ReplicaFetcherManager - [ReplicaFetcherManager on broker 0] Removed fetcher for partitions Set(cdr-topic2-0)
2025-06-02 23:44:56 [kafka-admin-client-thread | adminclient-1] INFO  o.a.kafka.common.utils.AppInfoParser - App info kafka.admin.client for adminclient-1 unregistered
2025-06-02 23:44:56 [kafka-0-metadata-loader-event-handler] INFO  state.change.logger - [Broker id=0] Creating new partition cdr-topic2-0 with topic id AEigkqSRRjG-XNbUoMOVOA.
2025-06-02 23:44:56 [kafka-admin-client-thread | adminclient-1] INFO  o.a.kafka.common.metrics.Metrics - Metrics scheduler closed
2025-06-02 23:44:56 [kafka-admin-client-thread | adminclient-1] INFO  o.a.kafka.common.metrics.Metrics - Closing reporter org.apache.kafka.common.metrics.JmxReporter
2025-06-02 23:44:56 [kafka-admin-client-thread | adminclient-1] INFO  o.a.kafka.common.metrics.Metrics - Metrics reporters closed
2025-06-02 23:44:56 [main] INFO  com.cdr.backend.KafkaMessageTest - Starting KafkaMessageTest using Java 17.0.15 with PID 12496 (started by b3dsh in C:\Mahmoud\Hammmmmm\Projects\cdr-platform\ms-backend)
2025-06-02 23:44:56 [main] DEBUG com.cdr.backend.KafkaMessageTest - Running with Spring Boot v3.2.3, Spring v6.1.4
2025-06-02 23:44:56 [main] INFO  com.cdr.backend.KafkaMessageTest - No active profile set, falling back to 1 default profile: "default"
2025-06-02 23:44:56 [kafka-0-metadata-loader-event-handler] INFO  kafka.log.UnifiedLog$ - [LogLoader partition=cdr-topic2-0, dir=C:\Users\melba\AppData\Local\Temp\kafka-6963404728273164374\broker_0_data0] Loading producer state till offset 0 with message format version 2
2025-06-02 23:44:56 [kafka-0-metadata-loader-event-handler] INFO  kafka.log.LogManager - Created log for partition cdr-topic2-0 in C:\Users\melba\AppData\Local\Temp\kafka-6963404728273164374\broker_0_data0\cdr-topic2-0 with properties {}
2025-06-02 23:44:56 [kafka-0-metadata-loader-event-handler] INFO  kafka.cluster.Partition - [Partition cdr-topic2-0 broker=0] No checkpointed highwatermark is found for partition cdr-topic2-0
2025-06-02 23:44:56 [kafka-0-metadata-loader-event-handler] INFO  kafka.cluster.Partition - [Partition cdr-topic2-0 broker=0] Log loaded for partition cdr-topic2-0 with initial high watermark 0
2025-06-02 23:44:56 [kafka-0-metadata-loader-event-handler] INFO  state.change.logger - [Broker id=0] Leader cdr-topic2-0 with topic id Some(AEigkqSRRjG-XNbUoMOVOA) starts at leader epoch 0 from offset 0 with partition epoch 0, high watermark 0, ISR [0], adding replicas [] and removing replicas [] . Previous leader None and previous leader epoch was -1.
2025-06-02 23:44:56 [main] INFO  o.s.d.r.c.RepositoryConfigurationDelegate - Bootstrapping Spring Data JPA repositories in DEFAULT mode.
2025-06-02 23:44:56 [main] INFO  o.s.d.r.c.RepositoryConfigurationDelegate - Finished Spring Data repository scanning in 31 ms. Found 1 JPA repository interface.
2025-06-02 23:44:58 [main] INFO  o.h.jpa.internal.util.LogHelper - HHH000204: Processing PersistenceUnitInfo [name: default]
2025-06-02 23:44:58 [main] INFO  org.hibernate.Version - HHH000412: Hibernate ORM core version 6.4.4.Final
2025-06-02 23:44:58 [main] INFO  o.h.c.i.RegionFactoryInitiator - HHH000026: Second-level cache disabled
2025-06-02 23:44:58 [main] INFO  o.s.o.j.p.SpringPersistenceUnitInfo - No LoadTimeWeaver setup: ignoring JPA class transformer
2025-06-02 23:44:58 [main] INFO  com.zaxxer.hikari.HikariDataSource - HikariPool-1 - Starting...
2025-06-02 23:44:58 [main] INFO  com.zaxxer.hikari.pool.HikariPool - HikariPool-1 - Added connection conn0: url=jdbc:h2:mem:testdb user=SA
2025-06-02 23:44:58 [main] INFO  com.zaxxer.hikari.HikariDataSource - HikariPool-1 - Start completed.
2025-06-02 23:44:58 [main] WARN  org.hibernate.orm.deprecation - HHH90000025: MySQL8Dialect does not need to be specified explicitly using 'hibernate.dialect' (remove the property setting and it will be selected by default)
2025-06-02 23:44:58 [main] WARN  org.hibernate.orm.deprecation - HHH90000026: MySQL8Dialect has been deprecated; use org.hibernate.dialect.MySQLDialect instead
2025-06-02 23:44:59 [main] INFO  o.h.e.t.j.p.i.JtaPlatformInitiator - HHH000489: No JTA platform available (set 'hibernate.transaction.jta.platform' to enable JTA platform integration)
2025-06-02 23:44:59 [main] INFO  o.s.o.j.LocalContainerEntityManagerFactoryBean - Initialized JPA EntityManagerFactory for persistence unit 'default'
2025-06-02 23:45:00 [main] WARN  o.s.b.a.o.j.JpaBaseConfiguration$JpaWebConfiguration - spring.jpa.open-in-view is enabled by default. Therefore, database queries may be performed during view rendering. Explicitly configure spring.jpa.open-in-view to disable this warning
2025-06-02 23:45:00 [main] DEBUG o.s.s.c.a.a.c.AuthenticationConfiguration$DefaultPasswordEncoderAuthenticationManagerBuilder - No authenticationProviders and no parentAuthenticationManager defined. Returning null.
2025-06-02 23:45:01 [main] INFO  o.s.b.a.e.web.EndpointLinksResolver - Exposing 3 endpoint(s) beneath base path '/actuator'
2025-06-02 23:45:01 [main] INFO  o.s.s.web.DefaultSecurityFilterChain - Will secure any request with [org.springframework.security.web.session.DisableEncodeUrlFilter@3e9053b3, org.springframework.security.web.context.request.async.WebAsyncManagerIntegrationFilter@138c2ba, org.springframework.security.web.context.SecurityContextHolderFilter@330f3046, org.springframework.security.web.header.HeaderWriterFilter@48fbb1bc, org.springframework.web.filter.CorsFilter@a700311, org.springframework.security.web.authentication.logout.LogoutFilter@3dd4f91d, org.springframework.security.web.savedrequest.RequestCacheAwareFilter@5e3934db, org.springframework.security.web.servletapi.SecurityContextHolderAwareRequestFilter@246ee6d8, org.springframework.security.web.authentication.AnonymousAuthenticationFilter@3c832820, org.springframework.security.web.session.SessionManagementFilter@5135b459, org.springframework.security.web.access.ExceptionTranslationFilter@45e931a9, org.springframework.security.web.access.intercept.AuthorizationFilter@4b45016d]
2025-06-02 23:45:02 [main] INFO  o.a.k.c.admin.AdminClientConfig - AdminClientConfig values: 
	auto.include.jmx.reporter = true
	bootstrap.servers = [localhost:57023]
	client.dns.lookup = use_all_dns_ips
	client.id = 
	connections.max.idle.ms = 300000
	default.api.timeout.ms = 60000
	metadata.max.age.ms = 300000
	metric.reporters = []
	metrics.num.samples = 2
	metrics.recording.level = INFO
	metrics.sample.window.ms = 30000
	receive.buffer.bytes = 65536
	reconnect.backoff.max.ms = 1000
	reconnect.backoff.ms = 50
	request.timeout.ms = 30000
	retries = 2147483647
	retry.backoff.ms = 100
	sasl.client.callback.handler.class = null
	sasl.jaas.config = null
	sasl.kerberos.kinit.cmd = /usr/bin/kinit
	sasl.kerberos.min.time.before.relogin = 60000
	sasl.kerberos.service.name = null
	sasl.kerberos.ticket.renew.jitter = 0.05
	sasl.kerberos.ticket.renew.window.factor = 0.8
	sasl.login.callback.handler.class = null
	sasl.login.class = null
	sasl.login.connect.timeout.ms = null
	sasl.login.read.timeout.ms = null
	sasl.login.refresh.buffer.seconds = 300
	sasl.login.refresh.min.period.seconds = 60
	sasl.login.refresh.window.factor = 0.8
	sasl.login.refresh.window.jitter = 0.05
	sasl.login.retry.backoff.max.ms = 10000
	sasl.login.retry.backoff.ms = 100
	sasl.mechanism = GSSAPI
	sasl.oauthbearer.clock.skew.seconds = 30
	sasl.oauthbearer.expected.audience = null
	sasl.oauthbearer.expected.issuer = null
	sasl.oauthbearer.jwks.endpoint.refresh.ms = 3600000
	sasl.oauthbearer.jwks.endpoint.retry.backoff.max.ms = 10000
	sasl.oauthbearer.jwks.endpoint.retry.backoff.ms = 100
	sasl.oauthbearer.jwks.endpoint.url = null
	sasl.oauthbearer.scope.claim.name = scope
	sasl.oauthbearer.sub.claim.name = sub
	sasl.oauthbearer.token.endpoint.url = null
	security.protocol = PLAINTEXT
	security.providers = null
	send.buffer.bytes = 131072
	socket.connection.setup.timeout.max.ms = 30000
	socket.connection.setup.timeout.ms = 10000
	ssl.cipher.suites = null
	ssl.enabled.protocols = [TLSv1.2, TLSv1.3]
	ssl.endpoint.identification.algorithm = https
	ssl.engine.factory.class = null
	ssl.key.password = null
	ssl.keymanager.algorithm = SunX509
	ssl.keystore.certificate.chain = null
	ssl.keystore.key = null
	ssl.keystore.location = null
	ssl.keystore.password = null
	ssl.keystore.type = JKS
	ssl.protocol = TLSv1.3
	ssl.provider = null
	ssl.secure.random.implementation = null
	ssl.trustmanager.algorithm = PKIX
	ssl.truststore.certificates = null
	ssl.truststore.location = null
	ssl.truststore.password = null
	ssl.truststore.type = JKS

2025-06-02 23:45:02 [main] INFO  o.a.kafka.common.utils.AppInfoParser - Kafka version: 3.6.1
2025-06-02 23:45:02 [main] INFO  o.a.kafka.common.utils.AppInfoParser - Kafka commitId: 5e3c2b738d253ff5
2025-06-02 23:45:02 [main] INFO  o.a.kafka.common.utils.AppInfoParser - Kafka startTimeMs: 1748897102053
2025-06-02 23:45:02 [main] INFO  o.s.kafka.core.KafkaAdmin - Topic 'cdr-topic2' exists but has a different partition count: 1 not 3, increasing if the broker supports it
2025-06-02 23:45:02 [quorum-controller-0-event-handler] INFO  o.a.k.c.ReplicationControlManager - [QuorumController id=0] Replayed PartitionRecord for new partition cdr-topic2-1 with topic ID AEigkqSRRjG-XNbUoMOVOA and PartitionRegistration(replicas=[0], isr=[0], removingReplicas=[], addingReplicas=[], leader=0, leaderRecoveryState=RECOVERED, leaderEpoch=0, partitionEpoch=0).
2025-06-02 23:45:02 [quorum-controller-0-event-handler] INFO  o.a.k.c.ReplicationControlManager - [QuorumController id=0] Replayed PartitionRecord for new partition cdr-topic2-2 with topic ID AEigkqSRRjG-XNbUoMOVOA and PartitionRegistration(replicas=[0], isr=[0], removingReplicas=[], addingReplicas=[], leader=0, leaderRecoveryState=RECOVERED, leaderEpoch=0, partitionEpoch=0).
2025-06-02 23:45:02 [kafka-0-metadata-loader-event-handler] INFO  state.change.logger - [Broker id=0] Transitioning 2 partition(s) to local leaders.
2025-06-02 23:45:02 [kafka-0-metadata-loader-event-handler] INFO  kafka.server.ReplicaFetcherManager - [ReplicaFetcherManager on broker 0] Removed fetcher for partitions Set(cdr-topic2-1, cdr-topic2-2)
2025-06-02 23:45:02 [kafka-0-metadata-loader-event-handler] ERROR state.change.logger - [Broker id=0] Expected partition cdr-topic2-1 with topic id AEigkqSRRjG-XNbUoMOVOA to exist, but it was missing. Creating...
2025-06-02 23:45:02 [kafka-admin-client-thread | adminclient-2] INFO  o.a.kafka.common.utils.AppInfoParser - App info kafka.admin.client for adminclient-2 unregistered
2025-06-02 23:45:02 [kafka-admin-client-thread | adminclient-2] INFO  o.a.kafka.common.metrics.Metrics - Metrics scheduler closed
2025-06-02 23:45:02 [kafka-admin-client-thread | adminclient-2] INFO  o.a.kafka.common.metrics.Metrics - Closing reporter org.apache.kafka.common.metrics.JmxReporter
2025-06-02 23:45:02 [kafka-admin-client-thread | adminclient-2] INFO  o.a.kafka.common.metrics.Metrics - Metrics reporters closed
2025-06-02 23:45:02 [kafka-0-metadata-loader-event-handler] INFO  kafka.log.UnifiedLog$ - [LogLoader partition=cdr-topic2-1, dir=C:\Users\melba\AppData\Local\Temp\kafka-6963404728273164374\broker_0_data0] Loading producer state till offset 0 with message format version 2
2025-06-02 23:45:02 [kafka-0-metadata-loader-event-handler] INFO  kafka.log.LogManager - Created log for partition cdr-topic2-1 in C:\Users\melba\AppData\Local\Temp\kafka-6963404728273164374\broker_0_data0\cdr-topic2-1 with properties {}
2025-06-02 23:45:02 [kafka-0-metadata-loader-event-handler] INFO  kafka.cluster.Partition - [Partition cdr-topic2-1 broker=0] No checkpointed highwatermark is found for partition cdr-topic2-1
2025-06-02 23:45:02 [kafka-0-metadata-loader-event-handler] INFO  kafka.cluster.Partition - [Partition cdr-topic2-1 broker=0] Log loaded for partition cdr-topic2-1 with initial high watermark 0
2025-06-02 23:45:02 [kafka-0-metadata-loader-event-handler] INFO  state.change.logger - [Broker id=0] Leader cdr-topic2-1 with topic id Some(AEigkqSRRjG-XNbUoMOVOA) starts at leader epoch 0 from offset 0 with partition epoch 0, high watermark 0, ISR [0], adding replicas [] and removing replicas [] . Previous leader None and previous leader epoch was -1.
2025-06-02 23:45:02 [kafka-0-metadata-loader-event-handler] ERROR state.change.logger - [Broker id=0] Expected partition cdr-topic2-2 with topic id AEigkqSRRjG-XNbUoMOVOA to exist, but it was missing. Creating...
2025-06-02 23:45:02 [kafka-0-metadata-loader-event-handler] INFO  kafka.log.UnifiedLog$ - [LogLoader partition=cdr-topic2-2, dir=C:\Users\melba\AppData\Local\Temp\kafka-6963404728273164374\broker_0_data0] Loading producer state till offset 0 with message format version 2
2025-06-02 23:45:02 [kafka-0-metadata-loader-event-handler] INFO  kafka.log.LogManager - Created log for partition cdr-topic2-2 in C:\Users\melba\AppData\Local\Temp\kafka-6963404728273164374\broker_0_data0\cdr-topic2-2 with properties {}
2025-06-02 23:45:02 [kafka-0-metadata-loader-event-handler] INFO  kafka.cluster.Partition - [Partition cdr-topic2-2 broker=0] No checkpointed highwatermark is found for partition cdr-topic2-2
2025-06-02 23:45:02 [kafka-0-metadata-loader-event-handler] INFO  kafka.cluster.Partition - [Partition cdr-topic2-2 broker=0] Log loaded for partition cdr-topic2-2 with initial high watermark 0
2025-06-02 23:45:02 [kafka-0-metadata-loader-event-handler] INFO  state.change.logger - [Broker id=0] Leader cdr-topic2-2 with topic id Some(AEigkqSRRjG-XNbUoMOVOA) starts at leader epoch 0 from offset 0 with partition epoch 0, high watermark 0, ISR [0], adding replicas [] and removing replicas [] . Previous leader None and previous leader epoch was -1.
2025-06-02 23:45:02 [main] INFO  o.a.k.c.consumer.ConsumerConfig - ConsumerConfig values: 
	allow.auto.create.topics = true
	auto.commit.interval.ms = 5000
	auto.include.jmx.reporter = true
	auto.offset.reset = earliest
	bootstrap.servers = [localhost:57023]
	check.crcs = true
	client.dns.lookup = use_all_dns_ips
	client.id = consumer-cdr-group-1
	client.rack = 
	connections.max.idle.ms = 540000
	default.api.timeout.ms = 60000
	enable.auto.commit = false
	exclude.internal.topics = true
	fetch.max.bytes = 52428800
	fetch.max.wait.ms = 500
	fetch.min.bytes = 1
	group.id = cdr-group
	group.instance.id = null
	heartbeat.interval.ms = 20000
	interceptor.classes = []
	internal.leave.group.on.close = true
	internal.throw.on.fetch.stable.offset.unsupported = false
	isolation.level = read_uncommitted
	key.deserializer = class org.apache.kafka.common.serialization.StringDeserializer
	max.partition.fetch.bytes = 1048576
	max.poll.interval.ms = 300000
	max.poll.records = 500
	metadata.max.age.ms = 300000
	metric.reporters = []
	metrics.num.samples = 2
	metrics.recording.level = INFO
	metrics.sample.window.ms = 30000
	partition.assignment.strategy = [class org.apache.kafka.clients.consumer.RangeAssignor, class org.apache.kafka.clients.consumer.CooperativeStickyAssignor]
	receive.buffer.bytes = 65536
	reconnect.backoff.max.ms = 1000
	reconnect.backoff.ms = 50
	request.timeout.ms = 30000
	retry.backoff.ms = 100
	sasl.client.callback.handler.class = null
	sasl.jaas.config = null
	sasl.kerberos.kinit.cmd = /usr/bin/kinit
	sasl.kerberos.min.time.before.relogin = 60000
	sasl.kerberos.service.name = null
	sasl.kerberos.ticket.renew.jitter = 0.05
	sasl.kerberos.ticket.renew.window.factor = 0.8
	sasl.login.callback.handler.class = null
	sasl.login.class = null
	sasl.login.connect.timeout.ms = null
	sasl.login.read.timeout.ms = null
	sasl.login.refresh.buffer.seconds = 300
	sasl.login.refresh.min.period.seconds = 60
	sasl.login.refresh.window.factor = 0.8
	sasl.login.refresh.window.jitter = 0.05
	sasl.login.retry.backoff.max.ms = 10000
	sasl.login.retry.backoff.ms = 100
	sasl.mechanism = GSSAPI
	sasl.oauthbearer.clock.skew.seconds = 30
	sasl.oauthbearer.expected.audience = null
	sasl.oauthbearer.expected.issuer = null
	sasl.oauthbearer.jwks.endpoint.refresh.ms = 3600000
	sasl.oauthbearer.jwks.endpoint.retry.backoff.max.ms = 10000
	sasl.oauthbearer.jwks.endpoint.retry.backoff.ms = 100
	sasl.oauthbearer.jwks.endpoint.url = null
	sasl.oauthbearer.scope.claim.name = scope
	sasl.oauthbearer.sub.claim.name = sub
	sasl.oauthbearer.token.endpoint.url = null
	security.protocol = PLAINTEXT
	security.providers = null
	send.buffer.bytes = 131072
	session.timeout.ms = 60000
	socket.connection.setup.timeout.max.ms = 30000
	socket.connection.setup.timeout.ms = 10000
	ssl.cipher.suites = null
	ssl.enabled.protocols = [TLSv1.2, TLSv1.3]
	ssl.endpoint.identification.algorithm = https
	ssl.engine.factory.class = null
	ssl.key.password = null
	ssl.keymanager.algorithm = SunX509
	ssl.keystore.certificate.chain = null
	ssl.keystore.key = null
	ssl.keystore.location = null
	ssl.keystore.password = null
	ssl.keystore.type = JKS
	ssl.protocol = TLSv1.3
	ssl.provider = null
	ssl.secure.random.implementation = null
	ssl.trustmanager.algorithm = PKIX
	ssl.truststore.certificates = null
	ssl.truststore.location = null
	ssl.truststore.password = null
	ssl.truststore.type = JKS
	value.deserializer = class org.springframework.kafka.support.serializer.JsonDeserializer

2025-06-02 23:45:02 [main] INFO  o.a.k.c.consumer.ConsumerConfig - These configurations '[spring.json.value.default.type, spring.json.use.type.headers, spring.json.trusted.packages]' were supplied but are not used yet.
2025-06-02 23:45:02 [main] INFO  o.a.kafka.common.utils.AppInfoParser - Kafka version: 3.6.1
2025-06-02 23:45:02 [main] INFO  o.a.kafka.common.utils.AppInfoParser - Kafka commitId: 5e3c2b738d253ff5
2025-06-02 23:45:02 [main] INFO  o.a.kafka.common.utils.AppInfoParser - Kafka startTimeMs: 1748897102314
2025-06-02 23:45:02 [main] INFO  o.s.k.c.DefaultKafkaConsumerFactory$ExtendedKafkaConsumer - [Consumer clientId=consumer-cdr-group-1, groupId=cdr-group] Subscribed to topic(s): cdr-topic2
2025-06-02 23:45:02 [main] INFO  com.cdr.backend.KafkaMessageTest - Started KafkaMessageTest in 8.323 seconds (process running for 9.433)
2025-06-02 23:45:02 [org.springframework.kafka.KafkaListenerEndpointContainer#0-0-C-1] INFO  org.apache.kafka.clients.Metadata - [Consumer clientId=consumer-cdr-group-1, groupId=cdr-group] Cluster ID: 1l1kCuYBSk-Fe9ZfrHZK4g
2025-06-02 23:45:02 [data-plane-kafka-request-handler-5] INFO  k.s.DefaultAutoTopicCreationManager - Sent auto-creation request for Set(__consumer_offsets) to the active controller.
2025-06-02 23:45:02 [quorum-controller-0-event-handler] INFO  o.a.k.c.ReplicationControlManager - [QuorumController id=0] CreateTopics result(s): CreatableTopic(name='__consumer_offsets', numPartitions=50, replicationFactor=1, assignments=[], configs=[CreateableTopicConfig(name='compression.type', value='producer'), CreateableTopicConfig(name='cleanup.policy', value='compact'), CreateableTopicConfig(name='segment.bytes', value='104857600')]): SUCCESS
2025-06-02 23:45:02 [quorum-controller-0-event-handler] INFO  o.a.k.c.ReplicationControlManager - [QuorumController id=0] Replayed TopicRecord for topic __consumer_offsets with topic ID 3b87RWq5TMyfmmYe8HrxDA.
2025-06-02 23:45:02 [quorum-controller-0-event-handler] INFO  o.a.k.c.ConfigurationControlManager - [QuorumController id=0] Replayed ConfigRecord for ConfigResource(type=TOPIC, name='__consumer_offsets') which set configuration compression.type to producer
2025-06-02 23:45:02 [quorum-controller-0-event-handler] INFO  o.a.k.c.ConfigurationControlManager - [QuorumController id=0] Replayed ConfigRecord for ConfigResource(type=TOPIC, name='__consumer_offsets') which set configuration cleanup.policy to compact
2025-06-02 23:45:02 [quorum-controller-0-event-handler] INFO  o.a.k.c.ConfigurationControlManager - [QuorumController id=0] Replayed ConfigRecord for ConfigResource(type=TOPIC, name='__consumer_offsets') which set configuration segment.bytes to 104857600
2025-06-02 23:45:02 [quorum-controller-0-event-handler] INFO  o.a.k.c.ReplicationControlManager - [QuorumController id=0] Replayed PartitionRecord for new partition __consumer_offsets-0 with topic ID 3b87RWq5TMyfmmYe8HrxDA and PartitionRegistration(replicas=[0], isr=[0], removingReplicas=[], addingReplicas=[], leader=0, leaderRecoveryState=RECOVERED, leaderEpoch=0, partitionEpoch=0).
2025-06-02 23:45:02 [quorum-controller-0-event-handler] INFO  o.a.k.c.ReplicationControlManager - [QuorumController id=0] Replayed PartitionRecord for new partition __consumer_offsets-1 with topic ID 3b87RWq5TMyfmmYe8HrxDA and PartitionRegistration(replicas=[0], isr=[0], removingReplicas=[], addingReplicas=[], leader=0, leaderRecoveryState=RECOVERED, leaderEpoch=0, partitionEpoch=0).
2025-06-02 23:45:02 [quorum-controller-0-event-handler] INFO  o.a.k.c.ReplicationControlManager - [QuorumController id=0] Replayed PartitionRecord for new partition __consumer_offsets-2 with topic ID 3b87RWq5TMyfmmYe8HrxDA and PartitionRegistration(replicas=[0], isr=[0], removingReplicas=[], addingReplicas=[], leader=0, leaderRecoveryState=RECOVERED, leaderEpoch=0, partitionEpoch=0).
2025-06-02 23:45:02 [quorum-controller-0-event-handler] INFO  o.a.k.c.ReplicationControlManager - [QuorumController id=0] Replayed PartitionRecord for new partition __consumer_offsets-3 with topic ID 3b87RWq5TMyfmmYe8HrxDA and PartitionRegistration(replicas=[0], isr=[0], removingReplicas=[], addingReplicas=[], leader=0, leaderRecoveryState=RECOVERED, leaderEpoch=0, partitionEpoch=0).
2025-06-02 23:45:02 [quorum-controller-0-event-handler] INFO  o.a.k.c.ReplicationControlManager - [QuorumController id=0] Replayed PartitionRecord for new partition __consumer_offsets-4 with topic ID 3b87RWq5TMyfmmYe8HrxDA and PartitionRegistration(replicas=[0], isr=[0], removingReplicas=[], addingReplicas=[], leader=0, leaderRecoveryState=RECOVERED, leaderEpoch=0, partitionEpoch=0).
2025-06-02 23:45:02 [quorum-controller-0-event-handler] INFO  o.a.k.c.ReplicationControlManager - [QuorumController id=0] Replayed PartitionRecord for new partition __consumer_offsets-5 with topic ID 3b87RWq5TMyfmmYe8HrxDA and PartitionRegistration(replicas=[0], isr=[0], removingReplicas=[], addingReplicas=[], leader=0, leaderRecoveryState=RECOVERED, leaderEpoch=0, partitionEpoch=0).
2025-06-02 23:45:02 [quorum-controller-0-event-handler] INFO  o.a.k.c.ReplicationControlManager - [QuorumController id=0] Replayed PartitionRecord for new partition __consumer_offsets-6 with topic ID 3b87RWq5TMyfmmYe8HrxDA and PartitionRegistration(replicas=[0], isr=[0], removingReplicas=[], addingReplicas=[], leader=0, leaderRecoveryState=RECOVERED, leaderEpoch=0, partitionEpoch=0).
2025-06-02 23:45:02 [quorum-controller-0-event-handler] INFO  o.a.k.c.ReplicationControlManager - [QuorumController id=0] Replayed PartitionRecord for new partition __consumer_offsets-7 with topic ID 3b87RWq5TMyfmmYe8HrxDA and PartitionRegistration(replicas=[0], isr=[0], removingReplicas=[], addingReplicas=[], leader=0, leaderRecoveryState=RECOVERED, leaderEpoch=0, partitionEpoch=0).
2025-06-02 23:45:02 [quorum-controller-0-event-handler] INFO  o.a.k.c.ReplicationControlManager - [QuorumController id=0] Replayed PartitionRecord for new partition __consumer_offsets-8 with topic ID 3b87RWq5TMyfmmYe8HrxDA and PartitionRegistration(replicas=[0], isr=[0], removingReplicas=[], addingReplicas=[], leader=0, leaderRecoveryState=RECOVERED, leaderEpoch=0, partitionEpoch=0).
2025-06-02 23:45:02 [quorum-controller-0-event-handler] INFO  o.a.k.c.ReplicationControlManager - [QuorumController id=0] Replayed PartitionRecord for new partition __consumer_offsets-9 with topic ID 3b87RWq5TMyfmmYe8HrxDA and PartitionRegistration(replicas=[0], isr=[0], removingReplicas=[], addingReplicas=[], leader=0, leaderRecoveryState=RECOVERED, leaderEpoch=0, partitionEpoch=0).
2025-06-02 23:45:02 [quorum-controller-0-event-handler] INFO  o.a.k.c.ReplicationControlManager - [QuorumController id=0] Replayed PartitionRecord for new partition __consumer_offsets-10 with topic ID 3b87RWq5TMyfmmYe8HrxDA and PartitionRegistration(replicas=[0], isr=[0], removingReplicas=[], addingReplicas=[], leader=0, leaderRecoveryState=RECOVERED, leaderEpoch=0, partitionEpoch=0).
2025-06-02 23:45:02 [quorum-controller-0-event-handler] INFO  o.a.k.c.ReplicationControlManager - [QuorumController id=0] Replayed PartitionRecord for new partition __consumer_offsets-11 with topic ID 3b87RWq5TMyfmmYe8HrxDA and PartitionRegistration(replicas=[0], isr=[0], removingReplicas=[], addingReplicas=[], leader=0, leaderRecoveryState=RECOVERED, leaderEpoch=0, partitionEpoch=0).
2025-06-02 23:45:02 [quorum-controller-0-event-handler] INFO  o.a.k.c.ReplicationControlManager - [QuorumController id=0] Replayed PartitionRecord for new partition __consumer_offsets-12 with topic ID 3b87RWq5TMyfmmYe8HrxDA and PartitionRegistration(replicas=[0], isr=[0], removingReplicas=[], addingReplicas=[], leader=0, leaderRecoveryState=RECOVERED, leaderEpoch=0, partitionEpoch=0).
2025-06-02 23:45:02 [quorum-controller-0-event-handler] INFO  o.a.k.c.ReplicationControlManager - [QuorumController id=0] Replayed PartitionRecord for new partition __consumer_offsets-13 with topic ID 3b87RWq5TMyfmmYe8HrxDA and PartitionRegistration(replicas=[0], isr=[0], removingReplicas=[], addingReplicas=[], leader=0, leaderRecoveryState=RECOVERED, leaderEpoch=0, partitionEpoch=0).
2025-06-02 23:45:02 [quorum-controller-0-event-handler] INFO  o.a.k.c.ReplicationControlManager - [QuorumController id=0] Replayed PartitionRecord for new partition __consumer_offsets-14 with topic ID 3b87RWq5TMyfmmYe8HrxDA and PartitionRegistration(replicas=[0], isr=[0], removingReplicas=[], addingReplicas=[], leader=0, leaderRecoveryState=RECOVERED, leaderEpoch=0, partitionEpoch=0).
2025-06-02 23:45:02 [quorum-controller-0-event-handler] INFO  o.a.k.c.ReplicationControlManager - [QuorumController id=0] Replayed PartitionRecord for new partition __consumer_offsets-15 with topic ID 3b87RWq5TMyfmmYe8HrxDA and PartitionRegistration(replicas=[0], isr=[0], removingReplicas=[], addingReplicas=[], leader=0, leaderRecoveryState=RECOVERED, leaderEpoch=0, partitionEpoch=0).
2025-06-02 23:45:02 [quorum-controller-0-event-handler] INFO  o.a.k.c.ReplicationControlManager - [QuorumController id=0] Replayed PartitionRecord for new partition __consumer_offsets-16 with topic ID 3b87RWq5TMyfmmYe8HrxDA and PartitionRegistration(replicas=[0], isr=[0], removingReplicas=[], addingReplicas=[], leader=0, leaderRecoveryState=RECOVERED, leaderEpoch=0, partitionEpoch=0).
2025-06-02 23:45:02 [quorum-controller-0-event-handler] INFO  o.a.k.c.ReplicationControlManager - [QuorumController id=0] Replayed PartitionRecord for new partition __consumer_offsets-17 with topic ID 3b87RWq5TMyfmmYe8HrxDA and PartitionRegistration(replicas=[0], isr=[0], removingReplicas=[], addingReplicas=[], leader=0, leaderRecoveryState=RECOVERED, leaderEpoch=0, partitionEpoch=0).
2025-06-02 23:45:02 [quorum-controller-0-event-handler] INFO  o.a.k.c.ReplicationControlManager - [QuorumController id=0] Replayed PartitionRecord for new partition __consumer_offsets-18 with topic ID 3b87RWq5TMyfmmYe8HrxDA and PartitionRegistration(replicas=[0], isr=[0], removingReplicas=[], addingReplicas=[], leader=0, leaderRecoveryState=RECOVERED, leaderEpoch=0, partitionEpoch=0).
2025-06-02 23:45:02 [quorum-controller-0-event-handler] INFO  o.a.k.c.ReplicationControlManager - [QuorumController id=0] Replayed PartitionRecord for new partition __consumer_offsets-19 with topic ID 3b87RWq5TMyfmmYe8HrxDA and PartitionRegistration(replicas=[0], isr=[0], removingReplicas=[], addingReplicas=[], leader=0, leaderRecoveryState=RECOVERED, leaderEpoch=0, partitionEpoch=0).
2025-06-02 23:45:02 [quorum-controller-0-event-handler] INFO  o.a.k.c.ReplicationControlManager - [QuorumController id=0] Replayed PartitionRecord for new partition __consumer_offsets-20 with topic ID 3b87RWq5TMyfmmYe8HrxDA and PartitionRegistration(replicas=[0], isr=[0], removingReplicas=[], addingReplicas=[], leader=0, leaderRecoveryState=RECOVERED, leaderEpoch=0, partitionEpoch=0).
2025-06-02 23:45:02 [quorum-controller-0-event-handler] INFO  o.a.k.c.ReplicationControlManager - [QuorumController id=0] Replayed PartitionRecord for new partition __consumer_offsets-21 with topic ID 3b87RWq5TMyfmmYe8HrxDA and PartitionRegistration(replicas=[0], isr=[0], removingReplicas=[], addingReplicas=[], leader=0, leaderRecoveryState=RECOVERED, leaderEpoch=0, partitionEpoch=0).
2025-06-02 23:45:02 [quorum-controller-0-event-handler] INFO  o.a.k.c.ReplicationControlManager - [QuorumController id=0] Replayed PartitionRecord for new partition __consumer_offsets-22 with topic ID 3b87RWq5TMyfmmYe8HrxDA and PartitionRegistration(replicas=[0], isr=[0], removingReplicas=[], addingReplicas=[], leader=0, leaderRecoveryState=RECOVERED, leaderEpoch=0, partitionEpoch=0).
2025-06-02 23:45:02 [quorum-controller-0-event-handler] INFO  o.a.k.c.ReplicationControlManager - [QuorumController id=0] Replayed PartitionRecord for new partition __consumer_offsets-23 with topic ID 3b87RWq5TMyfmmYe8HrxDA and PartitionRegistration(replicas=[0], isr=[0], removingReplicas=[], addingReplicas=[], leader=0, leaderRecoveryState=RECOVERED, leaderEpoch=0, partitionEpoch=0).
2025-06-02 23:45:02 [quorum-controller-0-event-handler] INFO  o.a.k.c.ReplicationControlManager - [QuorumController id=0] Replayed PartitionRecord for new partition __consumer_offsets-24 with topic ID 3b87RWq5TMyfmmYe8HrxDA and PartitionRegistration(replicas=[0], isr=[0], removingReplicas=[], addingReplicas=[], leader=0, leaderRecoveryState=RECOVERED, leaderEpoch=0, partitionEpoch=0).
2025-06-02 23:45:02 [quorum-controller-0-event-handler] INFO  o.a.k.c.ReplicationControlManager - [QuorumController id=0] Replayed PartitionRecord for new partition __consumer_offsets-25 with topic ID 3b87RWq5TMyfmmYe8HrxDA and PartitionRegistration(replicas=[0], isr=[0], removingReplicas=[], addingReplicas=[], leader=0, leaderRecoveryState=RECOVERED, leaderEpoch=0, partitionEpoch=0).
2025-06-02 23:45:02 [quorum-controller-0-event-handler] INFO  o.a.k.c.ReplicationControlManager - [QuorumController id=0] Replayed PartitionRecord for new partition __consumer_offsets-26 with topic ID 3b87RWq5TMyfmmYe8HrxDA and PartitionRegistration(replicas=[0], isr=[0], removingReplicas=[], addingReplicas=[], leader=0, leaderRecoveryState=RECOVERED, leaderEpoch=0, partitionEpoch=0).
2025-06-02 23:45:02 [quorum-controller-0-event-handler] INFO  o.a.k.c.ReplicationControlManager - [QuorumController id=0] Replayed PartitionRecord for new partition __consumer_offsets-27 with topic ID 3b87RWq5TMyfmmYe8HrxDA and PartitionRegistration(replicas=[0], isr=[0], removingReplicas=[], addingReplicas=[], leader=0, leaderRecoveryState=RECOVERED, leaderEpoch=0, partitionEpoch=0).
2025-06-02 23:45:02 [quorum-controller-0-event-handler] INFO  o.a.k.c.ReplicationControlManager - [QuorumController id=0] Replayed PartitionRecord for new partition __consumer_offsets-28 with topic ID 3b87RWq5TMyfmmYe8HrxDA and PartitionRegistration(replicas=[0], isr=[0], removingReplicas=[], addingReplicas=[], leader=0, leaderRecoveryState=RECOVERED, leaderEpoch=0, partitionEpoch=0).
2025-06-02 23:45:02 [quorum-controller-0-event-handler] INFO  o.a.k.c.ReplicationControlManager - [QuorumController id=0] Replayed PartitionRecord for new partition __consumer_offsets-29 with topic ID 3b87RWq5TMyfmmYe8HrxDA and PartitionRegistration(replicas=[0], isr=[0], removingReplicas=[], addingReplicas=[], leader=0, leaderRecoveryState=RECOVERED, leaderEpoch=0, partitionEpoch=0).
2025-06-02 23:45:02 [quorum-controller-0-event-handler] INFO  o.a.k.c.ReplicationControlManager - [QuorumController id=0] Replayed PartitionRecord for new partition __consumer_offsets-30 with topic ID 3b87RWq5TMyfmmYe8HrxDA and PartitionRegistration(replicas=[0], isr=[0], removingReplicas=[], addingReplicas=[], leader=0, leaderRecoveryState=RECOVERED, leaderEpoch=0, partitionEpoch=0).
2025-06-02 23:45:02 [quorum-controller-0-event-handler] INFO  o.a.k.c.ReplicationControlManager - [QuorumController id=0] Replayed PartitionRecord for new partition __consumer_offsets-31 with topic ID 3b87RWq5TMyfmmYe8HrxDA and PartitionRegistration(replicas=[0], isr=[0], removingReplicas=[], addingReplicas=[], leader=0, leaderRecoveryState=RECOVERED, leaderEpoch=0, partitionEpoch=0).
2025-06-02 23:45:02 [quorum-controller-0-event-handler] INFO  o.a.k.c.ReplicationControlManager - [QuorumController id=0] Replayed PartitionRecord for new partition __consumer_offsets-32 with topic ID 3b87RWq5TMyfmmYe8HrxDA and PartitionRegistration(replicas=[0], isr=[0], removingReplicas=[], addingReplicas=[], leader=0, leaderRecoveryState=RECOVERED, leaderEpoch=0, partitionEpoch=0).
2025-06-02 23:45:02 [quorum-controller-0-event-handler] INFO  o.a.k.c.ReplicationControlManager - [QuorumController id=0] Replayed PartitionRecord for new partition __consumer_offsets-33 with topic ID 3b87RWq5TMyfmmYe8HrxDA and PartitionRegistration(replicas=[0], isr=[0], removingReplicas=[], addingReplicas=[], leader=0, leaderRecoveryState=RECOVERED, leaderEpoch=0, partitionEpoch=0).
2025-06-02 23:45:02 [quorum-controller-0-event-handler] INFO  o.a.k.c.ReplicationControlManager - [QuorumController id=0] Replayed PartitionRecord for new partition __consumer_offsets-34 with topic ID 3b87RWq5TMyfmmYe8HrxDA and PartitionRegistration(replicas=[0], isr=[0], removingReplicas=[], addingReplicas=[], leader=0, leaderRecoveryState=RECOVERED, leaderEpoch=0, partitionEpoch=0).
2025-06-02 23:45:02 [quorum-controller-0-event-handler] INFO  o.a.k.c.ReplicationControlManager - [QuorumController id=0] Replayed PartitionRecord for new partition __consumer_offsets-35 with topic ID 3b87RWq5TMyfmmYe8HrxDA and PartitionRegistration(replicas=[0], isr=[0], removingReplicas=[], addingReplicas=[], leader=0, leaderRecoveryState=RECOVERED, leaderEpoch=0, partitionEpoch=0).
2025-06-02 23:45:02 [quorum-controller-0-event-handler] INFO  o.a.k.c.ReplicationControlManager - [QuorumController id=0] Replayed PartitionRecord for new partition __consumer_offsets-36 with topic ID 3b87RWq5TMyfmmYe8HrxDA and PartitionRegistration(replicas=[0], isr=[0], removingReplicas=[], addingReplicas=[], leader=0, leaderRecoveryState=RECOVERED, leaderEpoch=0, partitionEpoch=0).
2025-06-02 23:45:02 [quorum-controller-0-event-handler] INFO  o.a.k.c.ReplicationControlManager - [QuorumController id=0] Replayed PartitionRecord for new partition __consumer_offsets-37 with topic ID 3b87RWq5TMyfmmYe8HrxDA and PartitionRegistration(replicas=[0], isr=[0], removingReplicas=[], addingReplicas=[], leader=0, leaderRecoveryState=RECOVERED, leaderEpoch=0, partitionEpoch=0).
2025-06-02 23:45:02 [quorum-controller-0-event-handler] INFO  o.a.k.c.ReplicationControlManager - [QuorumController id=0] Replayed PartitionRecord for new partition __consumer_offsets-38 with topic ID 3b87RWq5TMyfmmYe8HrxDA and PartitionRegistration(replicas=[0], isr=[0], removingReplicas=[], addingReplicas=[], leader=0, leaderRecoveryState=RECOVERED, leaderEpoch=0, partitionEpoch=0).
2025-06-02 23:45:02 [quorum-controller-0-event-handler] INFO  o.a.k.c.ReplicationControlManager - [QuorumController id=0] Replayed PartitionRecord for new partition __consumer_offsets-39 with topic ID 3b87RWq5TMyfmmYe8HrxDA and PartitionRegistration(replicas=[0], isr=[0], removingReplicas=[], addingReplicas=[], leader=0, leaderRecoveryState=RECOVERED, leaderEpoch=0, partitionEpoch=0).
2025-06-02 23:45:02 [quorum-controller-0-event-handler] INFO  o.a.k.c.ReplicationControlManager - [QuorumController id=0] Replayed PartitionRecord for new partition __consumer_offsets-40 with topic ID 3b87RWq5TMyfmmYe8HrxDA and PartitionRegistration(replicas=[0], isr=[0], removingReplicas=[], addingReplicas=[], leader=0, leaderRecoveryState=RECOVERED, leaderEpoch=0, partitionEpoch=0).
2025-06-02 23:45:02 [quorum-controller-0-event-handler] INFO  o.a.k.c.ReplicationControlManager - [QuorumController id=0] Replayed PartitionRecord for new partition __consumer_offsets-41 with topic ID 3b87RWq5TMyfmmYe8HrxDA and PartitionRegistration(replicas=[0], isr=[0], removingReplicas=[], addingReplicas=[], leader=0, leaderRecoveryState=RECOVERED, leaderEpoch=0, partitionEpoch=0).
2025-06-02 23:45:02 [quorum-controller-0-event-handler] INFO  o.a.k.c.ReplicationControlManager - [QuorumController id=0] Replayed PartitionRecord for new partition __consumer_offsets-42 with topic ID 3b87RWq5TMyfmmYe8HrxDA and PartitionRegistration(replicas=[0], isr=[0], removingReplicas=[], addingReplicas=[], leader=0, leaderRecoveryState=RECOVERED, leaderEpoch=0, partitionEpoch=0).
2025-06-02 23:45:02 [quorum-controller-0-event-handler] INFO  o.a.k.c.ReplicationControlManager - [QuorumController id=0] Replayed PartitionRecord for new partition __consumer_offsets-43 with topic ID 3b87RWq5TMyfmmYe8HrxDA and PartitionRegistration(replicas=[0], isr=[0], removingReplicas=[], addingReplicas=[], leader=0, leaderRecoveryState=RECOVERED, leaderEpoch=0, partitionEpoch=0).
2025-06-02 23:45:02 [quorum-controller-0-event-handler] INFO  o.a.k.c.ReplicationControlManager - [QuorumController id=0] Replayed PartitionRecord for new partition __consumer_offsets-44 with topic ID 3b87RWq5TMyfmmYe8HrxDA and PartitionRegistration(replicas=[0], isr=[0], removingReplicas=[], addingReplicas=[], leader=0, leaderRecoveryState=RECOVERED, leaderEpoch=0, partitionEpoch=0).
2025-06-02 23:45:02 [quorum-controller-0-event-handler] INFO  o.a.k.c.ReplicationControlManager - [QuorumController id=0] Replayed PartitionRecord for new partition __consumer_offsets-45 with topic ID 3b87RWq5TMyfmmYe8HrxDA and PartitionRegistration(replicas=[0], isr=[0], removingReplicas=[], addingReplicas=[], leader=0, leaderRecoveryState=RECOVERED, leaderEpoch=0, partitionEpoch=0).
2025-06-02 23:45:02 [quorum-controller-0-event-handler] INFO  o.a.k.c.ReplicationControlManager - [QuorumController id=0] Replayed PartitionRecord for new partition __consumer_offsets-46 with topic ID 3b87RWq5TMyfmmYe8HrxDA and PartitionRegistration(replicas=[0], isr=[0], removingReplicas=[], addingReplicas=[], leader=0, leaderRecoveryState=RECOVERED, leaderEpoch=0, partitionEpoch=0).
2025-06-02 23:45:02 [quorum-controller-0-event-handler] INFO  o.a.k.c.ReplicationControlManager - [QuorumController id=0] Replayed PartitionRecord for new partition __consumer_offsets-47 with topic ID 3b87RWq5TMyfmmYe8HrxDA and PartitionRegistration(replicas=[0], isr=[0], removingReplicas=[], addingReplicas=[], leader=0, leaderRecoveryState=RECOVERED, leaderEpoch=0, partitionEpoch=0).
2025-06-02 23:45:02 [quorum-controller-0-event-handler] INFO  o.a.k.c.ReplicationControlManager - [QuorumController id=0] Replayed PartitionRecord for new partition __consumer_offsets-48 with topic ID 3b87RWq5TMyfmmYe8HrxDA and PartitionRegistration(replicas=[0], isr=[0], removingReplicas=[], addingReplicas=[], leader=0, leaderRecoveryState=RECOVERED, leaderEpoch=0, partitionEpoch=0).
2025-06-02 23:45:02 [quorum-controller-0-event-handler] INFO  o.a.k.c.ReplicationControlManager - [QuorumController id=0] Replayed PartitionRecord for new partition __consumer_offsets-49 with topic ID 3b87RWq5TMyfmmYe8HrxDA and PartitionRegistration(replicas=[0], isr=[0], removingReplicas=[], addingReplicas=[], leader=0, leaderRecoveryState=RECOVERED, leaderEpoch=0, partitionEpoch=0).
2025-06-02 23:45:02 [kafka-0-metadata-loader-event-handler] INFO  state.change.logger - [Broker id=0] Transitioning 50 partition(s) to local leaders.
2025-06-02 23:45:02 [kafka-0-metadata-loader-event-handler] INFO  kafka.server.ReplicaFetcherManager - [ReplicaFetcherManager on broker 0] Removed fetcher for partitions Set(__consumer_offsets-13, __consumer_offsets-46, __consumer_offsets-9, __consumer_offsets-42, __consumer_offsets-21, __consumer_offsets-17, __consumer_offsets-30, __consumer_offsets-26, __consumer_offsets-5, __consumer_offsets-38, __consumer_offsets-1, __consumer_offsets-34, __consumer_offsets-16, __consumer_offsets-45, __consumer_offsets-12, __consumer_offsets-41, __consumer_offsets-24, __consumer_offsets-20, __consumer_offsets-49, __consumer_offsets-0, __consumer_offsets-29, __consumer_offsets-25, __consumer_offsets-8, __consumer_offsets-37, __consumer_offsets-4, __consumer_offsets-33, __consumer_offsets-15, __consumer_offsets-48, __consumer_offsets-11, __consumer_offsets-44, __consumer_offsets-23, __consumer_offsets-19, __consumer_offsets-32, __consumer_offsets-28, __consumer_offsets-7, __consumer_offsets-40, __consumer_offsets-3, __consumer_offsets-36, __consumer_offsets-47, __consumer_offsets-14, __consumer_offsets-43, __consumer_offsets-10, __consumer_offsets-22, __consumer_offsets-18, __consumer_offsets-31, __consumer_offsets-27, __consumer_offsets-39, __consumer_offsets-6, __consumer_offsets-35, __consumer_offsets-2)
2025-06-02 23:45:02 [kafka-0-metadata-loader-event-handler] INFO  state.change.logger - [Broker id=0] Creating new partition __consumer_offsets-13 with topic id 3b87RWq5TMyfmmYe8HrxDA.
2025-06-02 23:45:02 [kafka-0-metadata-loader-event-handler] INFO  kafka.log.UnifiedLog$ - [LogLoader partition=__consumer_offsets-13, dir=C:\Users\melba\AppData\Local\Temp\kafka-6963404728273164374\broker_0_data0] Loading producer state till offset 0 with message format version 2
2025-06-02 23:45:02 [kafka-0-metadata-loader-event-handler] INFO  kafka.log.LogManager - Created log for partition __consumer_offsets-13 in C:\Users\melba\AppData\Local\Temp\kafka-6963404728273164374\broker_0_data0\__consumer_offsets-13 with properties {cleanup.policy=compact, compression.type="producer", segment.bytes=104857600}
2025-06-02 23:45:02 [kafka-0-metadata-loader-event-handler] INFO  kafka.cluster.Partition - [Partition __consumer_offsets-13 broker=0] No checkpointed highwatermark is found for partition __consumer_offsets-13
2025-06-02 23:45:02 [kafka-0-metadata-loader-event-handler] INFO  kafka.cluster.Partition - [Partition __consumer_offsets-13 broker=0] Log loaded for partition __consumer_offsets-13 with initial high watermark 0
2025-06-02 23:45:02 [kafka-0-metadata-loader-event-handler] INFO  state.change.logger - [Broker id=0] Leader __consumer_offsets-13 with topic id Some(3b87RWq5TMyfmmYe8HrxDA) starts at leader epoch 0 from offset 0 with partition epoch 0, high watermark 0, ISR [0], adding replicas [] and removing replicas [] . Previous leader None and previous leader epoch was -1.
2025-06-02 23:45:02 [kafka-0-metadata-loader-event-handler] INFO  state.change.logger - [Broker id=0] Creating new partition __consumer_offsets-46 with topic id 3b87RWq5TMyfmmYe8HrxDA.
2025-06-02 23:45:02 [kafka-0-metadata-loader-event-handler] INFO  kafka.log.UnifiedLog$ - [LogLoader partition=__consumer_offsets-46, dir=C:\Users\melba\AppData\Local\Temp\kafka-6963404728273164374\broker_0_data0] Loading producer state till offset 0 with message format version 2
2025-06-02 23:45:02 [kafka-0-metadata-loader-event-handler] INFO  kafka.log.LogManager - Created log for partition __consumer_offsets-46 in C:\Users\melba\AppData\Local\Temp\kafka-6963404728273164374\broker_0_data0\__consumer_offsets-46 with properties {cleanup.policy=compact, compression.type="producer", segment.bytes=104857600}
2025-06-02 23:45:02 [kafka-0-metadata-loader-event-handler] INFO  kafka.cluster.Partition - [Partition __consumer_offsets-46 broker=0] No checkpointed highwatermark is found for partition __consumer_offsets-46
2025-06-02 23:45:02 [kafka-0-metadata-loader-event-handler] INFO  kafka.cluster.Partition - [Partition __consumer_offsets-46 broker=0] Log loaded for partition __consumer_offsets-46 with initial high watermark 0
2025-06-02 23:45:02 [kafka-0-metadata-loader-event-handler] INFO  state.change.logger - [Broker id=0] Leader __consumer_offsets-46 with topic id Some(3b87RWq5TMyfmmYe8HrxDA) starts at leader epoch 0 from offset 0 with partition epoch 0, high watermark 0, ISR [0], adding replicas [] and removing replicas [] . Previous leader None and previous leader epoch was -1.
2025-06-02 23:45:02 [kafka-0-metadata-loader-event-handler] INFO  state.change.logger - [Broker id=0] Creating new partition __consumer_offsets-9 with topic id 3b87RWq5TMyfmmYe8HrxDA.
2025-06-02 23:45:02 [kafka-0-metadata-loader-event-handler] INFO  kafka.log.UnifiedLog$ - [LogLoader partition=__consumer_offsets-9, dir=C:\Users\melba\AppData\Local\Temp\kafka-6963404728273164374\broker_0_data0] Loading producer state till offset 0 with message format version 2
2025-06-02 23:45:02 [kafka-0-metadata-loader-event-handler] INFO  kafka.log.LogManager - Created log for partition __consumer_offsets-9 in C:\Users\melba\AppData\Local\Temp\kafka-6963404728273164374\broker_0_data0\__consumer_offsets-9 with properties {cleanup.policy=compact, compression.type="producer", segment.bytes=104857600}
2025-06-02 23:45:02 [kafka-0-metadata-loader-event-handler] INFO  kafka.cluster.Partition - [Partition __consumer_offsets-9 broker=0] No checkpointed highwatermark is found for partition __consumer_offsets-9
2025-06-02 23:45:02 [kafka-0-metadata-loader-event-handler] INFO  kafka.cluster.Partition - [Partition __consumer_offsets-9 broker=0] Log loaded for partition __consumer_offsets-9 with initial high watermark 0
2025-06-02 23:45:02 [kafka-0-metadata-loader-event-handler] INFO  state.change.logger - [Broker id=0] Leader __consumer_offsets-9 with topic id Some(3b87RWq5TMyfmmYe8HrxDA) starts at leader epoch 0 from offset 0 with partition epoch 0, high watermark 0, ISR [0], adding replicas [] and removing replicas [] . Previous leader None and previous leader epoch was -1.
2025-06-02 23:45:02 [kafka-0-metadata-loader-event-handler] INFO  state.change.logger - [Broker id=0] Creating new partition __consumer_offsets-42 with topic id 3b87RWq5TMyfmmYe8HrxDA.
2025-06-02 23:45:02 [kafka-0-metadata-loader-event-handler] INFO  kafka.log.UnifiedLog$ - [LogLoader partition=__consumer_offsets-42, dir=C:\Users\melba\AppData\Local\Temp\kafka-6963404728273164374\broker_0_data0] Loading producer state till offset 0 with message format version 2
2025-06-02 23:45:02 [kafka-0-metadata-loader-event-handler] INFO  kafka.log.LogManager - Created log for partition __consumer_offsets-42 in C:\Users\melba\AppData\Local\Temp\kafka-6963404728273164374\broker_0_data0\__consumer_offsets-42 with properties {cleanup.policy=compact, compression.type="producer", segment.bytes=104857600}
2025-06-02 23:45:02 [kafka-0-metadata-loader-event-handler] INFO  kafka.cluster.Partition - [Partition __consumer_offsets-42 broker=0] No checkpointed highwatermark is found for partition __consumer_offsets-42
2025-06-02 23:45:02 [kafka-0-metadata-loader-event-handler] INFO  kafka.cluster.Partition - [Partition __consumer_offsets-42 broker=0] Log loaded for partition __consumer_offsets-42 with initial high watermark 0
2025-06-02 23:45:02 [kafka-0-metadata-loader-event-handler] INFO  state.change.logger - [Broker id=0] Leader __consumer_offsets-42 with topic id Some(3b87RWq5TMyfmmYe8HrxDA) starts at leader epoch 0 from offset 0 with partition epoch 0, high watermark 0, ISR [0], adding replicas [] and removing replicas [] . Previous leader None and previous leader epoch was -1.
2025-06-02 23:45:02 [kafka-0-metadata-loader-event-handler] INFO  state.change.logger - [Broker id=0] Creating new partition __consumer_offsets-21 with topic id 3b87RWq5TMyfmmYe8HrxDA.
2025-06-02 23:45:02 [org.springframework.kafka.KafkaListenerEndpointContainer#0-0-C-1] INFO  o.a.k.c.c.i.ConsumerCoordinator - [Consumer clientId=consumer-cdr-group-1, groupId=cdr-group] Discovered group coordinator localhost:57023 (id: 2147483647 rack: null)
2025-06-02 23:45:02 [kafka-0-metadata-loader-event-handler] INFO  kafka.log.UnifiedLog$ - [LogLoader partition=__consumer_offsets-21, dir=C:\Users\melba\AppData\Local\Temp\kafka-6963404728273164374\broker_0_data0] Loading producer state till offset 0 with message format version 2
2025-06-02 23:45:02 [kafka-0-metadata-loader-event-handler] INFO  kafka.log.LogManager - Created log for partition __consumer_offsets-21 in C:\Users\melba\AppData\Local\Temp\kafka-6963404728273164374\broker_0_data0\__consumer_offsets-21 with properties {cleanup.policy=compact, compression.type="producer", segment.bytes=104857600}
2025-06-02 23:45:02 [kafka-0-metadata-loader-event-handler] INFO  kafka.cluster.Partition - [Partition __consumer_offsets-21 broker=0] No checkpointed highwatermark is found for partition __consumer_offsets-21
2025-06-02 23:45:02 [kafka-0-metadata-loader-event-handler] INFO  kafka.cluster.Partition - [Partition __consumer_offsets-21 broker=0] Log loaded for partition __consumer_offsets-21 with initial high watermark 0
2025-06-02 23:45:02 [kafka-0-metadata-loader-event-handler] INFO  state.change.logger - [Broker id=0] Leader __consumer_offsets-21 with topic id Some(3b87RWq5TMyfmmYe8HrxDA) starts at leader epoch 0 from offset 0 with partition epoch 0, high watermark 0, ISR [0], adding replicas [] and removing replicas [] . Previous leader None and previous leader epoch was -1.
2025-06-02 23:45:02 [org.springframework.kafka.KafkaListenerEndpointContainer#0-0-C-1] INFO  o.a.k.c.c.i.ConsumerCoordinator - [Consumer clientId=consumer-cdr-group-1, groupId=cdr-group] (Re-)joining group
2025-06-02 23:45:02 [kafka-0-metadata-loader-event-handler] INFO  state.change.logger - [Broker id=0] Creating new partition __consumer_offsets-17 with topic id 3b87RWq5TMyfmmYe8HrxDA.
2025-06-02 23:45:02 [kafka-0-metadata-loader-event-handler] INFO  kafka.log.UnifiedLog$ - [LogLoader partition=__consumer_offsets-17, dir=C:\Users\melba\AppData\Local\Temp\kafka-6963404728273164374\broker_0_data0] Loading producer state till offset 0 with message format version 2
2025-06-02 23:45:02 [kafka-0-metadata-loader-event-handler] INFO  kafka.log.LogManager - Created log for partition __consumer_offsets-17 in C:\Users\melba\AppData\Local\Temp\kafka-6963404728273164374\broker_0_data0\__consumer_offsets-17 with properties {cleanup.policy=compact, compression.type="producer", segment.bytes=104857600}
2025-06-02 23:45:02 [kafka-0-metadata-loader-event-handler] INFO  kafka.cluster.Partition - [Partition __consumer_offsets-17 broker=0] No checkpointed highwatermark is found for partition __consumer_offsets-17
2025-06-02 23:45:02 [kafka-0-metadata-loader-event-handler] INFO  kafka.cluster.Partition - [Partition __consumer_offsets-17 broker=0] Log loaded for partition __consumer_offsets-17 with initial high watermark 0
2025-06-02 23:45:02 [kafka-0-metadata-loader-event-handler] INFO  state.change.logger - [Broker id=0] Leader __consumer_offsets-17 with topic id Some(3b87RWq5TMyfmmYe8HrxDA) starts at leader epoch 0 from offset 0 with partition epoch 0, high watermark 0, ISR [0], adding replicas [] and removing replicas [] . Previous leader None and previous leader epoch was -1.
2025-06-02 23:45:02 [kafka-0-metadata-loader-event-handler] INFO  state.change.logger - [Broker id=0] Creating new partition __consumer_offsets-30 with topic id 3b87RWq5TMyfmmYe8HrxDA.
2025-06-02 23:45:02 [org.springframework.kafka.KafkaListenerEndpointContainer#0-0-C-1] INFO  o.a.k.c.c.i.ConsumerCoordinator - [Consumer clientId=consumer-cdr-group-1, groupId=cdr-group] Group coordinator localhost:57023 (id: 2147483647 rack: null) is unavailable or invalid due to cause: error response NOT_COORDINATOR. isDisconnected: false. Rediscovery will be attempted.
2025-06-02 23:45:02 [org.springframework.kafka.KafkaListenerEndpointContainer#0-0-C-1] INFO  o.a.k.c.c.i.ConsumerCoordinator - [Consumer clientId=consumer-cdr-group-1, groupId=cdr-group] Requesting disconnect from last known coordinator localhost:57023 (id: 2147483647 rack: null)
2025-06-02 23:45:02 [org.springframework.kafka.KafkaListenerEndpointContainer#0-0-C-1] INFO  o.a.k.c.c.i.ConsumerCoordinator - [Consumer clientId=consumer-cdr-group-1, groupId=cdr-group] JoinGroup failed: This is not the correct coordinator. Marking coordinator unknown. Sent generation was Generation{generationId=-1, memberId='', protocol='null'}
2025-06-02 23:45:02 [org.springframework.kafka.KafkaListenerEndpointContainer#0-0-C-1] INFO  o.apache.kafka.clients.NetworkClient - [Consumer clientId=consumer-cdr-group-1, groupId=cdr-group] Client requested disconnect from node 2147483647
2025-06-02 23:45:02 [kafka-0-metadata-loader-event-handler] INFO  kafka.log.UnifiedLog$ - [LogLoader partition=__consumer_offsets-30, dir=C:\Users\melba\AppData\Local\Temp\kafka-6963404728273164374\broker_0_data0] Loading producer state till offset 0 with message format version 2
2025-06-02 23:45:02 [kafka-0-metadata-loader-event-handler] INFO  kafka.log.LogManager - Created log for partition __consumer_offsets-30 in C:\Users\melba\AppData\Local\Temp\kafka-6963404728273164374\broker_0_data0\__consumer_offsets-30 with properties {cleanup.policy=compact, compression.type="producer", segment.bytes=104857600}
2025-06-02 23:45:02 [kafka-0-metadata-loader-event-handler] INFO  kafka.cluster.Partition - [Partition __consumer_offsets-30 broker=0] No checkpointed highwatermark is found for partition __consumer_offsets-30
2025-06-02 23:45:02 [org.springframework.kafka.KafkaListenerEndpointContainer#0-0-C-1] INFO  o.a.k.c.c.i.ConsumerCoordinator - [Consumer clientId=consumer-cdr-group-1, groupId=cdr-group] Discovered group coordinator localhost:57023 (id: 2147483647 rack: null)
2025-06-02 23:45:02 [kafka-0-metadata-loader-event-handler] INFO  kafka.cluster.Partition - [Partition __consumer_offsets-30 broker=0] Log loaded for partition __consumer_offsets-30 with initial high watermark 0
2025-06-02 23:45:02 [org.springframework.kafka.KafkaListenerEndpointContainer#0-0-C-1] INFO  o.a.k.c.c.i.ConsumerCoordinator - [Consumer clientId=consumer-cdr-group-1, groupId=cdr-group] Group coordinator localhost:57023 (id: 2147483647 rack: null) is unavailable or invalid due to cause: coordinator unavailable. isDisconnected: false. Rediscovery will be attempted.
2025-06-02 23:45:02 [kafka-0-metadata-loader-event-handler] INFO  state.change.logger - [Broker id=0] Leader __consumer_offsets-30 with topic id Some(3b87RWq5TMyfmmYe8HrxDA) starts at leader epoch 0 from offset 0 with partition epoch 0, high watermark 0, ISR [0], adding replicas [] and removing replicas [] . Previous leader None and previous leader epoch was -1.
2025-06-02 23:45:02 [org.springframework.kafka.KafkaListenerEndpointContainer#0-0-C-1] INFO  o.a.k.c.c.i.ConsumerCoordinator - [Consumer clientId=consumer-cdr-group-1, groupId=cdr-group] Requesting disconnect from last known coordinator localhost:57023 (id: 2147483647 rack: null)
2025-06-02 23:45:02 [kafka-0-metadata-loader-event-handler] INFO  state.change.logger - [Broker id=0] Creating new partition __consumer_offsets-26 with topic id 3b87RWq5TMyfmmYe8HrxDA.
2025-06-02 23:45:02 [kafka-0-metadata-loader-event-handler] INFO  kafka.log.UnifiedLog$ - [LogLoader partition=__consumer_offsets-26, dir=C:\Users\melba\AppData\Local\Temp\kafka-6963404728273164374\broker_0_data0] Loading producer state till offset 0 with message format version 2
2025-06-02 23:45:02 [kafka-0-metadata-loader-event-handler] INFO  kafka.log.LogManager - Created log for partition __consumer_offsets-26 in C:\Users\melba\AppData\Local\Temp\kafka-6963404728273164374\broker_0_data0\__consumer_offsets-26 with properties {cleanup.policy=compact, compression.type="producer", segment.bytes=104857600}
2025-06-02 23:45:02 [kafka-0-metadata-loader-event-handler] INFO  kafka.cluster.Partition - [Partition __consumer_offsets-26 broker=0] No checkpointed highwatermark is found for partition __consumer_offsets-26
2025-06-02 23:45:02 [kafka-0-metadata-loader-event-handler] INFO  kafka.cluster.Partition - [Partition __consumer_offsets-26 broker=0] Log loaded for partition __consumer_offsets-26 with initial high watermark 0
2025-06-02 23:45:02 [kafka-0-metadata-loader-event-handler] INFO  state.change.logger - [Broker id=0] Leader __consumer_offsets-26 with topic id Some(3b87RWq5TMyfmmYe8HrxDA) starts at leader epoch 0 from offset 0 with partition epoch 0, high watermark 0, ISR [0], adding replicas [] and removing replicas [] . Previous leader None and previous leader epoch was -1.
2025-06-02 23:45:02 [kafka-0-metadata-loader-event-handler] INFO  state.change.logger - [Broker id=0] Creating new partition __consumer_offsets-5 with topic id 3b87RWq5TMyfmmYe8HrxDA.
2025-06-02 23:45:02 [kafka-0-metadata-loader-event-handler] INFO  kafka.log.UnifiedLog$ - [LogLoader partition=__consumer_offsets-5, dir=C:\Users\melba\AppData\Local\Temp\kafka-6963404728273164374\broker_0_data0] Loading producer state till offset 0 with message format version 2
2025-06-02 23:45:02 [kafka-0-metadata-loader-event-handler] INFO  kafka.log.LogManager - Created log for partition __consumer_offsets-5 in C:\Users\melba\AppData\Local\Temp\kafka-6963404728273164374\broker_0_data0\__consumer_offsets-5 with properties {cleanup.policy=compact, compression.type="producer", segment.bytes=104857600}
2025-06-02 23:45:02 [kafka-0-metadata-loader-event-handler] INFO  kafka.cluster.Partition - [Partition __consumer_offsets-5 broker=0] No checkpointed highwatermark is found for partition __consumer_offsets-5
2025-06-02 23:45:02 [kafka-0-metadata-loader-event-handler] INFO  kafka.cluster.Partition - [Partition __consumer_offsets-5 broker=0] Log loaded for partition __consumer_offsets-5 with initial high watermark 0
2025-06-02 23:45:02 [kafka-0-metadata-loader-event-handler] INFO  state.change.logger - [Broker id=0] Leader __consumer_offsets-5 with topic id Some(3b87RWq5TMyfmmYe8HrxDA) starts at leader epoch 0 from offset 0 with partition epoch 0, high watermark 0, ISR [0], adding replicas [] and removing replicas [] . Previous leader None and previous leader epoch was -1.
2025-06-02 23:45:02 [kafka-0-metadata-loader-event-handler] INFO  state.change.logger - [Broker id=0] Creating new partition __consumer_offsets-38 with topic id 3b87RWq5TMyfmmYe8HrxDA.
2025-06-02 23:45:02 [kafka-0-metadata-loader-event-handler] INFO  kafka.log.UnifiedLog$ - [LogLoader partition=__consumer_offsets-38, dir=C:\Users\melba\AppData\Local\Temp\kafka-6963404728273164374\broker_0_data0] Loading producer state till offset 0 with message format version 2
2025-06-02 23:45:02 [kafka-0-metadata-loader-event-handler] INFO  kafka.log.LogManager - Created log for partition __consumer_offsets-38 in C:\Users\melba\AppData\Local\Temp\kafka-6963404728273164374\broker_0_data0\__consumer_offsets-38 with properties {cleanup.policy=compact, compression.type="producer", segment.bytes=104857600}
2025-06-02 23:45:02 [kafka-0-metadata-loader-event-handler] INFO  kafka.cluster.Partition - [Partition __consumer_offsets-38 broker=0] No checkpointed highwatermark is found for partition __consumer_offsets-38
2025-06-02 23:45:02 [kafka-0-metadata-loader-event-handler] INFO  kafka.cluster.Partition - [Partition __consumer_offsets-38 broker=0] Log loaded for partition __consumer_offsets-38 with initial high watermark 0
2025-06-02 23:45:02 [kafka-0-metadata-loader-event-handler] INFO  state.change.logger - [Broker id=0] Leader __consumer_offsets-38 with topic id Some(3b87RWq5TMyfmmYe8HrxDA) starts at leader epoch 0 from offset 0 with partition epoch 0, high watermark 0, ISR [0], adding replicas [] and removing replicas [] . Previous leader None and previous leader epoch was -1.
2025-06-02 23:45:02 [kafka-0-metadata-loader-event-handler] INFO  state.change.logger - [Broker id=0] Creating new partition __consumer_offsets-1 with topic id 3b87RWq5TMyfmmYe8HrxDA.
2025-06-02 23:45:02 [kafka-0-metadata-loader-event-handler] INFO  kafka.log.UnifiedLog$ - [LogLoader partition=__consumer_offsets-1, dir=C:\Users\melba\AppData\Local\Temp\kafka-6963404728273164374\broker_0_data0] Loading producer state till offset 0 with message format version 2
2025-06-02 23:45:02 [kafka-0-metadata-loader-event-handler] INFO  kafka.log.LogManager - Created log for partition __consumer_offsets-1 in C:\Users\melba\AppData\Local\Temp\kafka-6963404728273164374\broker_0_data0\__consumer_offsets-1 with properties {cleanup.policy=compact, compression.type="producer", segment.bytes=104857600}
2025-06-02 23:45:02 [kafka-0-metadata-loader-event-handler] INFO  kafka.cluster.Partition - [Partition __consumer_offsets-1 broker=0] No checkpointed highwatermark is found for partition __consumer_offsets-1
2025-06-02 23:45:02 [kafka-0-metadata-loader-event-handler] INFO  kafka.cluster.Partition - [Partition __consumer_offsets-1 broker=0] Log loaded for partition __consumer_offsets-1 with initial high watermark 0
2025-06-02 23:45:02 [kafka-0-metadata-loader-event-handler] INFO  state.change.logger - [Broker id=0] Leader __consumer_offsets-1 with topic id Some(3b87RWq5TMyfmmYe8HrxDA) starts at leader epoch 0 from offset 0 with partition epoch 0, high watermark 0, ISR [0], adding replicas [] and removing replicas [] . Previous leader None and previous leader epoch was -1.
2025-06-02 23:45:02 [kafka-0-metadata-loader-event-handler] INFO  state.change.logger - [Broker id=0] Creating new partition __consumer_offsets-34 with topic id 3b87RWq5TMyfmmYe8HrxDA.
2025-06-02 23:45:02 [kafka-0-metadata-loader-event-handler] INFO  kafka.log.UnifiedLog$ - [LogLoader partition=__consumer_offsets-34, dir=C:\Users\melba\AppData\Local\Temp\kafka-6963404728273164374\broker_0_data0] Loading producer state till offset 0 with message format version 2
2025-06-02 23:45:02 [kafka-0-metadata-loader-event-handler] INFO  kafka.log.LogManager - Created log for partition __consumer_offsets-34 in C:\Users\melba\AppData\Local\Temp\kafka-6963404728273164374\broker_0_data0\__consumer_offsets-34 with properties {cleanup.policy=compact, compression.type="producer", segment.bytes=104857600}
2025-06-02 23:45:02 [kafka-0-metadata-loader-event-handler] INFO  kafka.cluster.Partition - [Partition __consumer_offsets-34 broker=0] No checkpointed highwatermark is found for partition __consumer_offsets-34
2025-06-02 23:45:02 [kafka-0-metadata-loader-event-handler] INFO  kafka.cluster.Partition - [Partition __consumer_offsets-34 broker=0] Log loaded for partition __consumer_offsets-34 with initial high watermark 0
2025-06-02 23:45:02 [kafka-0-metadata-loader-event-handler] INFO  state.change.logger - [Broker id=0] Leader __consumer_offsets-34 with topic id Some(3b87RWq5TMyfmmYe8HrxDA) starts at leader epoch 0 from offset 0 with partition epoch 0, high watermark 0, ISR [0], adding replicas [] and removing replicas [] . Previous leader None and previous leader epoch was -1.
2025-06-02 23:45:02 [kafka-0-metadata-loader-event-handler] INFO  state.change.logger - [Broker id=0] Creating new partition __consumer_offsets-16 with topic id 3b87RWq5TMyfmmYe8HrxDA.
2025-06-02 23:45:02 [org.springframework.kafka.KafkaListenerEndpointContainer#0-0-C-1] INFO  o.a.k.c.c.i.ConsumerCoordinator - [Consumer clientId=consumer-cdr-group-1, groupId=cdr-group] Discovered group coordinator localhost:57023 (id: 2147483647 rack: null)
2025-06-02 23:45:02 [org.springframework.kafka.KafkaListenerEndpointContainer#0-0-C-1] INFO  o.a.k.c.c.i.ConsumerCoordinator - [Consumer clientId=consumer-cdr-group-1, groupId=cdr-group] Request joining group due to: rebalance failed due to 'This is not the correct coordinator.' (NotCoordinatorException)
2025-06-02 23:45:02 [org.springframework.kafka.KafkaListenerEndpointContainer#0-0-C-1] INFO  o.a.k.c.c.i.ConsumerCoordinator - [Consumer clientId=consumer-cdr-group-1, groupId=cdr-group] (Re-)joining group
2025-06-02 23:45:02 [org.springframework.kafka.KafkaListenerEndpointContainer#0-0-C-1] INFO  o.a.k.c.c.i.ConsumerCoordinator - [Consumer clientId=consumer-cdr-group-1, groupId=cdr-group] Group coordinator localhost:57023 (id: 2147483647 rack: null) is unavailable or invalid due to cause: error response NOT_COORDINATOR. isDisconnected: false. Rediscovery will be attempted.
2025-06-02 23:45:02 [org.springframework.kafka.KafkaListenerEndpointContainer#0-0-C-1] INFO  o.a.k.c.c.i.ConsumerCoordinator - [Consumer clientId=consumer-cdr-group-1, groupId=cdr-group] Requesting disconnect from last known coordinator localhost:57023 (id: 2147483647 rack: null)
2025-06-02 23:45:02 [org.springframework.kafka.KafkaListenerEndpointContainer#0-0-C-1] INFO  o.a.k.c.c.i.ConsumerCoordinator - [Consumer clientId=consumer-cdr-group-1, groupId=cdr-group] JoinGroup failed: This is not the correct coordinator. Marking coordinator unknown. Sent generation was Generation{generationId=-1, memberId='', protocol='null'}
2025-06-02 23:45:02 [org.springframework.kafka.KafkaListenerEndpointContainer#0-0-C-1] INFO  o.apache.kafka.clients.NetworkClient - [Consumer clientId=consumer-cdr-group-1, groupId=cdr-group] Client requested disconnect from node 2147483647
2025-06-02 23:45:02 [kafka-0-metadata-loader-event-handler] INFO  kafka.log.UnifiedLog$ - [LogLoader partition=__consumer_offsets-16, dir=C:\Users\melba\AppData\Local\Temp\kafka-6963404728273164374\broker_0_data0] Loading producer state till offset 0 with message format version 2
2025-06-02 23:45:02 [org.springframework.kafka.KafkaListenerEndpointContainer#0-0-C-1] INFO  o.a.k.c.c.i.ConsumerCoordinator - [Consumer clientId=consumer-cdr-group-1, groupId=cdr-group] Discovered group coordinator localhost:57023 (id: 2147483647 rack: null)
2025-06-02 23:45:02 [org.springframework.kafka.KafkaListenerEndpointContainer#0-0-C-1] INFO  o.a.k.c.c.i.ConsumerCoordinator - [Consumer clientId=consumer-cdr-group-1, groupId=cdr-group] Group coordinator localhost:57023 (id: 2147483647 rack: null) is unavailable or invalid due to cause: coordinator unavailable. isDisconnected: false. Rediscovery will be attempted.
2025-06-02 23:45:02 [org.springframework.kafka.KafkaListenerEndpointContainer#0-0-C-1] INFO  o.a.k.c.c.i.ConsumerCoordinator - [Consumer clientId=consumer-cdr-group-1, groupId=cdr-group] Requesting disconnect from last known coordinator localhost:57023 (id: 2147483647 rack: null)
2025-06-02 23:45:02 [kafka-0-metadata-loader-event-handler] INFO  kafka.log.LogManager - Created log for partition __consumer_offsets-16 in C:\Users\melba\AppData\Local\Temp\kafka-6963404728273164374\broker_0_data0\__consumer_offsets-16 with properties {cleanup.policy=compact, compression.type="producer", segment.bytes=104857600}
2025-06-02 23:45:02 [kafka-0-metadata-loader-event-handler] INFO  kafka.cluster.Partition - [Partition __consumer_offsets-16 broker=0] No checkpointed highwatermark is found for partition __consumer_offsets-16
2025-06-02 23:45:02 [kafka-0-metadata-loader-event-handler] INFO  kafka.cluster.Partition - [Partition __consumer_offsets-16 broker=0] Log loaded for partition __consumer_offsets-16 with initial high watermark 0
2025-06-02 23:45:02 [kafka-0-metadata-loader-event-handler] INFO  state.change.logger - [Broker id=0] Leader __consumer_offsets-16 with topic id Some(3b87RWq5TMyfmmYe8HrxDA) starts at leader epoch 0 from offset 0 with partition epoch 0, high watermark 0, ISR [0], adding replicas [] and removing replicas [] . Previous leader None and previous leader epoch was -1.
2025-06-02 23:45:02 [kafka-0-metadata-loader-event-handler] INFO  state.change.logger - [Broker id=0] Creating new partition __consumer_offsets-45 with topic id 3b87RWq5TMyfmmYe8HrxDA.
2025-06-02 23:45:02 [kafka-0-metadata-loader-event-handler] INFO  kafka.log.UnifiedLog$ - [LogLoader partition=__consumer_offsets-45, dir=C:\Users\melba\AppData\Local\Temp\kafka-6963404728273164374\broker_0_data0] Loading producer state till offset 0 with message format version 2
2025-06-02 23:45:02 [kafka-0-metadata-loader-event-handler] INFO  kafka.log.LogManager - Created log for partition __consumer_offsets-45 in C:\Users\melba\AppData\Local\Temp\kafka-6963404728273164374\broker_0_data0\__consumer_offsets-45 with properties {cleanup.policy=compact, compression.type="producer", segment.bytes=104857600}
2025-06-02 23:45:02 [kafka-0-metadata-loader-event-handler] INFO  kafka.cluster.Partition - [Partition __consumer_offsets-45 broker=0] No checkpointed highwatermark is found for partition __consumer_offsets-45
2025-06-02 23:45:02 [kafka-0-metadata-loader-event-handler] INFO  kafka.cluster.Partition - [Partition __consumer_offsets-45 broker=0] Log loaded for partition __consumer_offsets-45 with initial high watermark 0
2025-06-02 23:45:02 [kafka-0-metadata-loader-event-handler] INFO  state.change.logger - [Broker id=0] Leader __consumer_offsets-45 with topic id Some(3b87RWq5TMyfmmYe8HrxDA) starts at leader epoch 0 from offset 0 with partition epoch 0, high watermark 0, ISR [0], adding replicas [] and removing replicas [] . Previous leader None and previous leader epoch was -1.
2025-06-02 23:45:02 [kafka-0-metadata-loader-event-handler] INFO  state.change.logger - [Broker id=0] Creating new partition __consumer_offsets-12 with topic id 3b87RWq5TMyfmmYe8HrxDA.
2025-06-02 23:45:02 [kafka-0-metadata-loader-event-handler] INFO  kafka.log.UnifiedLog$ - [LogLoader partition=__consumer_offsets-12, dir=C:\Users\melba\AppData\Local\Temp\kafka-6963404728273164374\broker_0_data0] Loading producer state till offset 0 with message format version 2
2025-06-02 23:45:02 [kafka-0-metadata-loader-event-handler] INFO  kafka.log.LogManager - Created log for partition __consumer_offsets-12 in C:\Users\melba\AppData\Local\Temp\kafka-6963404728273164374\broker_0_data0\__consumer_offsets-12 with properties {cleanup.policy=compact, compression.type="producer", segment.bytes=104857600}
2025-06-02 23:45:02 [kafka-0-metadata-loader-event-handler] INFO  kafka.cluster.Partition - [Partition __consumer_offsets-12 broker=0] No checkpointed highwatermark is found for partition __consumer_offsets-12
2025-06-02 23:45:02 [kafka-0-metadata-loader-event-handler] INFO  kafka.cluster.Partition - [Partition __consumer_offsets-12 broker=0] Log loaded for partition __consumer_offsets-12 with initial high watermark 0
2025-06-02 23:45:02 [kafka-0-metadata-loader-event-handler] INFO  state.change.logger - [Broker id=0] Leader __consumer_offsets-12 with topic id Some(3b87RWq5TMyfmmYe8HrxDA) starts at leader epoch 0 from offset 0 with partition epoch 0, high watermark 0, ISR [0], adding replicas [] and removing replicas [] . Previous leader None and previous leader epoch was -1.
2025-06-02 23:45:02 [kafka-0-metadata-loader-event-handler] INFO  state.change.logger - [Broker id=0] Creating new partition __consumer_offsets-41 with topic id 3b87RWq5TMyfmmYe8HrxDA.
2025-06-02 23:45:02 [kafka-0-metadata-loader-event-handler] INFO  kafka.log.UnifiedLog$ - [LogLoader partition=__consumer_offsets-41, dir=C:\Users\melba\AppData\Local\Temp\kafka-6963404728273164374\broker_0_data0] Loading producer state till offset 0 with message format version 2
2025-06-02 23:45:02 [kafka-0-metadata-loader-event-handler] INFO  kafka.log.LogManager - Created log for partition __consumer_offsets-41 in C:\Users\melba\AppData\Local\Temp\kafka-6963404728273164374\broker_0_data0\__consumer_offsets-41 with properties {cleanup.policy=compact, compression.type="producer", segment.bytes=104857600}
2025-06-02 23:45:02 [kafka-0-metadata-loader-event-handler] INFO  kafka.cluster.Partition - [Partition __consumer_offsets-41 broker=0] No checkpointed highwatermark is found for partition __consumer_offsets-41
2025-06-02 23:45:02 [kafka-0-metadata-loader-event-handler] INFO  kafka.cluster.Partition - [Partition __consumer_offsets-41 broker=0] Log loaded for partition __consumer_offsets-41 with initial high watermark 0
2025-06-02 23:45:02 [kafka-0-metadata-loader-event-handler] INFO  state.change.logger - [Broker id=0] Leader __consumer_offsets-41 with topic id Some(3b87RWq5TMyfmmYe8HrxDA) starts at leader epoch 0 from offset 0 with partition epoch 0, high watermark 0, ISR [0], adding replicas [] and removing replicas [] . Previous leader None and previous leader epoch was -1.
2025-06-02 23:45:02 [kafka-0-metadata-loader-event-handler] INFO  state.change.logger - [Broker id=0] Creating new partition __consumer_offsets-24 with topic id 3b87RWq5TMyfmmYe8HrxDA.
2025-06-02 23:45:02 [kafka-0-metadata-loader-event-handler] INFO  kafka.log.UnifiedLog$ - [LogLoader partition=__consumer_offsets-24, dir=C:\Users\melba\AppData\Local\Temp\kafka-6963404728273164374\broker_0_data0] Loading producer state till offset 0 with message format version 2
2025-06-02 23:45:02 [kafka-0-metadata-loader-event-handler] INFO  kafka.log.LogManager - Created log for partition __consumer_offsets-24 in C:\Users\melba\AppData\Local\Temp\kafka-6963404728273164374\broker_0_data0\__consumer_offsets-24 with properties {cleanup.policy=compact, compression.type="producer", segment.bytes=104857600}
2025-06-02 23:45:02 [kafka-0-metadata-loader-event-handler] INFO  kafka.cluster.Partition - [Partition __consumer_offsets-24 broker=0] No checkpointed highwatermark is found for partition __consumer_offsets-24
2025-06-02 23:45:02 [kafka-0-metadata-loader-event-handler] INFO  kafka.cluster.Partition - [Partition __consumer_offsets-24 broker=0] Log loaded for partition __consumer_offsets-24 with initial high watermark 0
2025-06-02 23:45:02 [kafka-0-metadata-loader-event-handler] INFO  state.change.logger - [Broker id=0] Leader __consumer_offsets-24 with topic id Some(3b87RWq5TMyfmmYe8HrxDA) starts at leader epoch 0 from offset 0 with partition epoch 0, high watermark 0, ISR [0], adding replicas [] and removing replicas [] . Previous leader None and previous leader epoch was -1.
2025-06-02 23:45:02 [kafka-0-metadata-loader-event-handler] INFO  state.change.logger - [Broker id=0] Creating new partition __consumer_offsets-20 with topic id 3b87RWq5TMyfmmYe8HrxDA.
2025-06-02 23:45:02 [kafka-0-metadata-loader-event-handler] INFO  kafka.log.UnifiedLog$ - [LogLoader partition=__consumer_offsets-20, dir=C:\Users\melba\AppData\Local\Temp\kafka-6963404728273164374\broker_0_data0] Loading producer state till offset 0 with message format version 2
2025-06-02 23:45:02 [kafka-0-metadata-loader-event-handler] INFO  kafka.log.LogManager - Created log for partition __consumer_offsets-20 in C:\Users\melba\AppData\Local\Temp\kafka-6963404728273164374\broker_0_data0\__consumer_offsets-20 with properties {cleanup.policy=compact, compression.type="producer", segment.bytes=104857600}
2025-06-02 23:45:02 [kafka-0-metadata-loader-event-handler] INFO  kafka.cluster.Partition - [Partition __consumer_offsets-20 broker=0] No checkpointed highwatermark is found for partition __consumer_offsets-20
2025-06-02 23:45:02 [kafka-0-metadata-loader-event-handler] INFO  kafka.cluster.Partition - [Partition __consumer_offsets-20 broker=0] Log loaded for partition __consumer_offsets-20 with initial high watermark 0
2025-06-02 23:45:02 [kafka-0-metadata-loader-event-handler] INFO  state.change.logger - [Broker id=0] Leader __consumer_offsets-20 with topic id Some(3b87RWq5TMyfmmYe8HrxDA) starts at leader epoch 0 from offset 0 with partition epoch 0, high watermark 0, ISR [0], adding replicas [] and removing replicas [] . Previous leader None and previous leader epoch was -1.
2025-06-02 23:45:02 [kafka-0-metadata-loader-event-handler] INFO  state.change.logger - [Broker id=0] Creating new partition __consumer_offsets-49 with topic id 3b87RWq5TMyfmmYe8HrxDA.
2025-06-02 23:45:02 [kafka-0-metadata-loader-event-handler] INFO  kafka.log.UnifiedLog$ - [LogLoader partition=__consumer_offsets-49, dir=C:\Users\melba\AppData\Local\Temp\kafka-6963404728273164374\broker_0_data0] Loading producer state till offset 0 with message format version 2
2025-06-02 23:45:02 [kafka-0-metadata-loader-event-handler] INFO  kafka.log.LogManager - Created log for partition __consumer_offsets-49 in C:\Users\melba\AppData\Local\Temp\kafka-6963404728273164374\broker_0_data0\__consumer_offsets-49 with properties {cleanup.policy=compact, compression.type="producer", segment.bytes=104857600}
2025-06-02 23:45:02 [kafka-0-metadata-loader-event-handler] INFO  kafka.cluster.Partition - [Partition __consumer_offsets-49 broker=0] No checkpointed highwatermark is found for partition __consumer_offsets-49
2025-06-02 23:45:02 [kafka-0-metadata-loader-event-handler] INFO  kafka.cluster.Partition - [Partition __consumer_offsets-49 broker=0] Log loaded for partition __consumer_offsets-49 with initial high watermark 0
2025-06-02 23:45:02 [kafka-0-metadata-loader-event-handler] INFO  state.change.logger - [Broker id=0] Leader __consumer_offsets-49 with topic id Some(3b87RWq5TMyfmmYe8HrxDA) starts at leader epoch 0 from offset 0 with partition epoch 0, high watermark 0, ISR [0], adding replicas [] and removing replicas [] . Previous leader None and previous leader epoch was -1.
2025-06-02 23:45:02 [kafka-0-metadata-loader-event-handler] INFO  state.change.logger - [Broker id=0] Creating new partition __consumer_offsets-0 with topic id 3b87RWq5TMyfmmYe8HrxDA.
2025-06-02 23:45:02 [kafka-0-metadata-loader-event-handler] INFO  kafka.log.UnifiedLog$ - [LogLoader partition=__consumer_offsets-0, dir=C:\Users\melba\AppData\Local\Temp\kafka-6963404728273164374\broker_0_data0] Loading producer state till offset 0 with message format version 2
2025-06-02 23:45:02 [kafka-0-metadata-loader-event-handler] INFO  kafka.log.LogManager - Created log for partition __consumer_offsets-0 in C:\Users\melba\AppData\Local\Temp\kafka-6963404728273164374\broker_0_data0\__consumer_offsets-0 with properties {cleanup.policy=compact, compression.type="producer", segment.bytes=104857600}
2025-06-02 23:45:02 [kafka-0-metadata-loader-event-handler] INFO  kafka.cluster.Partition - [Partition __consumer_offsets-0 broker=0] No checkpointed highwatermark is found for partition __consumer_offsets-0
2025-06-02 23:45:02 [kafka-0-metadata-loader-event-handler] INFO  kafka.cluster.Partition - [Partition __consumer_offsets-0 broker=0] Log loaded for partition __consumer_offsets-0 with initial high watermark 0
2025-06-02 23:45:02 [kafka-0-metadata-loader-event-handler] INFO  state.change.logger - [Broker id=0] Leader __consumer_offsets-0 with topic id Some(3b87RWq5TMyfmmYe8HrxDA) starts at leader epoch 0 from offset 0 with partition epoch 0, high watermark 0, ISR [0], adding replicas [] and removing replicas [] . Previous leader None and previous leader epoch was -1.
2025-06-02 23:45:02 [kafka-0-metadata-loader-event-handler] INFO  state.change.logger - [Broker id=0] Creating new partition __consumer_offsets-29 with topic id 3b87RWq5TMyfmmYe8HrxDA.
2025-06-02 23:45:02 [kafka-0-metadata-loader-event-handler] INFO  kafka.log.UnifiedLog$ - [LogLoader partition=__consumer_offsets-29, dir=C:\Users\melba\AppData\Local\Temp\kafka-6963404728273164374\broker_0_data0] Loading producer state till offset 0 with message format version 2
2025-06-02 23:45:02 [kafka-0-metadata-loader-event-handler] INFO  kafka.log.LogManager - Created log for partition __consumer_offsets-29 in C:\Users\melba\AppData\Local\Temp\kafka-6963404728273164374\broker_0_data0\__consumer_offsets-29 with properties {cleanup.policy=compact, compression.type="producer", segment.bytes=104857600}
2025-06-02 23:45:02 [kafka-0-metadata-loader-event-handler] INFO  kafka.cluster.Partition - [Partition __consumer_offsets-29 broker=0] No checkpointed highwatermark is found for partition __consumer_offsets-29
2025-06-02 23:45:02 [kafka-0-metadata-loader-event-handler] INFO  kafka.cluster.Partition - [Partition __consumer_offsets-29 broker=0] Log loaded for partition __consumer_offsets-29 with initial high watermark 0
2025-06-02 23:45:02 [kafka-0-metadata-loader-event-handler] INFO  state.change.logger - [Broker id=0] Leader __consumer_offsets-29 with topic id Some(3b87RWq5TMyfmmYe8HrxDA) starts at leader epoch 0 from offset 0 with partition epoch 0, high watermark 0, ISR [0], adding replicas [] and removing replicas [] . Previous leader None and previous leader epoch was -1.
2025-06-02 23:45:02 [org.springframework.kafka.KafkaListenerEndpointContainer#0-0-C-1] INFO  o.a.k.c.c.i.ConsumerCoordinator - [Consumer clientId=consumer-cdr-group-1, groupId=cdr-group] Discovered group coordinator localhost:57023 (id: 2147483647 rack: null)
2025-06-02 23:45:02 [kafka-0-metadata-loader-event-handler] INFO  state.change.logger - [Broker id=0] Creating new partition __consumer_offsets-25 with topic id 3b87RWq5TMyfmmYe8HrxDA.
2025-06-02 23:45:02 [org.springframework.kafka.KafkaListenerEndpointContainer#0-0-C-1] INFO  o.a.k.c.c.i.ConsumerCoordinator - [Consumer clientId=consumer-cdr-group-1, groupId=cdr-group] Request joining group due to: rebalance failed due to 'This is not the correct coordinator.' (NotCoordinatorException)
2025-06-02 23:45:02 [org.springframework.kafka.KafkaListenerEndpointContainer#0-0-C-1] INFO  o.a.k.c.c.i.ConsumerCoordinator - [Consumer clientId=consumer-cdr-group-1, groupId=cdr-group] (Re-)joining group
2025-06-02 23:45:02 [org.springframework.kafka.KafkaListenerEndpointContainer#0-0-C-1] INFO  o.a.k.c.c.i.ConsumerCoordinator - [Consumer clientId=consumer-cdr-group-1, groupId=cdr-group] Group coordinator localhost:57023 (id: 2147483647 rack: null) is unavailable or invalid due to cause: error response NOT_COORDINATOR. isDisconnected: false. Rediscovery will be attempted.
2025-06-02 23:45:02 [org.springframework.kafka.KafkaListenerEndpointContainer#0-0-C-1] INFO  o.a.k.c.c.i.ConsumerCoordinator - [Consumer clientId=consumer-cdr-group-1, groupId=cdr-group] Requesting disconnect from last known coordinator localhost:57023 (id: 2147483647 rack: null)
2025-06-02 23:45:02 [org.springframework.kafka.KafkaListenerEndpointContainer#0-0-C-1] INFO  o.a.k.c.c.i.ConsumerCoordinator - [Consumer clientId=consumer-cdr-group-1, groupId=cdr-group] JoinGroup failed: This is not the correct coordinator. Marking coordinator unknown. Sent generation was Generation{generationId=-1, memberId='', protocol='null'}
2025-06-02 23:45:02 [org.springframework.kafka.KafkaListenerEndpointContainer#0-0-C-1] INFO  o.apache.kafka.clients.NetworkClient - [Consumer clientId=consumer-cdr-group-1, groupId=cdr-group] Client requested disconnect from node 2147483647
2025-06-02 23:45:02 [org.springframework.kafka.KafkaListenerEndpointContainer#0-0-C-1] INFO  o.a.k.c.c.i.ConsumerCoordinator - [Consumer clientId=consumer-cdr-group-1, groupId=cdr-group] Discovered group coordinator localhost:57023 (id: 2147483647 rack: null)
2025-06-02 23:45:02 [org.springframework.kafka.KafkaListenerEndpointContainer#0-0-C-1] INFO  o.a.k.c.c.i.ConsumerCoordinator - [Consumer clientId=consumer-cdr-group-1, groupId=cdr-group] Group coordinator localhost:57023 (id: 2147483647 rack: null) is unavailable or invalid due to cause: coordinator unavailable. isDisconnected: false. Rediscovery will be attempted.
2025-06-02 23:45:02 [org.springframework.kafka.KafkaListenerEndpointContainer#0-0-C-1] INFO  o.a.k.c.c.i.ConsumerCoordinator - [Consumer clientId=consumer-cdr-group-1, groupId=cdr-group] Requesting disconnect from last known coordinator localhost:57023 (id: 2147483647 rack: null)
2025-06-02 23:45:02 [kafka-0-metadata-loader-event-handler] INFO  kafka.log.UnifiedLog$ - [LogLoader partition=__consumer_offsets-25, dir=C:\Users\melba\AppData\Local\Temp\kafka-6963404728273164374\broker_0_data0] Loading producer state till offset 0 with message format version 2
2025-06-02 23:45:02 [kafka-0-metadata-loader-event-handler] INFO  kafka.log.LogManager - Created log for partition __consumer_offsets-25 in C:\Users\melba\AppData\Local\Temp\kafka-6963404728273164374\broker_0_data0\__consumer_offsets-25 with properties {cleanup.policy=compact, compression.type="producer", segment.bytes=104857600}
2025-06-02 23:45:02 [kafka-0-metadata-loader-event-handler] INFO  kafka.cluster.Partition - [Partition __consumer_offsets-25 broker=0] No checkpointed highwatermark is found for partition __consumer_offsets-25
2025-06-02 23:45:02 [kafka-0-metadata-loader-event-handler] INFO  kafka.cluster.Partition - [Partition __consumer_offsets-25 broker=0] Log loaded for partition __consumer_offsets-25 with initial high watermark 0
2025-06-02 23:45:02 [kafka-0-metadata-loader-event-handler] INFO  state.change.logger - [Broker id=0] Leader __consumer_offsets-25 with topic id Some(3b87RWq5TMyfmmYe8HrxDA) starts at leader epoch 0 from offset 0 with partition epoch 0, high watermark 0, ISR [0], adding replicas [] and removing replicas [] . Previous leader None and previous leader epoch was -1.
2025-06-02 23:45:02 [kafka-0-metadata-loader-event-handler] INFO  state.change.logger - [Broker id=0] Creating new partition __consumer_offsets-8 with topic id 3b87RWq5TMyfmmYe8HrxDA.
2025-06-02 23:45:02 [kafka-0-metadata-loader-event-handler] INFO  kafka.log.UnifiedLog$ - [LogLoader partition=__consumer_offsets-8, dir=C:\Users\melba\AppData\Local\Temp\kafka-6963404728273164374\broker_0_data0] Loading producer state till offset 0 with message format version 2
2025-06-02 23:45:02 [kafka-0-metadata-loader-event-handler] INFO  kafka.log.LogManager - Created log for partition __consumer_offsets-8 in C:\Users\melba\AppData\Local\Temp\kafka-6963404728273164374\broker_0_data0\__consumer_offsets-8 with properties {cleanup.policy=compact, compression.type="producer", segment.bytes=104857600}
2025-06-02 23:45:02 [kafka-0-metadata-loader-event-handler] INFO  kafka.cluster.Partition - [Partition __consumer_offsets-8 broker=0] No checkpointed highwatermark is found for partition __consumer_offsets-8
2025-06-02 23:45:02 [kafka-0-metadata-loader-event-handler] INFO  kafka.cluster.Partition - [Partition __consumer_offsets-8 broker=0] Log loaded for partition __consumer_offsets-8 with initial high watermark 0
2025-06-02 23:45:02 [kafka-0-metadata-loader-event-handler] INFO  state.change.logger - [Broker id=0] Leader __consumer_offsets-8 with topic id Some(3b87RWq5TMyfmmYe8HrxDA) starts at leader epoch 0 from offset 0 with partition epoch 0, high watermark 0, ISR [0], adding replicas [] and removing replicas [] . Previous leader None and previous leader epoch was -1.
2025-06-02 23:45:02 [kafka-0-metadata-loader-event-handler] INFO  state.change.logger - [Broker id=0] Creating new partition __consumer_offsets-37 with topic id 3b87RWq5TMyfmmYe8HrxDA.
2025-06-02 23:45:02 [kafka-0-metadata-loader-event-handler] INFO  kafka.log.UnifiedLog$ - [LogLoader partition=__consumer_offsets-37, dir=C:\Users\melba\AppData\Local\Temp\kafka-6963404728273164374\broker_0_data0] Loading producer state till offset 0 with message format version 2
2025-06-02 23:45:02 [kafka-0-metadata-loader-event-handler] INFO  kafka.log.LogManager - Created log for partition __consumer_offsets-37 in C:\Users\melba\AppData\Local\Temp\kafka-6963404728273164374\broker_0_data0\__consumer_offsets-37 with properties {cleanup.policy=compact, compression.type="producer", segment.bytes=104857600}
2025-06-02 23:45:02 [kafka-0-metadata-loader-event-handler] INFO  kafka.cluster.Partition - [Partition __consumer_offsets-37 broker=0] No checkpointed highwatermark is found for partition __consumer_offsets-37
2025-06-02 23:45:02 [kafka-0-metadata-loader-event-handler] INFO  kafka.cluster.Partition - [Partition __consumer_offsets-37 broker=0] Log loaded for partition __consumer_offsets-37 with initial high watermark 0
2025-06-02 23:45:02 [kafka-0-metadata-loader-event-handler] INFO  state.change.logger - [Broker id=0] Leader __consumer_offsets-37 with topic id Some(3b87RWq5TMyfmmYe8HrxDA) starts at leader epoch 0 from offset 0 with partition epoch 0, high watermark 0, ISR [0], adding replicas [] and removing replicas [] . Previous leader None and previous leader epoch was -1.
2025-06-02 23:45:02 [kafka-0-metadata-loader-event-handler] INFO  state.change.logger - [Broker id=0] Creating new partition __consumer_offsets-4 with topic id 3b87RWq5TMyfmmYe8HrxDA.
2025-06-02 23:45:02 [kafka-0-metadata-loader-event-handler] INFO  kafka.log.UnifiedLog$ - [LogLoader partition=__consumer_offsets-4, dir=C:\Users\melba\AppData\Local\Temp\kafka-6963404728273164374\broker_0_data0] Loading producer state till offset 0 with message format version 2
2025-06-02 23:45:02 [kafka-0-metadata-loader-event-handler] INFO  kafka.log.LogManager - Created log for partition __consumer_offsets-4 in C:\Users\melba\AppData\Local\Temp\kafka-6963404728273164374\broker_0_data0\__consumer_offsets-4 with properties {cleanup.policy=compact, compression.type="producer", segment.bytes=104857600}
2025-06-02 23:45:02 [kafka-0-metadata-loader-event-handler] INFO  kafka.cluster.Partition - [Partition __consumer_offsets-4 broker=0] No checkpointed highwatermark is found for partition __consumer_offsets-4
2025-06-02 23:45:02 [kafka-0-metadata-loader-event-handler] INFO  kafka.cluster.Partition - [Partition __consumer_offsets-4 broker=0] Log loaded for partition __consumer_offsets-4 with initial high watermark 0
2025-06-02 23:45:02 [kafka-0-metadata-loader-event-handler] INFO  state.change.logger - [Broker id=0] Leader __consumer_offsets-4 with topic id Some(3b87RWq5TMyfmmYe8HrxDA) starts at leader epoch 0 from offset 0 with partition epoch 0, high watermark 0, ISR [0], adding replicas [] and removing replicas [] . Previous leader None and previous leader epoch was -1.
2025-06-02 23:45:02 [kafka-0-metadata-loader-event-handler] INFO  state.change.logger - [Broker id=0] Creating new partition __consumer_offsets-33 with topic id 3b87RWq5TMyfmmYe8HrxDA.
2025-06-02 23:45:02 [kafka-0-metadata-loader-event-handler] INFO  kafka.log.UnifiedLog$ - [LogLoader partition=__consumer_offsets-33, dir=C:\Users\melba\AppData\Local\Temp\kafka-6963404728273164374\broker_0_data0] Loading producer state till offset 0 with message format version 2
2025-06-02 23:45:02 [kafka-0-metadata-loader-event-handler] INFO  kafka.log.LogManager - Created log for partition __consumer_offsets-33 in C:\Users\melba\AppData\Local\Temp\kafka-6963404728273164374\broker_0_data0\__consumer_offsets-33 with properties {cleanup.policy=compact, compression.type="producer", segment.bytes=104857600}
2025-06-02 23:45:02 [kafka-0-metadata-loader-event-handler] INFO  kafka.cluster.Partition - [Partition __consumer_offsets-33 broker=0] No checkpointed highwatermark is found for partition __consumer_offsets-33
2025-06-02 23:45:02 [kafka-0-metadata-loader-event-handler] INFO  kafka.cluster.Partition - [Partition __consumer_offsets-33 broker=0] Log loaded for partition __consumer_offsets-33 with initial high watermark 0
2025-06-02 23:45:02 [kafka-0-metadata-loader-event-handler] INFO  state.change.logger - [Broker id=0] Leader __consumer_offsets-33 with topic id Some(3b87RWq5TMyfmmYe8HrxDA) starts at leader epoch 0 from offset 0 with partition epoch 0, high watermark 0, ISR [0], adding replicas [] and removing replicas [] . Previous leader None and previous leader epoch was -1.
2025-06-02 23:45:02 [kafka-0-metadata-loader-event-handler] INFO  state.change.logger - [Broker id=0] Creating new partition __consumer_offsets-15 with topic id 3b87RWq5TMyfmmYe8HrxDA.
2025-06-02 23:45:02 [kafka-0-metadata-loader-event-handler] INFO  kafka.log.UnifiedLog$ - [LogLoader partition=__consumer_offsets-15, dir=C:\Users\melba\AppData\Local\Temp\kafka-6963404728273164374\broker_0_data0] Loading producer state till offset 0 with message format version 2
2025-06-02 23:45:02 [kafka-0-metadata-loader-event-handler] INFO  kafka.log.LogManager - Created log for partition __consumer_offsets-15 in C:\Users\melba\AppData\Local\Temp\kafka-6963404728273164374\broker_0_data0\__consumer_offsets-15 with properties {cleanup.policy=compact, compression.type="producer", segment.bytes=104857600}
2025-06-02 23:45:02 [kafka-0-metadata-loader-event-handler] INFO  kafka.cluster.Partition - [Partition __consumer_offsets-15 broker=0] No checkpointed highwatermark is found for partition __consumer_offsets-15
2025-06-02 23:45:02 [kafka-0-metadata-loader-event-handler] INFO  kafka.cluster.Partition - [Partition __consumer_offsets-15 broker=0] Log loaded for partition __consumer_offsets-15 with initial high watermark 0
2025-06-02 23:45:02 [kafka-0-metadata-loader-event-handler] INFO  state.change.logger - [Broker id=0] Leader __consumer_offsets-15 with topic id Some(3b87RWq5TMyfmmYe8HrxDA) starts at leader epoch 0 from offset 0 with partition epoch 0, high watermark 0, ISR [0], adding replicas [] and removing replicas [] . Previous leader None and previous leader epoch was -1.
2025-06-02 23:45:02 [kafka-0-metadata-loader-event-handler] INFO  state.change.logger - [Broker id=0] Creating new partition __consumer_offsets-48 with topic id 3b87RWq5TMyfmmYe8HrxDA.
2025-06-02 23:45:02 [kafka-0-metadata-loader-event-handler] INFO  kafka.log.UnifiedLog$ - [LogLoader partition=__consumer_offsets-48, dir=C:\Users\melba\AppData\Local\Temp\kafka-6963404728273164374\broker_0_data0] Loading producer state till offset 0 with message format version 2
2025-06-02 23:45:02 [kafka-0-metadata-loader-event-handler] INFO  kafka.log.LogManager - Created log for partition __consumer_offsets-48 in C:\Users\melba\AppData\Local\Temp\kafka-6963404728273164374\broker_0_data0\__consumer_offsets-48 with properties {cleanup.policy=compact, compression.type="producer", segment.bytes=104857600}
2025-06-02 23:45:02 [kafka-0-metadata-loader-event-handler] INFO  kafka.cluster.Partition - [Partition __consumer_offsets-48 broker=0] No checkpointed highwatermark is found for partition __consumer_offsets-48
2025-06-02 23:45:02 [kafka-0-metadata-loader-event-handler] INFO  kafka.cluster.Partition - [Partition __consumer_offsets-48 broker=0] Log loaded for partition __consumer_offsets-48 with initial high watermark 0
2025-06-02 23:45:02 [kafka-0-metadata-loader-event-handler] INFO  state.change.logger - [Broker id=0] Leader __consumer_offsets-48 with topic id Some(3b87RWq5TMyfmmYe8HrxDA) starts at leader epoch 0 from offset 0 with partition epoch 0, high watermark 0, ISR [0], adding replicas [] and removing replicas [] . Previous leader None and previous leader epoch was -1.
2025-06-02 23:45:02 [kafka-0-metadata-loader-event-handler] INFO  state.change.logger - [Broker id=0] Creating new partition __consumer_offsets-11 with topic id 3b87RWq5TMyfmmYe8HrxDA.
2025-06-02 23:45:02 [kafka-0-metadata-loader-event-handler] INFO  kafka.log.UnifiedLog$ - [LogLoader partition=__consumer_offsets-11, dir=C:\Users\melba\AppData\Local\Temp\kafka-6963404728273164374\broker_0_data0] Loading producer state till offset 0 with message format version 2
2025-06-02 23:45:02 [kafka-0-metadata-loader-event-handler] INFO  kafka.log.LogManager - Created log for partition __consumer_offsets-11 in C:\Users\melba\AppData\Local\Temp\kafka-6963404728273164374\broker_0_data0\__consumer_offsets-11 with properties {cleanup.policy=compact, compression.type="producer", segment.bytes=104857600}
2025-06-02 23:45:02 [kafka-0-metadata-loader-event-handler] INFO  kafka.cluster.Partition - [Partition __consumer_offsets-11 broker=0] No checkpointed highwatermark is found for partition __consumer_offsets-11
2025-06-02 23:45:02 [kafka-0-metadata-loader-event-handler] INFO  kafka.cluster.Partition - [Partition __consumer_offsets-11 broker=0] Log loaded for partition __consumer_offsets-11 with initial high watermark 0
2025-06-02 23:45:02 [kafka-0-metadata-loader-event-handler] INFO  state.change.logger - [Broker id=0] Leader __consumer_offsets-11 with topic id Some(3b87RWq5TMyfmmYe8HrxDA) starts at leader epoch 0 from offset 0 with partition epoch 0, high watermark 0, ISR [0], adding replicas [] and removing replicas [] . Previous leader None and previous leader epoch was -1.
2025-06-02 23:45:02 [org.springframework.kafka.KafkaListenerEndpointContainer#0-0-C-1] INFO  o.a.k.c.c.i.ConsumerCoordinator - [Consumer clientId=consumer-cdr-group-1, groupId=cdr-group] Discovered group coordinator localhost:57023 (id: 2147483647 rack: null)
2025-06-02 23:45:02 [org.springframework.kafka.KafkaListenerEndpointContainer#0-0-C-1] INFO  o.a.k.c.c.i.ConsumerCoordinator - [Consumer clientId=consumer-cdr-group-1, groupId=cdr-group] Request joining group due to: rebalance failed due to 'This is not the correct coordinator.' (NotCoordinatorException)
2025-06-02 23:45:02 [org.springframework.kafka.KafkaListenerEndpointContainer#0-0-C-1] INFO  o.a.k.c.c.i.ConsumerCoordinator - [Consumer clientId=consumer-cdr-group-1, groupId=cdr-group] (Re-)joining group
2025-06-02 23:45:02 [org.springframework.kafka.KafkaListenerEndpointContainer#0-0-C-1] INFO  o.a.k.c.c.i.ConsumerCoordinator - [Consumer clientId=consumer-cdr-group-1, groupId=cdr-group] Group coordinator localhost:57023 (id: 2147483647 rack: null) is unavailable or invalid due to cause: error response NOT_COORDINATOR. isDisconnected: false. Rediscovery will be attempted.
2025-06-02 23:45:02 [org.springframework.kafka.KafkaListenerEndpointContainer#0-0-C-1] INFO  o.a.k.c.c.i.ConsumerCoordinator - [Consumer clientId=consumer-cdr-group-1, groupId=cdr-group] Requesting disconnect from last known coordinator localhost:57023 (id: 2147483647 rack: null)
2025-06-02 23:45:02 [org.springframework.kafka.KafkaListenerEndpointContainer#0-0-C-1] INFO  o.a.k.c.c.i.ConsumerCoordinator - [Consumer clientId=consumer-cdr-group-1, groupId=cdr-group] JoinGroup failed: This is not the correct coordinator. Marking coordinator unknown. Sent generation was Generation{generationId=-1, memberId='', protocol='null'}
2025-06-02 23:45:02 [org.springframework.kafka.KafkaListenerEndpointContainer#0-0-C-1] INFO  o.apache.kafka.clients.NetworkClient - [Consumer clientId=consumer-cdr-group-1, groupId=cdr-group] Client requested disconnect from node 2147483647
2025-06-02 23:45:02 [kafka-0-metadata-loader-event-handler] INFO  state.change.logger - [Broker id=0] Creating new partition __consumer_offsets-44 with topic id 3b87RWq5TMyfmmYe8HrxDA.
2025-06-02 23:45:02 [org.springframework.kafka.KafkaListenerEndpointContainer#0-0-C-1] INFO  o.a.k.c.c.i.ConsumerCoordinator - [Consumer clientId=consumer-cdr-group-1, groupId=cdr-group] Discovered group coordinator localhost:57023 (id: 2147483647 rack: null)
2025-06-02 23:45:02 [org.springframework.kafka.KafkaListenerEndpointContainer#0-0-C-1] INFO  o.a.k.c.c.i.ConsumerCoordinator - [Consumer clientId=consumer-cdr-group-1, groupId=cdr-group] Group coordinator localhost:57023 (id: 2147483647 rack: null) is unavailable or invalid due to cause: coordinator unavailable. isDisconnected: false. Rediscovery will be attempted.
2025-06-02 23:45:02 [org.springframework.kafka.KafkaListenerEndpointContainer#0-0-C-1] INFO  o.a.k.c.c.i.ConsumerCoordinator - [Consumer clientId=consumer-cdr-group-1, groupId=cdr-group] Requesting disconnect from last known coordinator localhost:57023 (id: 2147483647 rack: null)
2025-06-02 23:45:02 [kafka-0-metadata-loader-event-handler] INFO  kafka.log.UnifiedLog$ - [LogLoader partition=__consumer_offsets-44, dir=C:\Users\melba\AppData\Local\Temp\kafka-6963404728273164374\broker_0_data0] Loading producer state till offset 0 with message format version 2
2025-06-02 23:45:02 [kafka-0-metadata-loader-event-handler] INFO  kafka.log.LogManager - Created log for partition __consumer_offsets-44 in C:\Users\melba\AppData\Local\Temp\kafka-6963404728273164374\broker_0_data0\__consumer_offsets-44 with properties {cleanup.policy=compact, compression.type="producer", segment.bytes=104857600}
2025-06-02 23:45:02 [kafka-0-metadata-loader-event-handler] INFO  kafka.cluster.Partition - [Partition __consumer_offsets-44 broker=0] No checkpointed highwatermark is found for partition __consumer_offsets-44
2025-06-02 23:45:02 [kafka-0-metadata-loader-event-handler] INFO  kafka.cluster.Partition - [Partition __consumer_offsets-44 broker=0] Log loaded for partition __consumer_offsets-44 with initial high watermark 0
2025-06-02 23:45:02 [kafka-0-metadata-loader-event-handler] INFO  state.change.logger - [Broker id=0] Leader __consumer_offsets-44 with topic id Some(3b87RWq5TMyfmmYe8HrxDA) starts at leader epoch 0 from offset 0 with partition epoch 0, high watermark 0, ISR [0], adding replicas [] and removing replicas [] . Previous leader None and previous leader epoch was -1.
2025-06-02 23:45:02 [kafka-0-metadata-loader-event-handler] INFO  state.change.logger - [Broker id=0] Creating new partition __consumer_offsets-23 with topic id 3b87RWq5TMyfmmYe8HrxDA.
2025-06-02 23:45:02 [kafka-0-metadata-loader-event-handler] INFO  kafka.log.UnifiedLog$ - [LogLoader partition=__consumer_offsets-23, dir=C:\Users\melba\AppData\Local\Temp\kafka-6963404728273164374\broker_0_data0] Loading producer state till offset 0 with message format version 2
2025-06-02 23:45:02 [kafka-0-metadata-loader-event-handler] INFO  kafka.log.LogManager - Created log for partition __consumer_offsets-23 in C:\Users\melba\AppData\Local\Temp\kafka-6963404728273164374\broker_0_data0\__consumer_offsets-23 with properties {cleanup.policy=compact, compression.type="producer", segment.bytes=104857600}
2025-06-02 23:45:02 [kafka-0-metadata-loader-event-handler] INFO  kafka.cluster.Partition - [Partition __consumer_offsets-23 broker=0] No checkpointed highwatermark is found for partition __consumer_offsets-23
2025-06-02 23:45:02 [kafka-0-metadata-loader-event-handler] INFO  kafka.cluster.Partition - [Partition __consumer_offsets-23 broker=0] Log loaded for partition __consumer_offsets-23 with initial high watermark 0
2025-06-02 23:45:02 [kafka-0-metadata-loader-event-handler] INFO  state.change.logger - [Broker id=0] Leader __consumer_offsets-23 with topic id Some(3b87RWq5TMyfmmYe8HrxDA) starts at leader epoch 0 from offset 0 with partition epoch 0, high watermark 0, ISR [0], adding replicas [] and removing replicas [] . Previous leader None and previous leader epoch was -1.
2025-06-02 23:45:02 [kafka-0-metadata-loader-event-handler] INFO  state.change.logger - [Broker id=0] Creating new partition __consumer_offsets-19 with topic id 3b87RWq5TMyfmmYe8HrxDA.
2025-06-02 23:45:02 [kafka-0-metadata-loader-event-handler] INFO  kafka.log.UnifiedLog$ - [LogLoader partition=__consumer_offsets-19, dir=C:\Users\melba\AppData\Local\Temp\kafka-6963404728273164374\broker_0_data0] Loading producer state till offset 0 with message format version 2
2025-06-02 23:45:02 [kafka-0-metadata-loader-event-handler] INFO  kafka.log.LogManager - Created log for partition __consumer_offsets-19 in C:\Users\melba\AppData\Local\Temp\kafka-6963404728273164374\broker_0_data0\__consumer_offsets-19 with properties {cleanup.policy=compact, compression.type="producer", segment.bytes=104857600}
2025-06-02 23:45:02 [kafka-0-metadata-loader-event-handler] INFO  kafka.cluster.Partition - [Partition __consumer_offsets-19 broker=0] No checkpointed highwatermark is found for partition __consumer_offsets-19
2025-06-02 23:45:02 [kafka-0-metadata-loader-event-handler] INFO  kafka.cluster.Partition - [Partition __consumer_offsets-19 broker=0] Log loaded for partition __consumer_offsets-19 with initial high watermark 0
2025-06-02 23:45:02 [kafka-0-metadata-loader-event-handler] INFO  state.change.logger - [Broker id=0] Leader __consumer_offsets-19 with topic id Some(3b87RWq5TMyfmmYe8HrxDA) starts at leader epoch 0 from offset 0 with partition epoch 0, high watermark 0, ISR [0], adding replicas [] and removing replicas [] . Previous leader None and previous leader epoch was -1.
2025-06-02 23:45:02 [kafka-0-metadata-loader-event-handler] INFO  state.change.logger - [Broker id=0] Creating new partition __consumer_offsets-32 with topic id 3b87RWq5TMyfmmYe8HrxDA.
2025-06-02 23:45:02 [kafka-0-metadata-loader-event-handler] INFO  kafka.log.UnifiedLog$ - [LogLoader partition=__consumer_offsets-32, dir=C:\Users\melba\AppData\Local\Temp\kafka-6963404728273164374\broker_0_data0] Loading producer state till offset 0 with message format version 2
2025-06-02 23:45:02 [kafka-0-metadata-loader-event-handler] INFO  kafka.log.LogManager - Created log for partition __consumer_offsets-32 in C:\Users\melba\AppData\Local\Temp\kafka-6963404728273164374\broker_0_data0\__consumer_offsets-32 with properties {cleanup.policy=compact, compression.type="producer", segment.bytes=104857600}
2025-06-02 23:45:02 [kafka-0-metadata-loader-event-handler] INFO  kafka.cluster.Partition - [Partition __consumer_offsets-32 broker=0] No checkpointed highwatermark is found for partition __consumer_offsets-32
2025-06-02 23:45:02 [kafka-0-metadata-loader-event-handler] INFO  kafka.cluster.Partition - [Partition __consumer_offsets-32 broker=0] Log loaded for partition __consumer_offsets-32 with initial high watermark 0
2025-06-02 23:45:02 [kafka-0-metadata-loader-event-handler] INFO  state.change.logger - [Broker id=0] Leader __consumer_offsets-32 with topic id Some(3b87RWq5TMyfmmYe8HrxDA) starts at leader epoch 0 from offset 0 with partition epoch 0, high watermark 0, ISR [0], adding replicas [] and removing replicas [] . Previous leader None and previous leader epoch was -1.
2025-06-02 23:45:02 [kafka-0-metadata-loader-event-handler] INFO  state.change.logger - [Broker id=0] Creating new partition __consumer_offsets-28 with topic id 3b87RWq5TMyfmmYe8HrxDA.
2025-06-02 23:45:02 [kafka-0-metadata-loader-event-handler] INFO  kafka.log.UnifiedLog$ - [LogLoader partition=__consumer_offsets-28, dir=C:\Users\melba\AppData\Local\Temp\kafka-6963404728273164374\broker_0_data0] Loading producer state till offset 0 with message format version 2
2025-06-02 23:45:02 [kafka-0-metadata-loader-event-handler] INFO  kafka.log.LogManager - Created log for partition __consumer_offsets-28 in C:\Users\melba\AppData\Local\Temp\kafka-6963404728273164374\broker_0_data0\__consumer_offsets-28 with properties {cleanup.policy=compact, compression.type="producer", segment.bytes=104857600}
2025-06-02 23:45:02 [kafka-0-metadata-loader-event-handler] INFO  kafka.cluster.Partition - [Partition __consumer_offsets-28 broker=0] No checkpointed highwatermark is found for partition __consumer_offsets-28
2025-06-02 23:45:02 [kafka-0-metadata-loader-event-handler] INFO  kafka.cluster.Partition - [Partition __consumer_offsets-28 broker=0] Log loaded for partition __consumer_offsets-28 with initial high watermark 0
2025-06-02 23:45:02 [kafka-0-metadata-loader-event-handler] INFO  state.change.logger - [Broker id=0] Leader __consumer_offsets-28 with topic id Some(3b87RWq5TMyfmmYe8HrxDA) starts at leader epoch 0 from offset 0 with partition epoch 0, high watermark 0, ISR [0], adding replicas [] and removing replicas [] . Previous leader None and previous leader epoch was -1.
2025-06-02 23:45:02 [kafka-0-metadata-loader-event-handler] INFO  state.change.logger - [Broker id=0] Creating new partition __consumer_offsets-7 with topic id 3b87RWq5TMyfmmYe8HrxDA.
2025-06-02 23:45:02 [kafka-0-metadata-loader-event-handler] INFO  kafka.log.UnifiedLog$ - [LogLoader partition=__consumer_offsets-7, dir=C:\Users\melba\AppData\Local\Temp\kafka-6963404728273164374\broker_0_data0] Loading producer state till offset 0 with message format version 2
2025-06-02 23:45:02 [kafka-0-metadata-loader-event-handler] INFO  kafka.log.LogManager - Created log for partition __consumer_offsets-7 in C:\Users\melba\AppData\Local\Temp\kafka-6963404728273164374\broker_0_data0\__consumer_offsets-7 with properties {cleanup.policy=compact, compression.type="producer", segment.bytes=104857600}
2025-06-02 23:45:02 [kafka-0-metadata-loader-event-handler] INFO  kafka.cluster.Partition - [Partition __consumer_offsets-7 broker=0] No checkpointed highwatermark is found for partition __consumer_offsets-7
2025-06-02 23:45:02 [kafka-0-metadata-loader-event-handler] INFO  kafka.cluster.Partition - [Partition __consumer_offsets-7 broker=0] Log loaded for partition __consumer_offsets-7 with initial high watermark 0
2025-06-02 23:45:02 [kafka-0-metadata-loader-event-handler] INFO  state.change.logger - [Broker id=0] Leader __consumer_offsets-7 with topic id Some(3b87RWq5TMyfmmYe8HrxDA) starts at leader epoch 0 from offset 0 with partition epoch 0, high watermark 0, ISR [0], adding replicas [] and removing replicas [] . Previous leader None and previous leader epoch was -1.
2025-06-02 23:45:02 [kafka-0-metadata-loader-event-handler] INFO  state.change.logger - [Broker id=0] Creating new partition __consumer_offsets-40 with topic id 3b87RWq5TMyfmmYe8HrxDA.
2025-06-02 23:45:02 [kafka-0-metadata-loader-event-handler] INFO  kafka.log.UnifiedLog$ - [LogLoader partition=__consumer_offsets-40, dir=C:\Users\melba\AppData\Local\Temp\kafka-6963404728273164374\broker_0_data0] Loading producer state till offset 0 with message format version 2
2025-06-02 23:45:02 [kafka-0-metadata-loader-event-handler] INFO  kafka.log.LogManager - Created log for partition __consumer_offsets-40 in C:\Users\melba\AppData\Local\Temp\kafka-6963404728273164374\broker_0_data0\__consumer_offsets-40 with properties {cleanup.policy=compact, compression.type="producer", segment.bytes=104857600}
2025-06-02 23:45:02 [kafka-0-metadata-loader-event-handler] INFO  kafka.cluster.Partition - [Partition __consumer_offsets-40 broker=0] No checkpointed highwatermark is found for partition __consumer_offsets-40
2025-06-02 23:45:02 [kafka-0-metadata-loader-event-handler] INFO  kafka.cluster.Partition - [Partition __consumer_offsets-40 broker=0] Log loaded for partition __consumer_offsets-40 with initial high watermark 0
2025-06-02 23:45:02 [kafka-0-metadata-loader-event-handler] INFO  state.change.logger - [Broker id=0] Leader __consumer_offsets-40 with topic id Some(3b87RWq5TMyfmmYe8HrxDA) starts at leader epoch 0 from offset 0 with partition epoch 0, high watermark 0, ISR [0], adding replicas [] and removing replicas [] . Previous leader None and previous leader epoch was -1.
2025-06-02 23:45:02 [kafka-0-metadata-loader-event-handler] INFO  state.change.logger - [Broker id=0] Creating new partition __consumer_offsets-3 with topic id 3b87RWq5TMyfmmYe8HrxDA.
2025-06-02 23:45:02 [kafka-0-metadata-loader-event-handler] INFO  kafka.log.UnifiedLog$ - [LogLoader partition=__consumer_offsets-3, dir=C:\Users\melba\AppData\Local\Temp\kafka-6963404728273164374\broker_0_data0] Loading producer state till offset 0 with message format version 2
2025-06-02 23:45:02 [kafka-0-metadata-loader-event-handler] INFO  kafka.log.LogManager - Created log for partition __consumer_offsets-3 in C:\Users\melba\AppData\Local\Temp\kafka-6963404728273164374\broker_0_data0\__consumer_offsets-3 with properties {cleanup.policy=compact, compression.type="producer", segment.bytes=104857600}
2025-06-02 23:45:02 [kafka-0-metadata-loader-event-handler] INFO  kafka.cluster.Partition - [Partition __consumer_offsets-3 broker=0] No checkpointed highwatermark is found for partition __consumer_offsets-3
2025-06-02 23:45:02 [kafka-0-metadata-loader-event-handler] INFO  kafka.cluster.Partition - [Partition __consumer_offsets-3 broker=0] Log loaded for partition __consumer_offsets-3 with initial high watermark 0
2025-06-02 23:45:02 [kafka-0-metadata-loader-event-handler] INFO  state.change.logger - [Broker id=0] Leader __consumer_offsets-3 with topic id Some(3b87RWq5TMyfmmYe8HrxDA) starts at leader epoch 0 from offset 0 with partition epoch 0, high watermark 0, ISR [0], adding replicas [] and removing replicas [] . Previous leader None and previous leader epoch was -1.
2025-06-02 23:45:02 [kafka-0-metadata-loader-event-handler] INFO  state.change.logger - [Broker id=0] Creating new partition __consumer_offsets-36 with topic id 3b87RWq5TMyfmmYe8HrxDA.
2025-06-02 23:45:02 [kafka-0-metadata-loader-event-handler] INFO  kafka.log.UnifiedLog$ - [LogLoader partition=__consumer_offsets-36, dir=C:\Users\melba\AppData\Local\Temp\kafka-6963404728273164374\broker_0_data0] Loading producer state till offset 0 with message format version 2
2025-06-02 23:45:02 [kafka-0-metadata-loader-event-handler] INFO  kafka.log.LogManager - Created log for partition __consumer_offsets-36 in C:\Users\melba\AppData\Local\Temp\kafka-6963404728273164374\broker_0_data0\__consumer_offsets-36 with properties {cleanup.policy=compact, compression.type="producer", segment.bytes=104857600}
2025-06-02 23:45:02 [kafka-0-metadata-loader-event-handler] INFO  kafka.cluster.Partition - [Partition __consumer_offsets-36 broker=0] No checkpointed highwatermark is found for partition __consumer_offsets-36
2025-06-02 23:45:02 [kafka-0-metadata-loader-event-handler] INFO  kafka.cluster.Partition - [Partition __consumer_offsets-36 broker=0] Log loaded for partition __consumer_offsets-36 with initial high watermark 0
2025-06-02 23:45:02 [kafka-0-metadata-loader-event-handler] INFO  state.change.logger - [Broker id=0] Leader __consumer_offsets-36 with topic id Some(3b87RWq5TMyfmmYe8HrxDA) starts at leader epoch 0 from offset 0 with partition epoch 0, high watermark 0, ISR [0], adding replicas [] and removing replicas [] . Previous leader None and previous leader epoch was -1.
2025-06-02 23:45:02 [org.springframework.kafka.KafkaListenerEndpointContainer#0-0-C-1] INFO  o.a.k.c.c.i.ConsumerCoordinator - [Consumer clientId=consumer-cdr-group-1, groupId=cdr-group] Discovered group coordinator localhost:57023 (id: 2147483647 rack: null)
2025-06-02 23:45:02 [kafka-0-metadata-loader-event-handler] INFO  state.change.logger - [Broker id=0] Creating new partition __consumer_offsets-47 with topic id 3b87RWq5TMyfmmYe8HrxDA.
2025-06-02 23:45:02 [org.springframework.kafka.KafkaListenerEndpointContainer#0-0-C-1] INFO  o.a.k.c.c.i.ConsumerCoordinator - [Consumer clientId=consumer-cdr-group-1, groupId=cdr-group] Request joining group due to: rebalance failed due to 'This is not the correct coordinator.' (NotCoordinatorException)
2025-06-02 23:45:02 [org.springframework.kafka.KafkaListenerEndpointContainer#0-0-C-1] INFO  o.a.k.c.c.i.ConsumerCoordinator - [Consumer clientId=consumer-cdr-group-1, groupId=cdr-group] (Re-)joining group
2025-06-02 23:45:02 [org.springframework.kafka.KafkaListenerEndpointContainer#0-0-C-1] INFO  o.a.k.c.c.i.ConsumerCoordinator - [Consumer clientId=consumer-cdr-group-1, groupId=cdr-group] Group coordinator localhost:57023 (id: 2147483647 rack: null) is unavailable or invalid due to cause: error response NOT_COORDINATOR. isDisconnected: false. Rediscovery will be attempted.
2025-06-02 23:45:02 [org.springframework.kafka.KafkaListenerEndpointContainer#0-0-C-1] INFO  o.a.k.c.c.i.ConsumerCoordinator - [Consumer clientId=consumer-cdr-group-1, groupId=cdr-group] Requesting disconnect from last known coordinator localhost:57023 (id: 2147483647 rack: null)
2025-06-02 23:45:02 [org.springframework.kafka.KafkaListenerEndpointContainer#0-0-C-1] INFO  o.a.k.c.c.i.ConsumerCoordinator - [Consumer clientId=consumer-cdr-group-1, groupId=cdr-group] JoinGroup failed: This is not the correct coordinator. Marking coordinator unknown. Sent generation was Generation{generationId=-1, memberId='', protocol='null'}
2025-06-02 23:45:02 [org.springframework.kafka.KafkaListenerEndpointContainer#0-0-C-1] INFO  o.apache.kafka.clients.NetworkClient - [Consumer clientId=consumer-cdr-group-1, groupId=cdr-group] Client requested disconnect from node 2147483647
2025-06-02 23:45:02 [org.springframework.kafka.KafkaListenerEndpointContainer#0-0-C-1] INFO  o.a.k.c.c.i.ConsumerCoordinator - [Consumer clientId=consumer-cdr-group-1, groupId=cdr-group] Discovered group coordinator localhost:57023 (id: 2147483647 rack: null)
2025-06-02 23:45:02 [org.springframework.kafka.KafkaListenerEndpointContainer#0-0-C-1] INFO  o.a.k.c.c.i.ConsumerCoordinator - [Consumer clientId=consumer-cdr-group-1, groupId=cdr-group] Group coordinator localhost:57023 (id: 2147483647 rack: null) is unavailable or invalid due to cause: coordinator unavailable. isDisconnected: false. Rediscovery will be attempted.
2025-06-02 23:45:02 [org.springframework.kafka.KafkaListenerEndpointContainer#0-0-C-1] INFO  o.a.k.c.c.i.ConsumerCoordinator - [Consumer clientId=consumer-cdr-group-1, groupId=cdr-group] Requesting disconnect from last known coordinator localhost:57023 (id: 2147483647 rack: null)
2025-06-02 23:45:02 [kafka-0-metadata-loader-event-handler] INFO  kafka.log.UnifiedLog$ - [LogLoader partition=__consumer_offsets-47, dir=C:\Users\melba\AppData\Local\Temp\kafka-6963404728273164374\broker_0_data0] Loading producer state till offset 0 with message format version 2
2025-06-02 23:45:02 [kafka-0-metadata-loader-event-handler] INFO  kafka.log.LogManager - Created log for partition __consumer_offsets-47 in C:\Users\melba\AppData\Local\Temp\kafka-6963404728273164374\broker_0_data0\__consumer_offsets-47 with properties {cleanup.policy=compact, compression.type="producer", segment.bytes=104857600}
2025-06-02 23:45:02 [kafka-0-metadata-loader-event-handler] INFO  kafka.cluster.Partition - [Partition __consumer_offsets-47 broker=0] No checkpointed highwatermark is found for partition __consumer_offsets-47
2025-06-02 23:45:02 [kafka-0-metadata-loader-event-handler] INFO  kafka.cluster.Partition - [Partition __consumer_offsets-47 broker=0] Log loaded for partition __consumer_offsets-47 with initial high watermark 0
2025-06-02 23:45:02 [kafka-0-metadata-loader-event-handler] INFO  state.change.logger - [Broker id=0] Leader __consumer_offsets-47 with topic id Some(3b87RWq5TMyfmmYe8HrxDA) starts at leader epoch 0 from offset 0 with partition epoch 0, high watermark 0, ISR [0], adding replicas [] and removing replicas [] . Previous leader None and previous leader epoch was -1.
2025-06-02 23:45:02 [kafka-0-metadata-loader-event-handler] INFO  state.change.logger - [Broker id=0] Creating new partition __consumer_offsets-14 with topic id 3b87RWq5TMyfmmYe8HrxDA.
2025-06-02 23:45:02 [kafka-0-metadata-loader-event-handler] INFO  kafka.log.UnifiedLog$ - [LogLoader partition=__consumer_offsets-14, dir=C:\Users\melba\AppData\Local\Temp\kafka-6963404728273164374\broker_0_data0] Loading producer state till offset 0 with message format version 2
2025-06-02 23:45:02 [kafka-0-metadata-loader-event-handler] INFO  kafka.log.LogManager - Created log for partition __consumer_offsets-14 in C:\Users\melba\AppData\Local\Temp\kafka-6963404728273164374\broker_0_data0\__consumer_offsets-14 with properties {cleanup.policy=compact, compression.type="producer", segment.bytes=104857600}
2025-06-02 23:45:02 [kafka-0-metadata-loader-event-handler] INFO  kafka.cluster.Partition - [Partition __consumer_offsets-14 broker=0] No checkpointed highwatermark is found for partition __consumer_offsets-14
2025-06-02 23:45:02 [kafka-0-metadata-loader-event-handler] INFO  kafka.cluster.Partition - [Partition __consumer_offsets-14 broker=0] Log loaded for partition __consumer_offsets-14 with initial high watermark 0
2025-06-02 23:45:02 [kafka-0-metadata-loader-event-handler] INFO  state.change.logger - [Broker id=0] Leader __consumer_offsets-14 with topic id Some(3b87RWq5TMyfmmYe8HrxDA) starts at leader epoch 0 from offset 0 with partition epoch 0, high watermark 0, ISR [0], adding replicas [] and removing replicas [] . Previous leader None and previous leader epoch was -1.
2025-06-02 23:45:02 [main] INFO  o.a.k.c.producer.ProducerConfig - ProducerConfig values: 
	acks = -1
	auto.include.jmx.reporter = true
	batch.size = 16384
	bootstrap.servers = [localhost:57023]
	buffer.memory = 33554432
	client.dns.lookup = use_all_dns_ips
	client.id = producer-1
	compression.type = none
	connections.max.idle.ms = 540000
	delivery.timeout.ms = 120000
	enable.idempotence = true
	interceptor.classes = []
	key.serializer = class org.apache.kafka.common.serialization.StringSerializer
	linger.ms = 0
	max.block.ms = 60000
	max.in.flight.requests.per.connection = 1
	max.request.size = 1048576
	metadata.max.age.ms = 300000
	metadata.max.idle.ms = 300000
	metric.reporters = []
	metrics.num.samples = 2
	metrics.recording.level = INFO
	metrics.sample.window.ms = 30000
	partitioner.adaptive.partitioning.enable = true
	partitioner.availability.timeout.ms = 0
	partitioner.class = null
	partitioner.ignore.keys = false
	receive.buffer.bytes = 32768
	reconnect.backoff.max.ms = 1000
	reconnect.backoff.ms = 50
	request.timeout.ms = 30000
	retries = 3
	retry.backoff.ms = 1000
	sasl.client.callback.handler.class = null
	sasl.jaas.config = null
	sasl.kerberos.kinit.cmd = /usr/bin/kinit
	sasl.kerberos.min.time.before.relogin = 60000
	sasl.kerberos.service.name = null
	sasl.kerberos.ticket.renew.jitter = 0.05
	sasl.kerberos.ticket.renew.window.factor = 0.8
	sasl.login.callback.handler.class = null
	sasl.login.class = null
	sasl.login.connect.timeout.ms = null
	sasl.login.read.timeout.ms = null
	sasl.login.refresh.buffer.seconds = 300
	sasl.login.refresh.min.period.seconds = 60
	sasl.login.refresh.window.factor = 0.8
	sasl.login.refresh.window.jitter = 0.05
	sasl.login.retry.backoff.max.ms = 10000
	sasl.login.retry.backoff.ms = 100
	sasl.mechanism = GSSAPI
	sasl.oauthbearer.clock.skew.seconds = 30
	sasl.oauthbearer.expected.audience = null
	sasl.oauthbearer.expected.issuer = null
	sasl.oauthbearer.jwks.endpoint.refresh.ms = 3600000
	sasl.oauthbearer.jwks.endpoint.retry.backoff.max.ms = 10000
	sasl.oauthbearer.jwks.endpoint.retry.backoff.ms = 100
	sasl.oauthbearer.jwks.endpoint.url = null
	sasl.oauthbearer.scope.claim.name = scope
	sasl.oauthbearer.sub.claim.name = sub
	sasl.oauthbearer.token.endpoint.url = null
	security.protocol = PLAINTEXT
	security.providers = null
	send.buffer.bytes = 131072
	socket.connection.setup.timeout.max.ms = 30000
	socket.connection.setup.timeout.ms = 10000
	ssl.cipher.suites = null
	ssl.enabled.protocols = [TLSv1.2, TLSv1.3]
	ssl.endpoint.identification.algorithm = https
	ssl.engine.factory.class = null
	ssl.key.password = null
	ssl.keymanager.algorithm = SunX509
	ssl.keystore.certificate.chain = null
	ssl.keystore.key = null
	ssl.keystore.location = null
	ssl.keystore.password = null
	ssl.keystore.type = JKS
	ssl.protocol = TLSv1.3
	ssl.provider = null
	ssl.secure.random.implementation = null
	ssl.trustmanager.algorithm = PKIX
	ssl.truststore.certificates = null
	ssl.truststore.location = null
	ssl.truststore.password = null
	ssl.truststore.type = JKS
	transaction.timeout.ms = 60000
	transactional.id = null
	value.serializer = class org.apache.kafka.common.serialization.StringSerializer

2025-06-02 23:45:02 [kafka-0-metadata-loader-event-handler] INFO  state.change.logger - [Broker id=0] Creating new partition __consumer_offsets-43 with topic id 3b87RWq5TMyfmmYe8HrxDA.
2025-06-02 23:45:02 [kafka-0-metadata-loader-event-handler] INFO  kafka.log.UnifiedLog$ - [LogLoader partition=__consumer_offsets-43, dir=C:\Users\melba\AppData\Local\Temp\kafka-6963404728273164374\broker_0_data0] Loading producer state till offset 0 with message format version 2
2025-06-02 23:45:02 [kafka-0-metadata-loader-event-handler] INFO  kafka.log.LogManager - Created log for partition __consumer_offsets-43 in C:\Users\melba\AppData\Local\Temp\kafka-6963404728273164374\broker_0_data0\__consumer_offsets-43 with properties {cleanup.policy=compact, compression.type="producer", segment.bytes=104857600}
2025-06-02 23:45:02 [kafka-0-metadata-loader-event-handler] INFO  kafka.cluster.Partition - [Partition __consumer_offsets-43 broker=0] No checkpointed highwatermark is found for partition __consumer_offsets-43
2025-06-02 23:45:02 [kafka-0-metadata-loader-event-handler] INFO  kafka.cluster.Partition - [Partition __consumer_offsets-43 broker=0] Log loaded for partition __consumer_offsets-43 with initial high watermark 0
2025-06-02 23:45:02 [kafka-0-metadata-loader-event-handler] INFO  state.change.logger - [Broker id=0] Leader __consumer_offsets-43 with topic id Some(3b87RWq5TMyfmmYe8HrxDA) starts at leader epoch 0 from offset 0 with partition epoch 0, high watermark 0, ISR [0], adding replicas [] and removing replicas [] . Previous leader None and previous leader epoch was -1.
2025-06-02 23:45:02 [main] INFO  o.a.k.clients.producer.KafkaProducer - [Producer clientId=producer-1] Instantiated an idempotent producer.
2025-06-02 23:45:02 [kafka-0-metadata-loader-event-handler] INFO  state.change.logger - [Broker id=0] Creating new partition __consumer_offsets-10 with topic id 3b87RWq5TMyfmmYe8HrxDA.
2025-06-02 23:45:03 [kafka-0-metadata-loader-event-handler] INFO  kafka.log.UnifiedLog$ - [LogLoader partition=__consumer_offsets-10, dir=C:\Users\melba\AppData\Local\Temp\kafka-6963404728273164374\broker_0_data0] Loading producer state till offset 0 with message format version 2
2025-06-02 23:45:03 [kafka-0-metadata-loader-event-handler] INFO  kafka.log.LogManager - Created log for partition __consumer_offsets-10 in C:\Users\melba\AppData\Local\Temp\kafka-6963404728273164374\broker_0_data0\__consumer_offsets-10 with properties {cleanup.policy=compact, compression.type="producer", segment.bytes=104857600}
2025-06-02 23:45:03 [kafka-0-metadata-loader-event-handler] INFO  kafka.cluster.Partition - [Partition __consumer_offsets-10 broker=0] No checkpointed highwatermark is found for partition __consumer_offsets-10
2025-06-02 23:45:03 [kafka-0-metadata-loader-event-handler] INFO  kafka.cluster.Partition - [Partition __consumer_offsets-10 broker=0] Log loaded for partition __consumer_offsets-10 with initial high watermark 0
2025-06-02 23:45:03 [kafka-0-metadata-loader-event-handler] INFO  state.change.logger - [Broker id=0] Leader __consumer_offsets-10 with topic id Some(3b87RWq5TMyfmmYe8HrxDA) starts at leader epoch 0 from offset 0 with partition epoch 0, high watermark 0, ISR [0], adding replicas [] and removing replicas [] . Previous leader None and previous leader epoch was -1.
2025-06-02 23:45:03 [main] INFO  o.a.kafka.common.utils.AppInfoParser - Kafka version: 3.6.1
2025-06-02 23:45:03 [main] INFO  o.a.kafka.common.utils.AppInfoParser - Kafka commitId: 5e3c2b738d253ff5
2025-06-02 23:45:03 [main] INFO  o.a.kafka.common.utils.AppInfoParser - Kafka startTimeMs: 1748897103006
2025-06-02 23:45:03 [kafka-0-metadata-loader-event-handler] INFO  state.change.logger - [Broker id=0] Creating new partition __consumer_offsets-22 with topic id 3b87RWq5TMyfmmYe8HrxDA.
2025-06-02 23:45:03 [kafka-producer-network-thread | producer-1] INFO  org.apache.kafka.clients.Metadata - [Producer clientId=producer-1] Cluster ID: 1l1kCuYBSk-Fe9ZfrHZK4g
2025-06-02 23:45:03 [kafka-0-metadata-loader-event-handler] INFO  kafka.log.UnifiedLog$ - [LogLoader partition=__consumer_offsets-22, dir=C:\Users\melba\AppData\Local\Temp\kafka-6963404728273164374\broker_0_data0] Loading producer state till offset 0 with message format version 2
2025-06-02 23:45:03 [kafka-0-metadata-loader-event-handler] INFO  kafka.log.LogManager - Created log for partition __consumer_offsets-22 in C:\Users\melba\AppData\Local\Temp\kafka-6963404728273164374\broker_0_data0\__consumer_offsets-22 with properties {cleanup.policy=compact, compression.type="producer", segment.bytes=104857600}
2025-06-02 23:45:03 [kafka-0-metadata-loader-event-handler] INFO  kafka.cluster.Partition - [Partition __consumer_offsets-22 broker=0] No checkpointed highwatermark is found for partition __consumer_offsets-22
2025-06-02 23:45:03 [kafka-0-metadata-loader-event-handler] INFO  kafka.cluster.Partition - [Partition __consumer_offsets-22 broker=0] Log loaded for partition __consumer_offsets-22 with initial high watermark 0
2025-06-02 23:45:03 [kafka-0-metadata-loader-event-handler] INFO  state.change.logger - [Broker id=0] Leader __consumer_offsets-22 with topic id Some(3b87RWq5TMyfmmYe8HrxDA) starts at leader epoch 0 from offset 0 with partition epoch 0, high watermark 0, ISR [0], adding replicas [] and removing replicas [] . Previous leader None and previous leader epoch was -1.
2025-06-02 23:45:03 [kafka-0-metadata-loader-event-handler] INFO  state.change.logger - [Broker id=0] Creating new partition __consumer_offsets-18 with topic id 3b87RWq5TMyfmmYe8HrxDA.
2025-06-02 23:45:03 [quorum-controller-0-event-handler] INFO  o.a.k.c.ProducerIdControlManager - [QuorumController id=0] Replaying ProducerIdsRecord ProducerIdsRecord(brokerId=0, brokerEpoch=5, nextProducerId=1000)
2025-06-02 23:45:03 [kafka-0-metadata-loader-event-handler] INFO  kafka.log.UnifiedLog$ - [LogLoader partition=__consumer_offsets-18, dir=C:\Users\melba\AppData\Local\Temp\kafka-6963404728273164374\broker_0_data0] Loading producer state till offset 0 with message format version 2
2025-06-02 23:45:03 [kafka-0-metadata-loader-event-handler] INFO  kafka.log.LogManager - Created log for partition __consumer_offsets-18 in C:\Users\melba\AppData\Local\Temp\kafka-6963404728273164374\broker_0_data0\__consumer_offsets-18 with properties {cleanup.policy=compact, compression.type="producer", segment.bytes=104857600}
2025-06-02 23:45:03 [kafka-0-metadata-loader-event-handler] INFO  kafka.cluster.Partition - [Partition __consumer_offsets-18 broker=0] No checkpointed highwatermark is found for partition __consumer_offsets-18
2025-06-02 23:45:03 [kafka-0-metadata-loader-event-handler] INFO  kafka.cluster.Partition - [Partition __consumer_offsets-18 broker=0] Log loaded for partition __consumer_offsets-18 with initial high watermark 0
2025-06-02 23:45:03 [kafka-0-metadata-loader-event-handler] INFO  state.change.logger - [Broker id=0] Leader __consumer_offsets-18 with topic id Some(3b87RWq5TMyfmmYe8HrxDA) starts at leader epoch 0 from offset 0 with partition epoch 0, high watermark 0, ISR [0], adding replicas [] and removing replicas [] . Previous leader None and previous leader epoch was -1.
2025-06-02 23:45:03 [kafka-0-metadata-loader-event-handler] INFO  state.change.logger - [Broker id=0] Creating new partition __consumer_offsets-31 with topic id 3b87RWq5TMyfmmYe8HrxDA.
2025-06-02 23:45:03 [kafka-0-metadata-loader-event-handler] INFO  kafka.log.UnifiedLog$ - [LogLoader partition=__consumer_offsets-31, dir=C:\Users\melba\AppData\Local\Temp\kafka-6963404728273164374\broker_0_data0] Loading producer state till offset 0 with message format version 2
2025-06-02 23:45:03 [kafka-0-metadata-loader-event-handler] INFO  kafka.log.LogManager - Created log for partition __consumer_offsets-31 in C:\Users\melba\AppData\Local\Temp\kafka-6963404728273164374\broker_0_data0\__consumer_offsets-31 with properties {cleanup.policy=compact, compression.type="producer", segment.bytes=104857600}
2025-06-02 23:45:03 [kafka-0-metadata-loader-event-handler] INFO  kafka.cluster.Partition - [Partition __consumer_offsets-31 broker=0] No checkpointed highwatermark is found for partition __consumer_offsets-31
2025-06-02 23:45:03 [kafka-0-metadata-loader-event-handler] INFO  kafka.cluster.Partition - [Partition __consumer_offsets-31 broker=0] Log loaded for partition __consumer_offsets-31 with initial high watermark 0
2025-06-02 23:45:03 [kafka-0-metadata-loader-event-handler] INFO  state.change.logger - [Broker id=0] Leader __consumer_offsets-31 with topic id Some(3b87RWq5TMyfmmYe8HrxDA) starts at leader epoch 0 from offset 0 with partition epoch 0, high watermark 0, ISR [0], adding replicas [] and removing replicas [] . Previous leader None and previous leader epoch was -1.
2025-06-02 23:45:03 [kafka-0-metadata-loader-event-handler] INFO  state.change.logger - [Broker id=0] Creating new partition __consumer_offsets-27 with topic id 3b87RWq5TMyfmmYe8HrxDA.
2025-06-02 23:45:03 [kafka-0-metadata-loader-event-handler] INFO  kafka.log.UnifiedLog$ - [LogLoader partition=__consumer_offsets-27, dir=C:\Users\melba\AppData\Local\Temp\kafka-6963404728273164374\broker_0_data0] Loading producer state till offset 0 with message format version 2
2025-06-02 23:45:03 [kafka-0-metadata-loader-event-handler] INFO  kafka.log.LogManager - Created log for partition __consumer_offsets-27 in C:\Users\melba\AppData\Local\Temp\kafka-6963404728273164374\broker_0_data0\__consumer_offsets-27 with properties {cleanup.policy=compact, compression.type="producer", segment.bytes=104857600}
2025-06-02 23:45:03 [kafka-0-metadata-loader-event-handler] INFO  kafka.cluster.Partition - [Partition __consumer_offsets-27 broker=0] No checkpointed highwatermark is found for partition __consumer_offsets-27
2025-06-02 23:45:03 [kafka-0-metadata-loader-event-handler] INFO  kafka.cluster.Partition - [Partition __consumer_offsets-27 broker=0] Log loaded for partition __consumer_offsets-27 with initial high watermark 0
2025-06-02 23:45:03 [kafka-0-metadata-loader-event-handler] INFO  state.change.logger - [Broker id=0] Leader __consumer_offsets-27 with topic id Some(3b87RWq5TMyfmmYe8HrxDA) starts at leader epoch 0 from offset 0 with partition epoch 0, high watermark 0, ISR [0], adding replicas [] and removing replicas [] . Previous leader None and previous leader epoch was -1.
2025-06-02 23:45:03 [kafka-0-metadata-loader-event-handler] INFO  state.change.logger - [Broker id=0] Creating new partition __consumer_offsets-39 with topic id 3b87RWq5TMyfmmYe8HrxDA.
2025-06-02 23:45:03 [kafka-0-metadata-loader-event-handler] INFO  kafka.log.UnifiedLog$ - [LogLoader partition=__consumer_offsets-39, dir=C:\Users\melba\AppData\Local\Temp\kafka-6963404728273164374\broker_0_data0] Loading producer state till offset 0 with message format version 2
2025-06-02 23:45:03 [kafka-0-metadata-loader-event-handler] INFO  kafka.log.LogManager - Created log for partition __consumer_offsets-39 in C:\Users\melba\AppData\Local\Temp\kafka-6963404728273164374\broker_0_data0\__consumer_offsets-39 with properties {cleanup.policy=compact, compression.type="producer", segment.bytes=104857600}
2025-06-02 23:45:03 [kafka-0-metadata-loader-event-handler] INFO  kafka.cluster.Partition - [Partition __consumer_offsets-39 broker=0] No checkpointed highwatermark is found for partition __consumer_offsets-39
2025-06-02 23:45:03 [kafka-0-metadata-loader-event-handler] INFO  kafka.cluster.Partition - [Partition __consumer_offsets-39 broker=0] Log loaded for partition __consumer_offsets-39 with initial high watermark 0
2025-06-02 23:45:03 [kafka-0-metadata-loader-event-handler] INFO  state.change.logger - [Broker id=0] Leader __consumer_offsets-39 with topic id Some(3b87RWq5TMyfmmYe8HrxDA) starts at leader epoch 0 from offset 0 with partition epoch 0, high watermark 0, ISR [0], adding replicas [] and removing replicas [] . Previous leader None and previous leader epoch was -1.
2025-06-02 23:45:03 [kafka-0-metadata-loader-event-handler] INFO  state.change.logger - [Broker id=0] Creating new partition __consumer_offsets-6 with topic id 3b87RWq5TMyfmmYe8HrxDA.
2025-06-02 23:45:03 [kafka-0-metadata-loader-event-handler] INFO  kafka.log.UnifiedLog$ - [LogLoader partition=__consumer_offsets-6, dir=C:\Users\melba\AppData\Local\Temp\kafka-6963404728273164374\broker_0_data0] Loading producer state till offset 0 with message format version 2
2025-06-02 23:45:03 [kafka-0-metadata-loader-event-handler] INFO  kafka.log.LogManager - Created log for partition __consumer_offsets-6 in C:\Users\melba\AppData\Local\Temp\kafka-6963404728273164374\broker_0_data0\__consumer_offsets-6 with properties {cleanup.policy=compact, compression.type="producer", segment.bytes=104857600}
2025-06-02 23:45:03 [kafka-0-metadata-loader-event-handler] INFO  kafka.cluster.Partition - [Partition __consumer_offsets-6 broker=0] No checkpointed highwatermark is found for partition __consumer_offsets-6
2025-06-02 23:45:03 [kafka-0-metadata-loader-event-handler] INFO  kafka.cluster.Partition - [Partition __consumer_offsets-6 broker=0] Log loaded for partition __consumer_offsets-6 with initial high watermark 0
2025-06-02 23:45:03 [kafka-0-metadata-loader-event-handler] INFO  state.change.logger - [Broker id=0] Leader __consumer_offsets-6 with topic id Some(3b87RWq5TMyfmmYe8HrxDA) starts at leader epoch 0 from offset 0 with partition epoch 0, high watermark 0, ISR [0], adding replicas [] and removing replicas [] . Previous leader None and previous leader epoch was -1.
2025-06-02 23:45:03 [org.springframework.kafka.KafkaListenerEndpointContainer#0-0-C-1] INFO  o.a.k.c.c.i.ConsumerCoordinator - [Consumer clientId=consumer-cdr-group-1, groupId=cdr-group] Discovered group coordinator localhost:57023 (id: 2147483647 rack: null)
2025-06-02 23:45:03 [org.springframework.kafka.KafkaListenerEndpointContainer#0-0-C-1] INFO  o.a.k.c.c.i.ConsumerCoordinator - [Consumer clientId=consumer-cdr-group-1, groupId=cdr-group] Request joining group due to: rebalance failed due to 'This is not the correct coordinator.' (NotCoordinatorException)
2025-06-02 23:45:03 [org.springframework.kafka.KafkaListenerEndpointContainer#0-0-C-1] INFO  o.a.k.c.c.i.ConsumerCoordinator - [Consumer clientId=consumer-cdr-group-1, groupId=cdr-group] (Re-)joining group
2025-06-02 23:45:03 [org.springframework.kafka.KafkaListenerEndpointContainer#0-0-C-1] INFO  o.a.k.c.c.i.ConsumerCoordinator - [Consumer clientId=consumer-cdr-group-1, groupId=cdr-group] Group coordinator localhost:57023 (id: 2147483647 rack: null) is unavailable or invalid due to cause: error response NOT_COORDINATOR. isDisconnected: false. Rediscovery will be attempted.
2025-06-02 23:45:03 [org.springframework.kafka.KafkaListenerEndpointContainer#0-0-C-1] INFO  o.a.k.c.c.i.ConsumerCoordinator - [Consumer clientId=consumer-cdr-group-1, groupId=cdr-group] Requesting disconnect from last known coordinator localhost:57023 (id: 2147483647 rack: null)
2025-06-02 23:45:03 [org.springframework.kafka.KafkaListenerEndpointContainer#0-0-C-1] INFO  o.a.k.c.c.i.ConsumerCoordinator - [Consumer clientId=consumer-cdr-group-1, groupId=cdr-group] JoinGroup failed: This is not the correct coordinator. Marking coordinator unknown. Sent generation was Generation{generationId=-1, memberId='', protocol='null'}
2025-06-02 23:45:03 [org.springframework.kafka.KafkaListenerEndpointContainer#0-0-C-1] INFO  o.apache.kafka.clients.NetworkClient - [Consumer clientId=consumer-cdr-group-1, groupId=cdr-group] Client requested disconnect from node 2147483647
2025-06-02 23:45:03 [kafka-0-metadata-loader-event-handler] INFO  state.change.logger - [Broker id=0] Creating new partition __consumer_offsets-35 with topic id 3b87RWq5TMyfmmYe8HrxDA.
2025-06-02 23:45:03 [org.springframework.kafka.KafkaListenerEndpointContainer#0-0-C-1] INFO  o.a.k.c.c.i.ConsumerCoordinator - [Consumer clientId=consumer-cdr-group-1, groupId=cdr-group] Discovered group coordinator localhost:57023 (id: 2147483647 rack: null)
2025-06-02 23:45:03 [org.springframework.kafka.KafkaListenerEndpointContainer#0-0-C-1] INFO  o.a.k.c.c.i.ConsumerCoordinator - [Consumer clientId=consumer-cdr-group-1, groupId=cdr-group] Group coordinator localhost:57023 (id: 2147483647 rack: null) is unavailable or invalid due to cause: coordinator unavailable. isDisconnected: false. Rediscovery will be attempted.
2025-06-02 23:45:03 [org.springframework.kafka.KafkaListenerEndpointContainer#0-0-C-1] INFO  o.a.k.c.c.i.ConsumerCoordinator - [Consumer clientId=consumer-cdr-group-1, groupId=cdr-group] Requesting disconnect from last known coordinator localhost:57023 (id: 2147483647 rack: null)
2025-06-02 23:45:03 [kafka-0-metadata-loader-event-handler] INFO  kafka.log.UnifiedLog$ - [LogLoader partition=__consumer_offsets-35, dir=C:\Users\melba\AppData\Local\Temp\kafka-6963404728273164374\broker_0_data0] Loading producer state till offset 0 with message format version 2
2025-06-02 23:45:03 [kafka-0-metadata-loader-event-handler] INFO  kafka.log.LogManager - Created log for partition __consumer_offsets-35 in C:\Users\melba\AppData\Local\Temp\kafka-6963404728273164374\broker_0_data0\__consumer_offsets-35 with properties {cleanup.policy=compact, compression.type="producer", segment.bytes=104857600}
2025-06-02 23:45:03 [kafka-0-metadata-loader-event-handler] INFO  kafka.cluster.Partition - [Partition __consumer_offsets-35 broker=0] No checkpointed highwatermark is found for partition __consumer_offsets-35
2025-06-02 23:45:03 [kafka-0-metadata-loader-event-handler] INFO  kafka.cluster.Partition - [Partition __consumer_offsets-35 broker=0] Log loaded for partition __consumer_offsets-35 with initial high watermark 0
2025-06-02 23:45:03 [kafka-0-metadata-loader-event-handler] INFO  state.change.logger - [Broker id=0] Leader __consumer_offsets-35 with topic id Some(3b87RWq5TMyfmmYe8HrxDA) starts at leader epoch 0 from offset 0 with partition epoch 0, high watermark 0, ISR [0], adding replicas [] and removing replicas [] . Previous leader None and previous leader epoch was -1.
2025-06-02 23:45:03 [kafka-0-metadata-loader-event-handler] INFO  state.change.logger - [Broker id=0] Creating new partition __consumer_offsets-2 with topic id 3b87RWq5TMyfmmYe8HrxDA.
2025-06-02 23:45:03 [kafka-0-metadata-loader-event-handler] INFO  kafka.log.UnifiedLog$ - [LogLoader partition=__consumer_offsets-2, dir=C:\Users\melba\AppData\Local\Temp\kafka-6963404728273164374\broker_0_data0] Loading producer state till offset 0 with message format version 2
2025-06-02 23:45:03 [kafka-0-metadata-loader-event-handler] INFO  kafka.log.LogManager - Created log for partition __consumer_offsets-2 in C:\Users\melba\AppData\Local\Temp\kafka-6963404728273164374\broker_0_data0\__consumer_offsets-2 with properties {cleanup.policy=compact, compression.type="producer", segment.bytes=104857600}
2025-06-02 23:45:03 [kafka-0-metadata-loader-event-handler] INFO  kafka.cluster.Partition - [Partition __consumer_offsets-2 broker=0] No checkpointed highwatermark is found for partition __consumer_offsets-2
2025-06-02 23:45:03 [kafka-0-metadata-loader-event-handler] INFO  kafka.cluster.Partition - [Partition __consumer_offsets-2 broker=0] Log loaded for partition __consumer_offsets-2 with initial high watermark 0
2025-06-02 23:45:03 [kafka-0-metadata-loader-event-handler] INFO  state.change.logger - [Broker id=0] Leader __consumer_offsets-2 with topic id Some(3b87RWq5TMyfmmYe8HrxDA) starts at leader epoch 0 from offset 0 with partition epoch 0, high watermark 0, ISR [0], adding replicas [] and removing replicas [] . Previous leader None and previous leader epoch was -1.
2025-06-02 23:45:03 [kafka-0-metadata-loader-event-handler] INFO  k.coordinator.group.GroupCoordinator - [GroupCoordinator 0]: Elected as the group coordinator for partition 13 in epoch 0
2025-06-02 23:45:03 [kafka-0-metadata-loader-event-handler] INFO  k.c.group.GroupMetadataManager - [GroupMetadataManager brokerId=0] Scheduling loading of offsets and group metadata from __consumer_offsets-13 for epoch 0
2025-06-02 23:45:03 [kafka-0-metadata-loader-event-handler] INFO  k.coordinator.group.GroupCoordinator - [GroupCoordinator 0]: Elected as the group coordinator for partition 46 in epoch 0
2025-06-02 23:45:03 [kafka-0-metadata-loader-event-handler] INFO  k.c.group.GroupMetadataManager - [GroupMetadataManager brokerId=0] Scheduling loading of offsets and group metadata from __consumer_offsets-46 for epoch 0
2025-06-02 23:45:03 [kafka-0-metadata-loader-event-handler] INFO  k.coordinator.group.GroupCoordinator - [GroupCoordinator 0]: Elected as the group coordinator for partition 9 in epoch 0
2025-06-02 23:45:03 [kafka-0-metadata-loader-event-handler] INFO  k.c.group.GroupMetadataManager - [GroupMetadataManager brokerId=0] Scheduling loading of offsets and group metadata from __consumer_offsets-9 for epoch 0
2025-06-02 23:45:03 [kafka-0-metadata-loader-event-handler] INFO  k.coordinator.group.GroupCoordinator - [GroupCoordinator 0]: Elected as the group coordinator for partition 42 in epoch 0
2025-06-02 23:45:03 [kafka-0-metadata-loader-event-handler] INFO  k.c.group.GroupMetadataManager - [GroupMetadataManager brokerId=0] Scheduling loading of offsets and group metadata from __consumer_offsets-42 for epoch 0
2025-06-02 23:45:03 [kafka-0-metadata-loader-event-handler] INFO  k.coordinator.group.GroupCoordinator - [GroupCoordinator 0]: Elected as the group coordinator for partition 21 in epoch 0
2025-06-02 23:45:03 [kafka-0-metadata-loader-event-handler] INFO  k.c.group.GroupMetadataManager - [GroupMetadataManager brokerId=0] Scheduling loading of offsets and group metadata from __consumer_offsets-21 for epoch 0
2025-06-02 23:45:03 [kafka-0-metadata-loader-event-handler] INFO  k.coordinator.group.GroupCoordinator - [GroupCoordinator 0]: Elected as the group coordinator for partition 17 in epoch 0
2025-06-02 23:45:03 [kafka-0-metadata-loader-event-handler] INFO  k.c.group.GroupMetadataManager - [GroupMetadataManager brokerId=0] Scheduling loading of offsets and group metadata from __consumer_offsets-17 for epoch 0
2025-06-02 23:45:03 [kafka-0-metadata-loader-event-handler] INFO  k.coordinator.group.GroupCoordinator - [GroupCoordinator 0]: Elected as the group coordinator for partition 30 in epoch 0
2025-06-02 23:45:03 [kafka-0-metadata-loader-event-handler] INFO  k.c.group.GroupMetadataManager - [GroupMetadataManager brokerId=0] Scheduling loading of offsets and group metadata from __consumer_offsets-30 for epoch 0
2025-06-02 23:45:03 [kafka-0-metadata-loader-event-handler] INFO  k.coordinator.group.GroupCoordinator - [GroupCoordinator 0]: Elected as the group coordinator for partition 26 in epoch 0
2025-06-02 23:45:03 [kafka-0-metadata-loader-event-handler] INFO  k.c.group.GroupMetadataManager - [GroupMetadataManager brokerId=0] Scheduling loading of offsets and group metadata from __consumer_offsets-26 for epoch 0
2025-06-02 23:45:03 [kafka-0-metadata-loader-event-handler] INFO  k.coordinator.group.GroupCoordinator - [GroupCoordinator 0]: Elected as the group coordinator for partition 5 in epoch 0
2025-06-02 23:45:03 [kafka-0-metadata-loader-event-handler] INFO  k.c.group.GroupMetadataManager - [GroupMetadataManager brokerId=0] Scheduling loading of offsets and group metadata from __consumer_offsets-5 for epoch 0
2025-06-02 23:45:03 [kafka-0-metadata-loader-event-handler] INFO  k.coordinator.group.GroupCoordinator - [GroupCoordinator 0]: Elected as the group coordinator for partition 38 in epoch 0
2025-06-02 23:45:03 [kafka-0-metadata-loader-event-handler] INFO  k.c.group.GroupMetadataManager - [GroupMetadataManager brokerId=0] Scheduling loading of offsets and group metadata from __consumer_offsets-38 for epoch 0
2025-06-02 23:45:03 [kafka-0-metadata-loader-event-handler] INFO  k.coordinator.group.GroupCoordinator - [GroupCoordinator 0]: Elected as the group coordinator for partition 1 in epoch 0
2025-06-02 23:45:03 [kafka-0-metadata-loader-event-handler] INFO  k.c.group.GroupMetadataManager - [GroupMetadataManager brokerId=0] Scheduling loading of offsets and group metadata from __consumer_offsets-1 for epoch 0
2025-06-02 23:45:03 [kafka-0-metadata-loader-event-handler] INFO  k.coordinator.group.GroupCoordinator - [GroupCoordinator 0]: Elected as the group coordinator for partition 34 in epoch 0
2025-06-02 23:45:03 [kafka-0-metadata-loader-event-handler] INFO  k.c.group.GroupMetadataManager - [GroupMetadataManager brokerId=0] Scheduling loading of offsets and group metadata from __consumer_offsets-34 for epoch 0
2025-06-02 23:45:03 [kafka-0-metadata-loader-event-handler] INFO  k.coordinator.group.GroupCoordinator - [GroupCoordinator 0]: Elected as the group coordinator for partition 16 in epoch 0
2025-06-02 23:45:03 [kafka-0-metadata-loader-event-handler] INFO  k.c.group.GroupMetadataManager - [GroupMetadataManager brokerId=0] Scheduling loading of offsets and group metadata from __consumer_offsets-16 for epoch 0
2025-06-02 23:45:03 [kafka-0-metadata-loader-event-handler] INFO  k.coordinator.group.GroupCoordinator - [GroupCoordinator 0]: Elected as the group coordinator for partition 45 in epoch 0
2025-06-02 23:45:03 [kafka-0-metadata-loader-event-handler] INFO  k.c.group.GroupMetadataManager - [GroupMetadataManager brokerId=0] Scheduling loading of offsets and group metadata from __consumer_offsets-45 for epoch 0
2025-06-02 23:45:03 [kafka-0-metadata-loader-event-handler] INFO  k.coordinator.group.GroupCoordinator - [GroupCoordinator 0]: Elected as the group coordinator for partition 12 in epoch 0
2025-06-02 23:45:03 [kafka-0-metadata-loader-event-handler] INFO  k.c.group.GroupMetadataManager - [GroupMetadataManager brokerId=0] Scheduling loading of offsets and group metadata from __consumer_offsets-12 for epoch 0
2025-06-02 23:45:03 [kafka-0-metadata-loader-event-handler] INFO  k.coordinator.group.GroupCoordinator - [GroupCoordinator 0]: Elected as the group coordinator for partition 41 in epoch 0
2025-06-02 23:45:03 [kafka-0-metadata-loader-event-handler] INFO  k.c.group.GroupMetadataManager - [GroupMetadataManager brokerId=0] Scheduling loading of offsets and group metadata from __consumer_offsets-41 for epoch 0
2025-06-02 23:45:03 [kafka-0-metadata-loader-event-handler] INFO  k.coordinator.group.GroupCoordinator - [GroupCoordinator 0]: Elected as the group coordinator for partition 24 in epoch 0
2025-06-02 23:45:03 [kafka-0-metadata-loader-event-handler] INFO  k.c.group.GroupMetadataManager - [GroupMetadataManager brokerId=0] Scheduling loading of offsets and group metadata from __consumer_offsets-24 for epoch 0
2025-06-02 23:45:03 [kafka-0-metadata-loader-event-handler] INFO  k.coordinator.group.GroupCoordinator - [GroupCoordinator 0]: Elected as the group coordinator for partition 20 in epoch 0
2025-06-02 23:45:03 [kafka-0-metadata-loader-event-handler] INFO  k.c.group.GroupMetadataManager - [GroupMetadataManager brokerId=0] Scheduling loading of offsets and group metadata from __consumer_offsets-20 for epoch 0
2025-06-02 23:45:03 [kafka-0-metadata-loader-event-handler] INFO  k.coordinator.group.GroupCoordinator - [GroupCoordinator 0]: Elected as the group coordinator for partition 49 in epoch 0
2025-06-02 23:45:03 [kafka-0-metadata-loader-event-handler] INFO  k.c.group.GroupMetadataManager - [GroupMetadataManager brokerId=0] Scheduling loading of offsets and group metadata from __consumer_offsets-49 for epoch 0
2025-06-02 23:45:03 [kafka-0-metadata-loader-event-handler] INFO  k.coordinator.group.GroupCoordinator - [GroupCoordinator 0]: Elected as the group coordinator for partition 0 in epoch 0
2025-06-02 23:45:03 [kafka-0-metadata-loader-event-handler] INFO  k.c.group.GroupMetadataManager - [GroupMetadataManager brokerId=0] Scheduling loading of offsets and group metadata from __consumer_offsets-0 for epoch 0
2025-06-02 23:45:03 [kafka-0-metadata-loader-event-handler] INFO  k.coordinator.group.GroupCoordinator - [GroupCoordinator 0]: Elected as the group coordinator for partition 29 in epoch 0
2025-06-02 23:45:03 [kafka-0-metadata-loader-event-handler] INFO  k.c.group.GroupMetadataManager - [GroupMetadataManager brokerId=0] Scheduling loading of offsets and group metadata from __consumer_offsets-29 for epoch 0
2025-06-02 23:45:03 [kafka-0-metadata-loader-event-handler] INFO  k.coordinator.group.GroupCoordinator - [GroupCoordinator 0]: Elected as the group coordinator for partition 25 in epoch 0
2025-06-02 23:45:03 [kafka-0-metadata-loader-event-handler] INFO  k.c.group.GroupMetadataManager - [GroupMetadataManager brokerId=0] Scheduling loading of offsets and group metadata from __consumer_offsets-25 for epoch 0
2025-06-02 23:45:03 [kafka-0-metadata-loader-event-handler] INFO  k.coordinator.group.GroupCoordinator - [GroupCoordinator 0]: Elected as the group coordinator for partition 8 in epoch 0
2025-06-02 23:45:03 [kafka-0-metadata-loader-event-handler] INFO  k.c.group.GroupMetadataManager - [GroupMetadataManager brokerId=0] Scheduling loading of offsets and group metadata from __consumer_offsets-8 for epoch 0
2025-06-02 23:45:03 [kafka-0-metadata-loader-event-handler] INFO  k.coordinator.group.GroupCoordinator - [GroupCoordinator 0]: Elected as the group coordinator for partition 37 in epoch 0
2025-06-02 23:45:03 [kafka-0-metadata-loader-event-handler] INFO  k.c.group.GroupMetadataManager - [GroupMetadataManager brokerId=0] Scheduling loading of offsets and group metadata from __consumer_offsets-37 for epoch 0
2025-06-02 23:45:03 [kafka-0-metadata-loader-event-handler] INFO  k.coordinator.group.GroupCoordinator - [GroupCoordinator 0]: Elected as the group coordinator for partition 4 in epoch 0
2025-06-02 23:45:03 [kafka-0-metadata-loader-event-handler] INFO  k.c.group.GroupMetadataManager - [GroupMetadataManager brokerId=0] Scheduling loading of offsets and group metadata from __consumer_offsets-4 for epoch 0
2025-06-02 23:45:03 [kafka-0-metadata-loader-event-handler] INFO  k.coordinator.group.GroupCoordinator - [GroupCoordinator 0]: Elected as the group coordinator for partition 33 in epoch 0
2025-06-02 23:45:03 [kafka-0-metadata-loader-event-handler] INFO  k.c.group.GroupMetadataManager - [GroupMetadataManager brokerId=0] Scheduling loading of offsets and group metadata from __consumer_offsets-33 for epoch 0
2025-06-02 23:45:03 [kafka-0-metadata-loader-event-handler] INFO  k.coordinator.group.GroupCoordinator - [GroupCoordinator 0]: Elected as the group coordinator for partition 15 in epoch 0
2025-06-02 23:45:03 [kafka-0-metadata-loader-event-handler] INFO  k.c.group.GroupMetadataManager - [GroupMetadataManager brokerId=0] Scheduling loading of offsets and group metadata from __consumer_offsets-15 for epoch 0
2025-06-02 23:45:03 [kafka-0-metadata-loader-event-handler] INFO  k.coordinator.group.GroupCoordinator - [GroupCoordinator 0]: Elected as the group coordinator for partition 48 in epoch 0
2025-06-02 23:45:03 [kafka-0-metadata-loader-event-handler] INFO  k.c.group.GroupMetadataManager - [GroupMetadataManager brokerId=0] Scheduling loading of offsets and group metadata from __consumer_offsets-48 for epoch 0
2025-06-02 23:45:03 [kafka-0-metadata-loader-event-handler] INFO  k.coordinator.group.GroupCoordinator - [GroupCoordinator 0]: Elected as the group coordinator for partition 11 in epoch 0
2025-06-02 23:45:03 [kafka-0-metadata-loader-event-handler] INFO  k.c.group.GroupMetadataManager - [GroupMetadataManager brokerId=0] Scheduling loading of offsets and group metadata from __consumer_offsets-11 for epoch 0
2025-06-02 23:45:03 [kafka-0-metadata-loader-event-handler] INFO  k.coordinator.group.GroupCoordinator - [GroupCoordinator 0]: Elected as the group coordinator for partition 44 in epoch 0
2025-06-02 23:45:03 [kafka-0-metadata-loader-event-handler] INFO  k.c.group.GroupMetadataManager - [GroupMetadataManager brokerId=0] Scheduling loading of offsets and group metadata from __consumer_offsets-44 for epoch 0
2025-06-02 23:45:03 [kafka-0-metadata-loader-event-handler] INFO  k.coordinator.group.GroupCoordinator - [GroupCoordinator 0]: Elected as the group coordinator for partition 23 in epoch 0
2025-06-02 23:45:03 [kafka-0-metadata-loader-event-handler] INFO  k.c.group.GroupMetadataManager - [GroupMetadataManager brokerId=0] Scheduling loading of offsets and group metadata from __consumer_offsets-23 for epoch 0
2025-06-02 23:45:03 [kafka-0-metadata-loader-event-handler] INFO  k.coordinator.group.GroupCoordinator - [GroupCoordinator 0]: Elected as the group coordinator for partition 19 in epoch 0
2025-06-02 23:45:03 [kafka-0-metadata-loader-event-handler] INFO  k.c.group.GroupMetadataManager - [GroupMetadataManager brokerId=0] Scheduling loading of offsets and group metadata from __consumer_offsets-19 for epoch 0
2025-06-02 23:45:03 [kafka-0-metadata-loader-event-handler] INFO  k.coordinator.group.GroupCoordinator - [GroupCoordinator 0]: Elected as the group coordinator for partition 32 in epoch 0
2025-06-02 23:45:03 [kafka-0-metadata-loader-event-handler] INFO  k.c.group.GroupMetadataManager - [GroupMetadataManager brokerId=0] Scheduling loading of offsets and group metadata from __consumer_offsets-32 for epoch 0
2025-06-02 23:45:03 [kafka-0-metadata-loader-event-handler] INFO  k.coordinator.group.GroupCoordinator - [GroupCoordinator 0]: Elected as the group coordinator for partition 28 in epoch 0
2025-06-02 23:45:03 [kafka-0-metadata-loader-event-handler] INFO  k.c.group.GroupMetadataManager - [GroupMetadataManager brokerId=0] Scheduling loading of offsets and group metadata from __consumer_offsets-28 for epoch 0
2025-06-02 23:45:03 [kafka-0-metadata-loader-event-handler] INFO  k.coordinator.group.GroupCoordinator - [GroupCoordinator 0]: Elected as the group coordinator for partition 7 in epoch 0
2025-06-02 23:45:03 [kafka-0-metadata-loader-event-handler] INFO  k.c.group.GroupMetadataManager - [GroupMetadataManager brokerId=0] Scheduling loading of offsets and group metadata from __consumer_offsets-7 for epoch 0
2025-06-02 23:45:03 [kafka-0-metadata-loader-event-handler] INFO  k.coordinator.group.GroupCoordinator - [GroupCoordinator 0]: Elected as the group coordinator for partition 40 in epoch 0
2025-06-02 23:45:03 [kafka-0-metadata-loader-event-handler] INFO  k.c.group.GroupMetadataManager - [GroupMetadataManager brokerId=0] Scheduling loading of offsets and group metadata from __consumer_offsets-40 for epoch 0
2025-06-02 23:45:03 [kafka-0-metadata-loader-event-handler] INFO  k.coordinator.group.GroupCoordinator - [GroupCoordinator 0]: Elected as the group coordinator for partition 3 in epoch 0
2025-06-02 23:45:03 [kafka-0-metadata-loader-event-handler] INFO  k.c.group.GroupMetadataManager - [GroupMetadataManager brokerId=0] Scheduling loading of offsets and group metadata from __consumer_offsets-3 for epoch 0
2025-06-02 23:45:03 [kafka-0-metadata-loader-event-handler] INFO  k.coordinator.group.GroupCoordinator - [GroupCoordinator 0]: Elected as the group coordinator for partition 36 in epoch 0
2025-06-02 23:45:03 [kafka-0-metadata-loader-event-handler] INFO  k.c.group.GroupMetadataManager - [GroupMetadataManager brokerId=0] Scheduling loading of offsets and group metadata from __consumer_offsets-36 for epoch 0
2025-06-02 23:45:03 [kafka-0-metadata-loader-event-handler] INFO  k.coordinator.group.GroupCoordinator - [GroupCoordinator 0]: Elected as the group coordinator for partition 47 in epoch 0
2025-06-02 23:45:03 [kafka-0-metadata-loader-event-handler] INFO  k.c.group.GroupMetadataManager - [GroupMetadataManager brokerId=0] Scheduling loading of offsets and group metadata from __consumer_offsets-47 for epoch 0
2025-06-02 23:45:03 [kafka-0-metadata-loader-event-handler] INFO  k.coordinator.group.GroupCoordinator - [GroupCoordinator 0]: Elected as the group coordinator for partition 14 in epoch 0
2025-06-02 23:45:03 [kafka-0-metadata-loader-event-handler] INFO  k.c.group.GroupMetadataManager - [GroupMetadataManager brokerId=0] Scheduling loading of offsets and group metadata from __consumer_offsets-14 for epoch 0
2025-06-02 23:45:03 [kafka-0-metadata-loader-event-handler] INFO  k.coordinator.group.GroupCoordinator - [GroupCoordinator 0]: Elected as the group coordinator for partition 43 in epoch 0
2025-06-02 23:45:03 [kafka-0-metadata-loader-event-handler] INFO  k.c.group.GroupMetadataManager - [GroupMetadataManager brokerId=0] Scheduling loading of offsets and group metadata from __consumer_offsets-43 for epoch 0
2025-06-02 23:45:03 [kafka-0-metadata-loader-event-handler] INFO  k.coordinator.group.GroupCoordinator - [GroupCoordinator 0]: Elected as the group coordinator for partition 10 in epoch 0
2025-06-02 23:45:03 [kafka-0-metadata-loader-event-handler] INFO  k.c.group.GroupMetadataManager - [GroupMetadataManager brokerId=0] Scheduling loading of offsets and group metadata from __consumer_offsets-10 for epoch 0
2025-06-02 23:45:03 [kafka-0-metadata-loader-event-handler] INFO  k.coordinator.group.GroupCoordinator - [GroupCoordinator 0]: Elected as the group coordinator for partition 22 in epoch 0
2025-06-02 23:45:03 [kafka-0-metadata-loader-event-handler] INFO  k.c.group.GroupMetadataManager - [GroupMetadataManager brokerId=0] Scheduling loading of offsets and group metadata from __consumer_offsets-22 for epoch 0
2025-06-02 23:45:03 [kafka-0-metadata-loader-event-handler] INFO  k.coordinator.group.GroupCoordinator - [GroupCoordinator 0]: Elected as the group coordinator for partition 18 in epoch 0
2025-06-02 23:45:03 [kafka-0-metadata-loader-event-handler] INFO  k.c.group.GroupMetadataManager - [GroupMetadataManager brokerId=0] Scheduling loading of offsets and group metadata from __consumer_offsets-18 for epoch 0
2025-06-02 23:45:03 [kafka-0-metadata-loader-event-handler] INFO  k.coordinator.group.GroupCoordinator - [GroupCoordinator 0]: Elected as the group coordinator for partition 31 in epoch 0
2025-06-02 23:45:03 [kafka-0-metadata-loader-event-handler] INFO  k.c.group.GroupMetadataManager - [GroupMetadataManager brokerId=0] Scheduling loading of offsets and group metadata from __consumer_offsets-31 for epoch 0
2025-06-02 23:45:03 [kafka-0-metadata-loader-event-handler] INFO  k.coordinator.group.GroupCoordinator - [GroupCoordinator 0]: Elected as the group coordinator for partition 27 in epoch 0
2025-06-02 23:45:03 [kafka-0-metadata-loader-event-handler] INFO  k.c.group.GroupMetadataManager - [GroupMetadataManager brokerId=0] Scheduling loading of offsets and group metadata from __consumer_offsets-27 for epoch 0
2025-06-02 23:45:03 [kafka-0-metadata-loader-event-handler] INFO  k.coordinator.group.GroupCoordinator - [GroupCoordinator 0]: Elected as the group coordinator for partition 39 in epoch 0
2025-06-02 23:45:03 [kafka-0-metadata-loader-event-handler] INFO  k.c.group.GroupMetadataManager - [GroupMetadataManager brokerId=0] Scheduling loading of offsets and group metadata from __consumer_offsets-39 for epoch 0
2025-06-02 23:45:03 [kafka-0-metadata-loader-event-handler] INFO  k.coordinator.group.GroupCoordinator - [GroupCoordinator 0]: Elected as the group coordinator for partition 6 in epoch 0
2025-06-02 23:45:03 [kafka-0-metadata-loader-event-handler] INFO  k.c.group.GroupMetadataManager - [GroupMetadataManager brokerId=0] Scheduling loading of offsets and group metadata from __consumer_offsets-6 for epoch 0
2025-06-02 23:45:03 [kafka-0-metadata-loader-event-handler] INFO  k.coordinator.group.GroupCoordinator - [GroupCoordinator 0]: Elected as the group coordinator for partition 35 in epoch 0
2025-06-02 23:45:03 [kafka-0-metadata-loader-event-handler] INFO  k.c.group.GroupMetadataManager - [GroupMetadataManager brokerId=0] Scheduling loading of offsets and group metadata from __consumer_offsets-35 for epoch 0
2025-06-02 23:45:03 [kafka-0-metadata-loader-event-handler] INFO  k.coordinator.group.GroupCoordinator - [GroupCoordinator 0]: Elected as the group coordinator for partition 2 in epoch 0
2025-06-02 23:45:03 [kafka-0-metadata-loader-event-handler] INFO  k.c.group.GroupMetadataManager - [GroupMetadataManager brokerId=0] Scheduling loading of offsets and group metadata from __consumer_offsets-2 for epoch 0
2025-06-02 23:45:03 [group-metadata-manager-0] INFO  k.c.group.GroupMetadataManager - [GroupMetadataManager brokerId=0] Finished loading offsets and group metadata from __consumer_offsets-13 in 5 milliseconds for epoch 0, of which 1 milliseconds was spent in the scheduler.
2025-06-02 23:45:03 [group-metadata-manager-0] INFO  k.c.group.GroupMetadataManager - [GroupMetadataManager brokerId=0] Finished loading offsets and group metadata from __consumer_offsets-46 in 6 milliseconds for epoch 0, of which 5 milliseconds was spent in the scheduler.
2025-06-02 23:45:03 [kafka-0-metadata-loader-event-handler] INFO  k.s.metadata.DynamicConfigPublisher - [DynamicConfigPublisher broker id=0] Updating topic __consumer_offsets with new configuration : compression.type -> producer,cleanup.policy -> compact,segment.bytes -> 104857600
2025-06-02 23:45:03 [group-metadata-manager-0] INFO  k.c.group.GroupMetadataManager - [GroupMetadataManager brokerId=0] Finished loading offsets and group metadata from __consumer_offsets-9 in 6 milliseconds for epoch 0, of which 6 milliseconds was spent in the scheduler.
2025-06-02 23:45:03 [group-metadata-manager-0] INFO  k.c.group.GroupMetadataManager - [GroupMetadataManager brokerId=0] Finished loading offsets and group metadata from __consumer_offsets-42 in 6 milliseconds for epoch 0, of which 6 milliseconds was spent in the scheduler.
2025-06-02 23:45:03 [group-metadata-manager-0] INFO  k.c.group.GroupMetadataManager - [GroupMetadataManager brokerId=0] Finished loading offsets and group metadata from __consumer_offsets-21 in 6 milliseconds for epoch 0, of which 6 milliseconds was spent in the scheduler.
2025-06-02 23:45:03 [group-metadata-manager-0] INFO  k.c.group.GroupMetadataManager - [GroupMetadataManager brokerId=0] Finished loading offsets and group metadata from __consumer_offsets-17 in 6 milliseconds for epoch 0, of which 6 milliseconds was spent in the scheduler.
2025-06-02 23:45:03 [group-metadata-manager-0] INFO  k.c.group.GroupMetadataManager - [GroupMetadataManager brokerId=0] Finished loading offsets and group metadata from __consumer_offsets-30 in 6 milliseconds for epoch 0, of which 6 milliseconds was spent in the scheduler.
2025-06-02 23:45:03 [group-metadata-manager-0] INFO  k.c.group.GroupMetadataManager - [GroupMetadataManager brokerId=0] Finished loading offsets and group metadata from __consumer_offsets-26 in 6 milliseconds for epoch 0, of which 6 milliseconds was spent in the scheduler.
2025-06-02 23:45:03 [group-metadata-manager-0] INFO  k.c.group.GroupMetadataManager - [GroupMetadataManager brokerId=0] Finished loading offsets and group metadata from __consumer_offsets-5 in 6 milliseconds for epoch 0, of which 6 milliseconds was spent in the scheduler.
2025-06-02 23:45:03 [group-metadata-manager-0] INFO  k.c.group.GroupMetadataManager - [GroupMetadataManager brokerId=0] Finished loading offsets and group metadata from __consumer_offsets-38 in 6 milliseconds for epoch 0, of which 6 milliseconds was spent in the scheduler.
2025-06-02 23:45:03 [group-metadata-manager-0] INFO  k.c.group.GroupMetadataManager - [GroupMetadataManager brokerId=0] Finished loading offsets and group metadata from __consumer_offsets-1 in 6 milliseconds for epoch 0, of which 6 milliseconds was spent in the scheduler.
2025-06-02 23:45:03 [group-metadata-manager-0] INFO  k.c.group.GroupMetadataManager - [GroupMetadataManager brokerId=0] Finished loading offsets and group metadata from __consumer_offsets-34 in 7 milliseconds for epoch 0, of which 6 milliseconds was spent in the scheduler.
2025-06-02 23:45:03 [group-metadata-manager-0] INFO  k.c.group.GroupMetadataManager - [GroupMetadataManager brokerId=0] Finished loading offsets and group metadata from __consumer_offsets-16 in 7 milliseconds for epoch 0, of which 7 milliseconds was spent in the scheduler.
2025-06-02 23:45:03 [group-metadata-manager-0] INFO  k.c.group.GroupMetadataManager - [GroupMetadataManager brokerId=0] Finished loading offsets and group metadata from __consumer_offsets-45 in 7 milliseconds for epoch 0, of which 7 milliseconds was spent in the scheduler.
2025-06-02 23:45:03 [group-metadata-manager-0] INFO  k.c.group.GroupMetadataManager - [GroupMetadataManager brokerId=0] Finished loading offsets and group metadata from __consumer_offsets-12 in 7 milliseconds for epoch 0, of which 7 milliseconds was spent in the scheduler.
2025-06-02 23:45:03 [group-metadata-manager-0] INFO  k.c.group.GroupMetadataManager - [GroupMetadataManager brokerId=0] Finished loading offsets and group metadata from __consumer_offsets-41 in 7 milliseconds for epoch 0, of which 7 milliseconds was spent in the scheduler.
2025-06-02 23:45:03 [group-metadata-manager-0] INFO  k.c.group.GroupMetadataManager - [GroupMetadataManager brokerId=0] Finished loading offsets and group metadata from __consumer_offsets-24 in 7 milliseconds for epoch 0, of which 7 milliseconds was spent in the scheduler.
2025-06-02 23:45:03 [group-metadata-manager-0] INFO  k.c.group.GroupMetadataManager - [GroupMetadataManager brokerId=0] Finished loading offsets and group metadata from __consumer_offsets-20 in 8 milliseconds for epoch 0, of which 7 milliseconds was spent in the scheduler.
2025-06-02 23:45:03 [group-metadata-manager-0] INFO  k.c.group.GroupMetadataManager - [GroupMetadataManager brokerId=0] Finished loading offsets and group metadata from __consumer_offsets-49 in 8 milliseconds for epoch 0, of which 8 milliseconds was spent in the scheduler.
2025-06-02 23:45:03 [group-metadata-manager-0] INFO  k.c.group.GroupMetadataManager - [GroupMetadataManager brokerId=0] Finished loading offsets and group metadata from __consumer_offsets-0 in 8 milliseconds for epoch 0, of which 8 milliseconds was spent in the scheduler.
2025-06-02 23:45:03 [group-metadata-manager-0] INFO  k.c.group.GroupMetadataManager - [GroupMetadataManager brokerId=0] Finished loading offsets and group metadata from __consumer_offsets-29 in 8 milliseconds for epoch 0, of which 8 milliseconds was spent in the scheduler.
2025-06-02 23:45:03 [group-metadata-manager-0] INFO  k.c.group.GroupMetadataManager - [GroupMetadataManager brokerId=0] Finished loading offsets and group metadata from __consumer_offsets-25 in 8 milliseconds for epoch 0, of which 8 milliseconds was spent in the scheduler.
2025-06-02 23:45:03 [group-metadata-manager-0] INFO  k.c.group.GroupMetadataManager - [GroupMetadataManager brokerId=0] Finished loading offsets and group metadata from __consumer_offsets-8 in 8 milliseconds for epoch 0, of which 8 milliseconds was spent in the scheduler.
2025-06-02 23:45:03 [group-metadata-manager-0] INFO  k.c.group.GroupMetadataManager - [GroupMetadataManager brokerId=0] Finished loading offsets and group metadata from __consumer_offsets-37 in 8 milliseconds for epoch 0, of which 8 milliseconds was spent in the scheduler.
2025-06-02 23:45:03 [group-metadata-manager-0] INFO  k.c.group.GroupMetadataManager - [GroupMetadataManager brokerId=0] Finished loading offsets and group metadata from __consumer_offsets-4 in 8 milliseconds for epoch 0, of which 8 milliseconds was spent in the scheduler.
2025-06-02 23:45:03 [group-metadata-manager-0] INFO  k.c.group.GroupMetadataManager - [GroupMetadataManager brokerId=0] Finished loading offsets and group metadata from __consumer_offsets-33 in 9 milliseconds for epoch 0, of which 8 milliseconds was spent in the scheduler.
2025-06-02 23:45:03 [group-metadata-manager-0] INFO  k.c.group.GroupMetadataManager - [GroupMetadataManager brokerId=0] Finished loading offsets and group metadata from __consumer_offsets-15 in 9 milliseconds for epoch 0, of which 9 milliseconds was spent in the scheduler.
2025-06-02 23:45:03 [group-metadata-manager-0] INFO  k.c.group.GroupMetadataManager - [GroupMetadataManager brokerId=0] Finished loading offsets and group metadata from __consumer_offsets-48 in 9 milliseconds for epoch 0, of which 9 milliseconds was spent in the scheduler.
2025-06-02 23:45:03 [group-metadata-manager-0] INFO  k.c.group.GroupMetadataManager - [GroupMetadataManager brokerId=0] Finished loading offsets and group metadata from __consumer_offsets-11 in 9 milliseconds for epoch 0, of which 9 milliseconds was spent in the scheduler.
2025-06-02 23:45:03 [group-metadata-manager-0] INFO  k.c.group.GroupMetadataManager - [GroupMetadataManager brokerId=0] Finished loading offsets and group metadata from __consumer_offsets-44 in 9 milliseconds for epoch 0, of which 9 milliseconds was spent in the scheduler.
2025-06-02 23:45:03 [group-metadata-manager-0] INFO  k.c.group.GroupMetadataManager - [GroupMetadataManager brokerId=0] Finished loading offsets and group metadata from __consumer_offsets-23 in 9 milliseconds for epoch 0, of which 9 milliseconds was spent in the scheduler.
2025-06-02 23:45:03 [group-metadata-manager-0] INFO  k.c.group.GroupMetadataManager - [GroupMetadataManager brokerId=0] Finished loading offsets and group metadata from __consumer_offsets-19 in 9 milliseconds for epoch 0, of which 9 milliseconds was spent in the scheduler.
2025-06-02 23:45:03 [group-metadata-manager-0] INFO  k.c.group.GroupMetadataManager - [GroupMetadataManager brokerId=0] Finished loading offsets and group metadata from __consumer_offsets-32 in 9 milliseconds for epoch 0, of which 9 milliseconds was spent in the scheduler.
2025-06-02 23:45:03 [group-metadata-manager-0] INFO  k.c.group.GroupMetadataManager - [GroupMetadataManager brokerId=0] Finished loading offsets and group metadata from __consumer_offsets-28 in 9 milliseconds for epoch 0, of which 9 milliseconds was spent in the scheduler.
2025-06-02 23:45:03 [group-metadata-manager-0] INFO  k.c.group.GroupMetadataManager - [GroupMetadataManager brokerId=0] Finished loading offsets and group metadata from __consumer_offsets-7 in 9 milliseconds for epoch 0, of which 9 milliseconds was spent in the scheduler.
2025-06-02 23:45:03 [group-metadata-manager-0] INFO  k.c.group.GroupMetadataManager - [GroupMetadataManager brokerId=0] Finished loading offsets and group metadata from __consumer_offsets-40 in 9 milliseconds for epoch 0, of which 9 milliseconds was spent in the scheduler.
2025-06-02 23:45:03 [group-metadata-manager-0] INFO  k.c.group.GroupMetadataManager - [GroupMetadataManager brokerId=0] Finished loading offsets and group metadata from __consumer_offsets-3 in 9 milliseconds for epoch 0, of which 9 milliseconds was spent in the scheduler.
2025-06-02 23:45:03 [group-metadata-manager-0] INFO  k.c.group.GroupMetadataManager - [GroupMetadataManager brokerId=0] Finished loading offsets and group metadata from __consumer_offsets-36 in 9 milliseconds for epoch 0, of which 9 milliseconds was spent in the scheduler.
2025-06-02 23:45:03 [group-metadata-manager-0] INFO  k.c.group.GroupMetadataManager - [GroupMetadataManager brokerId=0] Finished loading offsets and group metadata from __consumer_offsets-47 in 10 milliseconds for epoch 0, of which 9 milliseconds was spent in the scheduler.
2025-06-02 23:45:03 [group-metadata-manager-0] INFO  k.c.group.GroupMetadataManager - [GroupMetadataManager brokerId=0] Finished loading offsets and group metadata from __consumer_offsets-14 in 10 milliseconds for epoch 0, of which 10 milliseconds was spent in the scheduler.
2025-06-02 23:45:03 [group-metadata-manager-0] INFO  k.c.group.GroupMetadataManager - [GroupMetadataManager brokerId=0] Finished loading offsets and group metadata from __consumer_offsets-43 in 9 milliseconds for epoch 0, of which 9 milliseconds was spent in the scheduler.
2025-06-02 23:45:03 [group-metadata-manager-0] INFO  k.c.group.GroupMetadataManager - [GroupMetadataManager brokerId=0] Finished loading offsets and group metadata from __consumer_offsets-10 in 9 milliseconds for epoch 0, of which 9 milliseconds was spent in the scheduler.
2025-06-02 23:45:03 [group-metadata-manager-0] INFO  k.c.group.GroupMetadataManager - [GroupMetadataManager brokerId=0] Finished loading offsets and group metadata from __consumer_offsets-22 in 9 milliseconds for epoch 0, of which 9 milliseconds was spent in the scheduler.
2025-06-02 23:45:03 [group-metadata-manager-0] INFO  k.c.group.GroupMetadataManager - [GroupMetadataManager brokerId=0] Finished loading offsets and group metadata from __consumer_offsets-18 in 9 milliseconds for epoch 0, of which 9 milliseconds was spent in the scheduler.
2025-06-02 23:45:03 [group-metadata-manager-0] INFO  k.c.group.GroupMetadataManager - [GroupMetadataManager brokerId=0] Finished loading offsets and group metadata from __consumer_offsets-31 in 9 milliseconds for epoch 0, of which 9 milliseconds was spent in the scheduler.
2025-06-02 23:45:03 [group-metadata-manager-0] INFO  k.c.group.GroupMetadataManager - [GroupMetadataManager brokerId=0] Finished loading offsets and group metadata from __consumer_offsets-27 in 9 milliseconds for epoch 0, of which 9 milliseconds was spent in the scheduler.
2025-06-02 23:45:03 [group-metadata-manager-0] INFO  k.c.group.GroupMetadataManager - [GroupMetadataManager brokerId=0] Finished loading offsets and group metadata from __consumer_offsets-39 in 9 milliseconds for epoch 0, of which 9 milliseconds was spent in the scheduler.
2025-06-02 23:45:03 [group-metadata-manager-0] INFO  k.c.group.GroupMetadataManager - [GroupMetadataManager brokerId=0] Finished loading offsets and group metadata from __consumer_offsets-6 in 9 milliseconds for epoch 0, of which 9 milliseconds was spent in the scheduler.
2025-06-02 23:45:03 [group-metadata-manager-0] INFO  k.c.group.GroupMetadataManager - [GroupMetadataManager brokerId=0] Finished loading offsets and group metadata from __consumer_offsets-35 in 9 milliseconds for epoch 0, of which 9 milliseconds was spent in the scheduler.
2025-06-02 23:45:03 [group-metadata-manager-0] INFO  k.c.group.GroupMetadataManager - [GroupMetadataManager brokerId=0] Finished loading offsets and group metadata from __consumer_offsets-2 in 9 milliseconds for epoch 0, of which 9 milliseconds was spent in the scheduler.
2025-06-02 23:45:03 [org.springframework.kafka.KafkaListenerEndpointContainer#0-0-C-1] INFO  o.a.k.c.c.i.ConsumerCoordinator - [Consumer clientId=consumer-cdr-group-1, groupId=cdr-group] Discovered group coordinator localhost:57023 (id: 2147483647 rack: null)
2025-06-02 23:45:03 [org.springframework.kafka.KafkaListenerEndpointContainer#0-0-C-1] INFO  o.a.k.c.c.i.ConsumerCoordinator - [Consumer clientId=consumer-cdr-group-1, groupId=cdr-group] Request joining group due to: rebalance failed due to 'This is not the correct coordinator.' (NotCoordinatorException)
2025-06-02 23:45:03 [org.springframework.kafka.KafkaListenerEndpointContainer#0-0-C-1] INFO  o.a.k.c.c.i.ConsumerCoordinator - [Consumer clientId=consumer-cdr-group-1, groupId=cdr-group] (Re-)joining group
2025-06-02 23:45:03 [data-plane-kafka-request-handler-1] INFO  k.coordinator.group.GroupCoordinator - [GroupCoordinator 0]: Dynamic member with unknown member id joins group cdr-group in Empty state. Created a new member id consumer-cdr-group-1-7f9fa59b-f707-4293-8529-8a36038c3626 and request the member to rejoin with this id.
2025-06-02 23:45:03 [org.springframework.kafka.KafkaListenerEndpointContainer#0-0-C-1] INFO  o.a.k.c.c.i.ConsumerCoordinator - [Consumer clientId=consumer-cdr-group-1, groupId=cdr-group] Request joining group due to: need to re-join with the given member-id: consumer-cdr-group-1-7f9fa59b-f707-4293-8529-8a36038c3626
2025-06-02 23:45:03 [org.springframework.kafka.KafkaListenerEndpointContainer#0-0-C-1] INFO  o.a.k.c.c.i.ConsumerCoordinator - [Consumer clientId=consumer-cdr-group-1, groupId=cdr-group] Request joining group due to: rebalance failed due to 'The group member needs to have a valid member id before actually entering a consumer group.' (MemberIdRequiredException)
2025-06-02 23:45:03 [org.springframework.kafka.KafkaListenerEndpointContainer#0-0-C-1] INFO  o.a.k.c.c.i.ConsumerCoordinator - [Consumer clientId=consumer-cdr-group-1, groupId=cdr-group] (Re-)joining group
2025-06-02 23:45:03 [data-plane-kafka-request-handler-2] INFO  k.coordinator.group.GroupCoordinator - [GroupCoordinator 0]: Preparing to rebalance group cdr-group in state PreparingRebalance with old generation 0 (__consumer_offsets-19) (reason: Adding new member consumer-cdr-group-1-7f9fa59b-f707-4293-8529-8a36038c3626 with group instance id None; client reason: rebalance failed due to MemberIdRequiredException)
2025-06-02 23:45:03 [executor-Rebalance] INFO  k.coordinator.group.GroupCoordinator - [GroupCoordinator 0]: Stabilized group cdr-group generation 1 (__consumer_offsets-19) with 1 members
2025-06-02 23:45:03 [org.springframework.kafka.KafkaListenerEndpointContainer#0-0-C-1] INFO  o.a.k.c.c.i.ConsumerCoordinator - [Consumer clientId=consumer-cdr-group-1, groupId=cdr-group] Successfully joined group with generation Generation{generationId=1, memberId='consumer-cdr-group-1-7f9fa59b-f707-4293-8529-8a36038c3626', protocol='range'}
2025-06-02 23:45:03 [org.springframework.kafka.KafkaListenerEndpointContainer#0-0-C-1] INFO  o.a.k.c.c.i.ConsumerCoordinator - [Consumer clientId=consumer-cdr-group-1, groupId=cdr-group] Finished assignment for group at generation 1: {consumer-cdr-group-1-7f9fa59b-f707-4293-8529-8a36038c3626=Assignment(partitions=[cdr-topic2-0, cdr-topic2-1, cdr-topic2-2])}
2025-06-02 23:45:03 [data-plane-kafka-request-handler-5] INFO  k.coordinator.group.GroupCoordinator - [GroupCoordinator 0]: Assignment received from leader consumer-cdr-group-1-7f9fa59b-f707-4293-8529-8a36038c3626 for group cdr-group for generation 1. The group has 1 members, 0 of which are static.
2025-06-02 23:45:03 [org.springframework.kafka.KafkaListenerEndpointContainer#0-0-C-1] INFO  o.a.k.c.c.i.ConsumerCoordinator - [Consumer clientId=consumer-cdr-group-1, groupId=cdr-group] Successfully synced group in generation Generation{generationId=1, memberId='consumer-cdr-group-1-7f9fa59b-f707-4293-8529-8a36038c3626', protocol='range'}
2025-06-02 23:45:03 [org.springframework.kafka.KafkaListenerEndpointContainer#0-0-C-1] INFO  o.a.k.c.c.i.ConsumerCoordinator - [Consumer clientId=consumer-cdr-group-1, groupId=cdr-group] Notifying assignor about the new Assignment(partitions=[cdr-topic2-0, cdr-topic2-1, cdr-topic2-2])
2025-06-02 23:45:03 [org.springframework.kafka.KafkaListenerEndpointContainer#0-0-C-1] INFO  o.a.k.c.c.i.ConsumerCoordinator - [Consumer clientId=consumer-cdr-group-1, groupId=cdr-group] Adding newly assigned partitions: cdr-topic2-0, cdr-topic2-1, cdr-topic2-2
2025-06-02 23:45:03 [org.springframework.kafka.KafkaListenerEndpointContainer#0-0-C-1] INFO  o.a.k.c.c.i.ConsumerCoordinator - [Consumer clientId=consumer-cdr-group-1, groupId=cdr-group] Found no committed offset for partition cdr-topic2-0
2025-06-02 23:45:03 [org.springframework.kafka.KafkaListenerEndpointContainer#0-0-C-1] INFO  o.a.k.c.c.i.ConsumerCoordinator - [Consumer clientId=consumer-cdr-group-1, groupId=cdr-group] Found no committed offset for partition cdr-topic2-1
2025-06-02 23:45:03 [org.springframework.kafka.KafkaListenerEndpointContainer#0-0-C-1] INFO  o.a.k.c.c.i.ConsumerCoordinator - [Consumer clientId=consumer-cdr-group-1, groupId=cdr-group] Found no committed offset for partition cdr-topic2-2
2025-06-02 23:45:03 [org.springframework.kafka.KafkaListenerEndpointContainer#0-0-C-1] INFO  o.a.k.c.c.i.SubscriptionState - [Consumer clientId=consumer-cdr-group-1, groupId=cdr-group] Resetting offset for partition cdr-topic2-0 to position FetchPosition{offset=0, offsetEpoch=Optional.empty, currentLeader=LeaderAndEpoch{leader=Optional[localhost:57023 (id: 0 rack: null)], epoch=0}}.
2025-06-02 23:45:03 [org.springframework.kafka.KafkaListenerEndpointContainer#0-0-C-1] INFO  o.a.k.c.c.i.SubscriptionState - [Consumer clientId=consumer-cdr-group-1, groupId=cdr-group] Resetting offset for partition cdr-topic2-1 to position FetchPosition{offset=0, offsetEpoch=Optional.empty, currentLeader=LeaderAndEpoch{leader=Optional[localhost:57023 (id: 0 rack: null)], epoch=0}}.
2025-06-02 23:45:03 [org.springframework.kafka.KafkaListenerEndpointContainer#0-0-C-1] INFO  o.a.k.c.c.i.SubscriptionState - [Consumer clientId=consumer-cdr-group-1, groupId=cdr-group] Resetting offset for partition cdr-topic2-2 to position FetchPosition{offset=0, offsetEpoch=Optional.empty, currentLeader=LeaderAndEpoch{leader=Optional[localhost:57023 (id: 0 rack: null)], epoch=0}}.
2025-06-02 23:45:03 [org.springframework.kafka.KafkaListenerEndpointContainer#0-0-C-1] INFO  o.s.k.l.KafkaMessageListenerContainer - cdr-group: partitions assigned: [cdr-topic2-0, cdr-topic2-1, cdr-topic2-2]
2025-06-02 23:45:04 [kafka-producer-network-thread | producer-1] INFO  o.a.k.c.p.i.TransactionManager - [Producer clientId=producer-1] ProducerId set to 0 with epoch 0
2025-06-02 23:45:04 [org.springframework.kafka.KafkaListenerEndpointContainer#0-0-C-1] ERROR o.s.k.listener.DefaultErrorHandler - Backoff FixedBackOff{interval=0, currentAttempts=1, maxAttempts=0} exhausted for cdr-topic2-0@0
org.springframework.kafka.listener.ListenerExecutionFailedException: Listener method could not be invoked with the incoming message
Endpoint handler details:
Method [public void com.cdr.backend.service.KafkaConsumerService.consume(java.lang.String,org.springframework.kafka.support.Acknowledgment)]
Bean [com.cdr.backend.service.KafkaConsumerService@6b02909d]
	at org.springframework.kafka.listener.KafkaMessageListenerContainer$ListenerConsumer.decorateException(KafkaMessageListenerContainer.java:2942)
	at org.springframework.kafka.listener.KafkaMessageListenerContainer$ListenerConsumer.doInvokeOnMessage(KafkaMessageListenerContainer.java:2887)
	at org.springframework.kafka.listener.KafkaMessageListenerContainer$ListenerConsumer.invokeOnMessage(KafkaMessageListenerContainer.java:2851)
	at org.springframework.kafka.listener.KafkaMessageListenerContainer$ListenerConsumer.lambda$doInvokeRecordListener$55(KafkaMessageListenerContainer.java:2769)
	at io.micrometer.observation.Observation.observe(Observation.java:565)
	at org.springframework.kafka.listener.KafkaMessageListenerContainer$ListenerConsumer.doInvokeRecordListener(KafkaMessageListenerContainer.java:2767)
	at org.springframework.kafka.listener.KafkaMessageListenerContainer$ListenerConsumer.doInvokeWithRecords(KafkaMessageListenerContainer.java:2620)
	at org.springframework.kafka.listener.KafkaMessageListenerContainer$ListenerConsumer.invokeRecordListener(KafkaMessageListenerContainer.java:2506)
	at org.springframework.kafka.listener.KafkaMessageListenerContainer$ListenerConsumer.invokeListener(KafkaMessageListenerContainer.java:2148)
	at org.springframework.kafka.listener.KafkaMessageListenerContainer$ListenerConsumer.invokeIfHaveRecords(KafkaMessageListenerContainer.java:1488)
	at org.springframework.kafka.listener.KafkaMessageListenerContainer$ListenerConsumer.pollAndInvoke(KafkaMessageListenerContainer.java:1453)
	at org.springframework.kafka.listener.KafkaMessageListenerContainer$ListenerConsumer.run(KafkaMessageListenerContainer.java:1323)
	at java.base/java.util.concurrent.CompletableFuture$AsyncRun.run(CompletableFuture.java:1804)
	at java.base/java.lang.Thread.run(Thread.java:840)
	Suppressed: org.springframework.kafka.listener.ListenerExecutionFailedException: Restored Stack Trace
		at org.springframework.kafka.listener.adapter.MessagingMessageListenerAdapter.checkAckArg(MessagingMessageListenerAdapter.java:402)
		at org.springframework.kafka.listener.adapter.MessagingMessageListenerAdapter.invokeHandler(MessagingMessageListenerAdapter.java:380)
		at org.springframework.kafka.listener.adapter.RecordMessagingMessageListenerAdapter.onMessage(RecordMessagingMessageListenerAdapter.java:92)
		at org.springframework.kafka.listener.adapter.RecordMessagingMessageListenerAdapter.onMessage(RecordMessagingMessageListenerAdapter.java:53)
		at org.springframework.kafka.listener.KafkaMessageListenerContainer$ListenerConsumer.doInvokeOnMessage(KafkaMessageListenerContainer.java:2873)
Caused by: org.springframework.messaging.converter.MessageConversionException: Cannot handle message
	at org.springframework.kafka.listener.adapter.MessagingMessageListenerAdapter.invokeHandler(MessagingMessageListenerAdapter.java:380)
	at org.springframework.kafka.listener.adapter.RecordMessagingMessageListenerAdapter.onMessage(RecordMessagingMessageListenerAdapter.java:92)
	at org.springframework.kafka.listener.adapter.RecordMessagingMessageListenerAdapter.onMessage(RecordMessagingMessageListenerAdapter.java:53)
	at org.springframework.kafka.listener.KafkaMessageListenerContainer$ListenerConsumer.doInvokeOnMessage(KafkaMessageListenerContainer.java:2873)
	... 12 common frames omitted
Caused by: org.springframework.messaging.converter.MessageConversionException: Cannot convert from [com.cdr.backend.model.Cdr] to [java.lang.String] for GenericMessage [payload=Cdr{id=null, source='1234567890', destination='9876543210', startTime=2024-03-02T10:00, service='SMS', usage=1}, headers={kafka_offset=0, kafka_consumer=org.springframework.kafka.core.DefaultKafkaConsumerFactory$ExtendedKafkaConsumer@3a546eab, kafka_timestampType=CREATE_TIME, kafka_receivedPartitionId=0, kafka_receivedTopic=cdr-topic2, kafka_receivedTimestamp=1748897103012, kafka_acknowledgment=Acknowledgment for cdr-topic2-0@0, kafka_groupId=cdr-group}]
	at org.springframework.messaging.handler.annotation.support.PayloadMethodArgumentResolver.resolveArgument(PayloadMethodArgumentResolver.java:151)
	at org.springframework.kafka.annotation.KafkaNullAwarePayloadArgumentResolver.resolveArgument(KafkaNullAwarePayloadArgumentResolver.java:48)
	at org.springframework.messaging.handler.invocation.HandlerMethodArgumentResolverComposite.resolveArgument(HandlerMethodArgumentResolverComposite.java:118)
	at org.springframework.messaging.handler.invocation.InvocableHandlerMethod.getMethodArgumentValues(InvocableHandlerMethod.java:147)
	at org.springframework.messaging.handler.invocation.InvocableHandlerMethod.invoke(InvocableHandlerMethod.java:115)
	at org.springframework.kafka.listener.adapter.HandlerAdapter.invoke(HandlerAdapter.java:56)
	at org.springframework.kafka.listener.adapter.MessagingMessageListenerAdapter.invokeHandler(MessagingMessageListenerAdapter.java:376)
	... 15 common frames omitted
]]></system-out>
  </testcase>
</testsuite>